#
# A fatal error has been detected by the Java Runtime Environment:
#
#  Internal Error (javaClasses.cpp:136), pid=3665, tid=139904211171072
#  fatal error: Invalid layout of preloaded class
#
# JRE version:  (7.0_45-b31) (build )
# Java VM: OpenJDK 64-Bit Server VM (24.45-b08 mixed mode linux-amd64 compressed oops)
# Failed to write core dump. Core dumps have been disabled. To enable core dumping, try "ulimit -c unlimited" before starting Java again
#
# If you would like to submit a bug report, please include
# instructions on how to reproduce the bug and visit:
#   http://icedtea.classpath.org/bugzilla
#

---------------  T H R E A D  ---------------

Current thread (0x00007f3df4008800):  JavaThread "Unknown thread" [_thread_in_vm, id=3670, stack(0x00007f3dfcbf3000,0x00007f3dfccf4000)]

Stack: [0x00007f3dfcbf3000,0x00007f3dfccf4000],  sp=0x00007f3dfccf2950,  free space=1022k
Native frames: (J=compiled Java code, j=interpreted, Vv=VM code, C=native code)
V  [libjvm.so+0x929e55]  JVM_handle_linux_signal+0x177685
V  [libjvm.so+0x47a4b4]  dlerror+0x47a4b4
V  [libjvm.so+0x5d370a]  AsyncGetCallTrace+0xdb7ca
V  [libjvm.so+0x5d3d16]  AsyncGetCallTrace+0xdbdd6
V  [libjvm.so+0x8b09bc]  JVM_handle_linux_signal+0xfe1ec
V  [libjvm.so+0x8fb948]  JVM_handle_linux_signal+0x149178
V  [libjvm.so+0x8fbf54]  JVM_handle_linux_signal+0x149784
V  [libjvm.so+0x58842a]  AsyncGetCallTrace+0x904ea
V  [libjvm.so+0x8df21f]  JVM_handle_linux_signal+0x12ca4f
V  [libjvm.so+0x5f1bd4]  JNI_CreateJavaVM+0x54
C  [libjli.so+0x29b8]  getenv+0x29b8


---------------  P R O C E S S  ---------------

Java Threads: ( => current thread )

Other Threads:

=>0x00007f3df4008800 (exited) JavaThread "Unknown thread" [_thread_in_vm, id=3670, stack(0x00007f3dfcbf3000,0x00007f3dfccf4000)]

VM state:not at safepoint (not fully initialized)

VM Mutex/Monitor currently owned by a thread: None

GC Heap History (0 events):
No events

Deoptimization events (0 events):
No events

Internal exceptions (0 events):
No events

Events (10 events):
Event: 0.005 loading class 0x00007f3df8dfe6f0 done
Event: 0.005 loading class 0x00007f3df8dfe110 done
Event: 0.005 loading class 0x00007f3df8dfe0f0
Event: 0.005 loading class 0x00007f3df8e06130
Event: 0.005 loading class 0x00007f3df8e06130 done
Event: 0.005 loading class 0x00007f3df8e06160
Event: 0.005 loading class 0x00007f3df8e06160 done
Event: 0.005 loading class 0x00007f3df8e06190
Event: 0.005 loading class 0x00007f3df8e06190 done
Event: 0.006 loading class 0x00007f3df8dfe0f0 done


Dynamic libraries:
00400000-00401000 r-xp 00000000 08:02 1716182                            /usr/lib/jvm/java-7-openjdk/jre/bin/java
00600000-00601000 rw-p 00000000 08:02 1716182                            /usr/lib/jvm/java-7-openjdk/jre/bin/java
00bb2000-00bd3000 rw-p 00000000 00:00 0                                  [heap]
9e800000-9fd00000 rw-p 00000000 00:00 0 
9fd00000-a8e00000 rw-p 00000000 00:00 0 
a8e00000-ac800000 rw-p 00000000 00:00 0 
ac800000-e2f00000 rw-p 00000000 00:00 0 
e2f00000-e4c00000 rw-p 00000000 00:00 0 
e4c00000-100000000 rw-p 00000000 00:00 0 
7f3dcc000000-7f3dcc021000 rw-p 00000000 00:00 0 
7f3dcc021000-7f3dd0000000 ---p 00000000 00:00 0 
7f3dd0000000-7f3dd0021000 rw-p 00000000 00:00 0 
7f3dd0021000-7f3dd4000000 ---p 00000000 00:00 0 
7f3dd4000000-7f3dd4021000 rw-p 00000000 00:00 0 
7f3dd4021000-7f3dd8000000 ---p 00000000 00:00 0 
7f3dd8000000-7f3dd8021000 rw-p 00000000 00:00 0 
7f3dd8021000-7f3ddc000000 ---p 00000000 00:00 0 
7f3ddc000000-7f3ddc021000 rw-p 00000000 00:00 0 
7f3ddc021000-7f3de0000000 ---p 00000000 00:00 0 
7f3de0000000-7f3de0021000 rw-p 00000000 00:00 0 
7f3de0021000-7f3de4000000 ---p 00000000 00:00 0 
7f3de4000000-7f3de4021000 rw-p 00000000 00:00 0 
7f3de4021000-7f3de8000000 ---p 00000000 00:00 0 
7f3de8f40000-7f3dec000000 rw-p 00000000 00:00 0 
7f3dec000000-7f3dec021000 rw-p 00000000 00:00 0 
7f3dec021000-7f3df0000000 ---p 00000000 00:00 0 
7f3df1000000-7f3df1270000 rwxp 00000000 00:00 0 
7f3df1270000-7f3df405c000 rw-p 00000000 00:00 0 
7f3df405c000-7f3df8000000 ---p 00000000 00:00 0 
7f3df8c8a000-7f3df8cb1000 rw-p 00000000 00:00 0 
7f3df8cb1000-7f3df8d88000 r--s 013f2000 08:02 3158886                    /opt/android-sdk/platforms/android-19/android.jar
7f3df8d88000-7f3df918d000 rw-p 00000000 00:00 0 
7f3df918d000-7f3df918e000 ---p 00000000 00:00 0 
7f3df918e000-7f3df928e000 rw-p 00000000 00:00 0                          [stack:3678]
7f3df928e000-7f3df928f000 ---p 00000000 00:00 0 
7f3df928f000-7f3df938f000 rw-p 00000000 00:00 0                          [stack:3677]
7f3df938f000-7f3df9390000 ---p 00000000 00:00 0 
7f3df9390000-7f3df9490000 rw-p 00000000 00:00 0                          [stack:3676]
7f3df9490000-7f3df9491000 ---p 00000000 00:00 0 
7f3df9491000-7f3df9591000 rw-p 00000000 00:00 0                          [stack:3675]
7f3df9591000-7f3df9592000 ---p 00000000 00:00 0 
7f3df9592000-7f3df9692000 rw-p 00000000 00:00 0                          [stack:3674]
7f3df9692000-7f3df9693000 ---p 00000000 00:00 0 
7f3df9693000-7f3df9793000 rw-p 00000000 00:00 0                          [stack:3673]
7f3df9793000-7f3df9794000 ---p 00000000 00:00 0 
7f3df9794000-7f3df9894000 rw-p 00000000 00:00 0                          [stack:3672]
7f3df9894000-7f3df9895000 ---p 00000000 00:00 0 
7f3df9895000-7f3df99a0000 rw-p 00000000 00:00 0                          [stack:3671]
7f3df99a0000-7f3df99e8000 rw-p 00000000 00:00 0 
7f3df99e8000-7f3df9a05000 rw-p 00000000 00:00 0 
7f3df9a05000-7f3df9bb9000 rw-p 00000000 00:00 0 
7f3df9bb9000-7f3df9bc4000 rw-p 00000000 00:00 0 
7f3df9bc4000-7f3df9c0c000 rw-p 00000000 00:00 0 
7f3df9c0c000-7f3df9c29000 rw-p 00000000 00:00 0 
7f3df9c29000-7f3df9ddc000 rw-p 00000000 00:00 0 
7f3df9ddc000-7f3df9deb000 rw-p 00000000 00:00 0 
7f3df9deb000-7f3df9ec5000 rw-p 00000000 00:00 0 
7f3df9ec5000-7f3df9ec6000 rw-p 00000000 00:00 0 
7f3df9ec6000-7f3df9ece000 r-xp 00000000 08:02 1716148                    /usr/lib/jvm/java-7-openjdk/jre/lib/amd64/libzip.so
7f3df9ece000-7f3dfa0cd000 ---p 00008000 08:02 1716148                    /usr/lib/jvm/java-7-openjdk/jre/lib/amd64/libzip.so
7f3dfa0cd000-7f3dfa0ce000 rw-p 00007000 08:02 1716148                    /usr/lib/jvm/java-7-openjdk/jre/lib/amd64/libzip.so
7f3dfa0ce000-7f3dfa0d9000 r-xp 00000000 08:02 1576038                    /usr/lib/libnss_files-2.18.so
7f3dfa0d9000-7f3dfa2d9000 ---p 0000b000 08:02 1576038                    /usr/lib/libnss_files-2.18.so
7f3dfa2d9000-7f3dfa2da000 r--p 0000b000 08:02 1576038                    /usr/lib/libnss_files-2.18.so
7f3dfa2da000-7f3dfa2db000 rw-p 0000c000 08:02 1576038                    /usr/lib/libnss_files-2.18.so
7f3dfa2db000-7f3dfa306000 r-xp 00000000 08:02 1716147                    /usr/lib/jvm/java-7-openjdk/jre/lib/amd64/libjava.so
7f3dfa306000-7f3dfa506000 ---p 0002b000 08:02 1716147                    /usr/lib/jvm/java-7-openjdk/jre/lib/amd64/libjava.so
7f3dfa506000-7f3dfa508000 rw-p 0002b000 08:02 1716147                    /usr/lib/jvm/java-7-openjdk/jre/lib/amd64/libjava.so
7f3dfa508000-7f3dfa515000 r-xp 00000000 08:02 1716146                    /usr/lib/jvm/java-7-openjdk/jre/lib/amd64/libverify.so
7f3dfa515000-7f3dfa714000 ---p 0000d000 08:02 1716146                    /usr/lib/jvm/java-7-openjdk/jre/lib/amd64/libverify.so
7f3dfa714000-7f3dfa716000 rw-p 0000c000 08:02 1716146                    /usr/lib/jvm/java-7-openjdk/jre/lib/amd64/libverify.so
7f3dfa716000-7f3dfa71d000 r-xp 00000000 08:02 1576197                    /usr/lib/librt-2.18.so
7f3dfa71d000-7f3dfa91c000 ---p 00007000 08:02 1576197                    /usr/lib/librt-2.18.so
7f3dfa91c000-7f3dfa91d000 r--p 00006000 08:02 1576197                    /usr/lib/librt-2.18.so
7f3dfa91d000-7f3dfa91e000 rw-p 00007000 08:02 1576197                    /usr/lib/librt-2.18.so
7f3dfa91e000-7f3dfa933000 r-xp 00000000 08:02 1579220                    /usr/lib/libgcc_s.so.1
7f3dfa933000-7f3dfab33000 ---p 00015000 08:02 1579220                    /usr/lib/libgcc_s.so.1
7f3dfab33000-7f3dfab34000 rw-p 00015000 08:02 1579220                    /usr/lib/libgcc_s.so.1
7f3dfab34000-7f3dfac36000 r-xp 00000000 08:02 1576140                    /usr/lib/libm-2.18.so
7f3dfac36000-7f3dfae35000 ---p 00102000 08:02 1576140                    /usr/lib/libm-2.18.so
7f3dfae35000-7f3dfae36000 r--p 00101000 08:02 1576140                    /usr/lib/libm-2.18.so
7f3dfae36000-7f3dfae37000 rw-p 00102000 08:02 1576140                    /usr/lib/libm-2.18.so
7f3dfae37000-7f3dfaf1d000 r-xp 00000000 08:02 1579213                    /usr/lib/libstdc++.so.6.0.18
7f3dfaf1d000-7f3dfb11c000 ---p 000e6000 08:02 1579213                    /usr/lib/libstdc++.so.6.0.18
7f3dfb11c000-7f3dfb124000 r--p 000e5000 08:02 1579213                    /usr/lib/libstdc++.so.6.0.18
7f3dfb124000-7f3dfb126000 rw-p 000ed000 08:02 1579213                    /usr/lib/libstdc++.so.6.0.18
7f3dfb126000-7f3dfb13b000 rw-p 00000000 00:00 0 
7f3dfb13b000-7f3dfbc2e000 r-xp 00000000 08:02 1716181                    /usr/lib/jvm/java-7-openjdk/jre/lib/amd64/server/libjvm.so
7f3dfbc2e000-7f3dfbe2e000 ---p 00af3000 08:02 1716181                    /usr/lib/jvm/java-7-openjdk/jre/lib/amd64/server/libjvm.so
7f3dfbe2e000-7f3dfbee9000 rw-p 00af3000 08:02 1716181                    /usr/lib/jvm/java-7-openjdk/jre/lib/amd64/server/libjvm.so
7f3dfbee9000-7f3dfbf16000 rw-p 00000000 00:00 0 
7f3dfbf16000-7f3dfbf2b000 r-xp 00000000 08:02 1579260                    /usr/lib/libz.so.1.2.8
7f3dfbf2b000-7f3dfc12a000 ---p 00015000 08:02 1579260                    /usr/lib/libz.so.1.2.8
7f3dfc12a000-7f3dfc12b000 r--p 00014000 08:02 1579260                    /usr/lib/libz.so.1.2.8
7f3dfc12b000-7f3dfc12c000 rw-p 00015000 08:02 1579260                    /usr/lib/libz.so.1.2.8
7f3dfc12c000-7f3dfc2cd000 r-xp 00000000 08:02 1576141                    /usr/lib/libc-2.18.so
7f3dfc2cd000-7f3dfc4cd000 ---p 001a1000 08:02 1576141                    /usr/lib/libc-2.18.so
7f3dfc4cd000-7f3dfc4d1000 r--p 001a1000 08:02 1576141                    /usr/lib/libc-2.18.so
7f3dfc4d1000-7f3dfc4d3000 rw-p 001a5000 08:02 1576141                    /usr/lib/libc-2.18.so
7f3dfc4d3000-7f3dfc4d7000 rw-p 00000000 00:00 0 
7f3dfc4d7000-7f3dfc4da000 r-xp 00000000 08:02 1576198                    /usr/lib/libdl-2.18.so
7f3dfc4da000-7f3dfc6d9000 ---p 00003000 08:02 1576198                    /usr/lib/libdl-2.18.so
7f3dfc6d9000-7f3dfc6da000 r--p 00002000 08:02 1576198                    /usr/lib/libdl-2.18.so
7f3dfc6da000-7f3dfc6db000 rw-p 00003000 08:02 1576198                    /usr/lib/libdl-2.18.so
7f3dfc6db000-7f3dfc6e8000 r-xp 00000000 08:02 1716176                    /usr/lib/jvm/java-7-openjdk/jre/lib/amd64/jli/libjli.so
7f3dfc6e8000-7f3dfc8e7000 ---p 0000d000 08:02 1716176                    /usr/lib/jvm/java-7-openjdk/jre/lib/amd64/jli/libjli.so
7f3dfc8e7000-7f3dfc8e8000 rw-p 0000c000 08:02 1716176                    /usr/lib/jvm/java-7-openjdk/jre/lib/amd64/jli/libjli.so
7f3dfc8e8000-7f3dfc900000 r-xp 00000000 08:02 1576079                    /usr/lib/libpthread-2.18.so
7f3dfc900000-7f3dfcb00000 ---p 00018000 08:02 1576079                    /usr/lib/libpthread-2.18.so
7f3dfcb00000-7f3dfcb01000 r--p 00018000 08:02 1576079                    /usr/lib/libpthread-2.18.so
7f3dfcb01000-7f3dfcb02000 rw-p 00019000 08:02 1576079                    /usr/lib/libpthread-2.18.so
7f3dfcb02000-7f3dfcb06000 rw-p 00000000 00:00 0 
7f3dfcb06000-7f3dfcb26000 r-xp 00000000 08:02 1576113                    /usr/lib/ld-2.18.so
7f3dfcb33000-7f3dfcb3d000 rw-p 00000000 00:00 0 
7f3dfcb3d000-7f3dfcbf3000 rw-p 00000000 00:00 0 
7f3dfcbf3000-7f3dfcbf6000 ---p 00000000 00:00 0 
7f3dfcbf6000-7f3dfccf8000 rw-p 00000000 00:00 0                          [stack:3670]
7f3dfccf9000-7f3dfcd1a000 rw-p 00000000 00:00 0 
7f3dfcd1a000-7f3dfcd22000 rw-s 00000000 00:1d 33553                      /tmp/hsperfdata_kyle/3665
7f3dfcd22000-7f3dfcd23000 rw-p 00000000 00:00 0 
7f3dfcd23000-7f3dfcd24000 r--p 00000000 00:00 0 
7f3dfcd24000-7f3dfcd25000 rw-p 00000000 00:00 0 
7f3dfcd25000-7f3dfcd26000 r--p 0001f000 08:02 1576113                    /usr/lib/ld-2.18.so
7f3dfcd26000-7f3dfcd27000 rw-p 00020000 08:02 1576113                    /usr/lib/ld-2.18.so
7f3dfcd27000-7f3dfcd28000 rw-p 00000000 00:00 0 
7ffffa98f000-7ffffa9b0000 rw-p 00000000 00:00 0                          [stack]
7ffffa9fe000-7ffffaa00000 r-xp 00000000 00:00 0                          [vdso]
ffffffffff600000-ffffffffff601000 r-xp 00000000 00:00 0                  [vsyscall]

VM Arguments:
jvm_args: -Dfile.encoding=ANSI_X3.4-1968 -Xbootclasspath:/opt/android-sdk/platforms/android-19/android.jar 
java_command: edu.purdue.SafeWalk.Requester
Launcher Type: SUN_STANDARD

Environment Variables:
JAVA_HOME=/usr/lib/jvm/java-7-openjdk
PATH=/usr/local/sbin:/usr/local/bin:/usr/bin:/opt/android-sdk/build-tools/18.1.1/:/opt/android-sdk/platform-tools:/opt/android-sdk/tools:/usr/bin/vendor_perl:/usr/bin/core_perl
SHELL=/bin/bash
DISPLAY=:0

Signal Handlers:
SIGSEGV: [libjvm.so+0x92a940], sa_mask[0]=0x7ffbfeff, sa_flags=0x10000004
SIGBUS: [libjvm.so+0x92a940], sa_mask[0]=0x7ffbfeff, sa_flags=0x10000004
SIGFPE: [libjvm.so+0x7a82f0], sa_mask[0]=0x7ffbfeff, sa_flags=0x10000004
SIGPIPE: [libjvm.so+0x7a82f0], sa_mask[0]=0x7ffbfeff, sa_flags=0x10000004
SIGXFSZ: [libjvm.so+0x7a82f0], sa_mask[0]=0x7ffbfeff, sa_flags=0x10000004
SIGILL: [libjvm.so+0x7a82f0], sa_mask[0]=0x7ffbfeff, sa_flags=0x10000004
SIGUSR1: SIG_IGN, sa_mask[0]=0x00000000, sa_flags=0x00000000
SIGUSR2: [libjvm.so+0x7a8190], sa_mask[0]=0x00000004, sa_flags=0x10000004
SIGHUP: SIG_DFL, sa_mask[0]=0x00000000, sa_flags=0x00000000
SIGINT: SIG_DFL, sa_mask[0]=0x00000000, sa_flags=0x00000000
SIGTERM: SIG_DFL, sa_mask[0]=0x00000000, sa_flags=0x00000000
SIGQUIT: SIG_DFL, sa_mask[0]=0x00000000, sa_flags=0x00000000


---------------  S Y S T E M  ---------------

OS:Linux
uname:Linux 3.11.6-1-ARCH #1 SMP PREEMPT Fri Oct 18 23:22:36 CEST 2013 x86_64
libc:glibc 2.18 NPTL 2.18 
rlimit: STACK 8192k, CORE 0k, NPROC 44526, NOFILE 4096, AS infinity
load average:0.39 0.30 0.25

/proc/meminfo:
MemTotal:        5705148 kB
MemFree:         3930328 kB
Buffers:           60752 kB
Cached:           622668 kB
SwapCached:            0 kB
Active:          1109828 kB
Inactive:         493812 kB
Active(anon):     923892 kB
Inactive(anon):    78864 kB
Active(file):     185936 kB
Inactive(file):   414948 kB
Unevictable:           0 kB
Mlocked:               0 kB
SwapTotal:             0 kB
SwapFree:              0 kB
Dirty:               684 kB
Writeback:             0 kB
AnonPages:        916500 kB
Mapped:           163680 kB
Shmem:             82544 kB
Slab:              63972 kB
SReclaimable:      43108 kB
SUnreclaim:        20864 kB
KernelStack:        2472 kB
PageTables:        18376 kB
NFS_Unstable:          0 kB
Bounce:                0 kB
WritebackTmp:          0 kB
CommitLimit:     2852572 kB
Committed_AS:    2384180 kB
VmallocTotal:   34359738367 kB
VmallocUsed:      366524 kB
VmallocChunk:   34359353308 kB
HardwareCorrupted:     0 kB
AnonHugePages:    499712 kB
HugePages_Total:       0
HugePages_Free:        0
HugePages_Rsvd:        0
HugePages_Surp:        0
Hugepagesize:       2048 kB
DirectMap4k:       12568 kB
DirectMap2M:     5863424 kB


CPU:total 8 (4 cores per cpu, 2 threads per core) family 6 model 58 stepping 9, cmov, cx8, fxsr, mmx, sse, sse2, sse3, ssse3, sse4.1, sse4.2, popcnt, avx, aes, erms, ht, tsc, tscinvbit, tscinv

/proc/cpuinfo:
processor	: 0
vendor_id	: GenuineIntel
cpu family	: 6
model		: 58
model name	: Intel(R) Core(TM) i7-3612QM CPU @ 2.10GHz
stepping	: 9
microcode	: 0x12
cpu MHz		: 2793.000
cache size	: 6144 KB
physical id	: 0
siblings	: 8
core id		: 0
cpu cores	: 4
apicid		: 0
initial apicid	: 0
fpu		: yes
fpu_exception	: yes
cpuid level	: 13
wp		: yes
flags		: fpu vme de pse tsc msr pae mce cx8 apic sep mtrr pge mca cmov pat pse36 clflush dts acpi mmx fxsr sse sse2 ss ht tm pbe syscall nx rdtscp lm constant_tsc arch_perfmon pebs bts rep_good nopl xtopology nonstop_tsc aperfmperf eagerfpu pni pclmulqdq dtes64 monitor ds_cpl vmx est tm2 ssse3 cx16 xtpr pdcm pcid sse4_1 sse4_2 x2apic popcnt tsc_deadline_timer aes xsave avx f16c rdrand lahf_lm ida arat epb xsaveopt pln pts dtherm tpr_shadow vnmi flexpriority ept vpid fsgsbase smep erms
bogomips	: 4192.92
clflush size	: 64
cache_alignment	: 64
address sizes	: 36 bits physical, 48 bits virtual
power management:

processor	: 1
vendor_id	: GenuineIntel
cpu family	: 6
model		: 58
model name	: Intel(R) Core(TM) i7-3612QM CPU @ 2.10GHz
stepping	: 9
microcode	: 0x12
cpu MHz		: 2268.000
cache size	: 6144 KB
physical id	: 0
siblings	: 8
core id		: 0
cpu cores	: 4
apicid		: 1
initial apicid	: 1
fpu		: yes
fpu_exception	: yes
cpuid level	: 13
wp		: yes
flags		: fpu vme de pse tsc msr pae mce cx8 apic sep mtrr pge mca cmov pat pse36 clflush dts acpi mmx fxsr sse sse2 ss ht tm pbe syscall nx rdtscp lm constant_tsc arch_perfmon pebs bts rep_good nopl xtopology nonstop_tsc aperfmperf eagerfpu pni pclmulqdq dtes64 monitor ds_cpl vmx est tm2 ssse3 cx16 xtpr pdcm pcid sse4_1 sse4_2 x2apic popcnt tsc_deadline_timer aes xsave avx f16c rdrand lahf_lm ida arat epb xsaveopt pln pts dtherm tpr_shadow vnmi flexpriority ept vpid fsgsbase smep erms
bogomips	: 4192.92
clflush size	: 64
cache_alignment	: 64
address sizes	: 36 bits physical, 48 bits virtual
power management:

processor	: 2
vendor_id	: GenuineIntel
cpu family	: 6
model		: 58
model name	: Intel(R) Core(TM) i7-3612QM CPU @ 2.10GHz
stepping	: 9
microcode	: 0x12
cpu MHz		: 2793.000
cache size	: 6144 KB
physical id	: 0
siblings	: 8
core id		: 1
cpu cores	: 4
apicid		: 2
initial apicid	: 2
fpu		: yes
fpu_exception	: yes
cpuid level	: 13
wp		: yes
flags		: fpu vme de pse tsc msr pae mce cx8 apic sep mtrr pge mca cmov pat pse36 clflush dts acpi mmx fxsr sse sse2 ss ht tm pbe syscall nx rdtscp lm constant_tsc arch_perfmon pebs bts rep_good nopl xtopology nonstop_tsc aperfmperf eagerfpu pni pclmulqdq dtes64 monitor ds_cpl vmx est tm2 ssse3 cx16 xtpr pdcm pcid sse4_1 sse4_2 x2apic popcnt tsc_deadline_timer aes xsave avx f16c rdrand lahf_lm ida arat epb xsaveopt pln pts dtherm tpr_shadow vnmi flexpriority ept vpid fsgsbase smep erms
bogomips	: 4192.92
clflush size	: 64
cache_alignment	: 64
address sizes	: 36 bits physical, 48 bits virtual
power management:

processor	: 3
vendor_id	: GenuineIntel
cpu family	: 6
model		: 58
model name	: Intel(R) Core(TM) i7-3612QM CPU @ 2.10GHz
stepping	: 9
microcode	: 0x12
cpu MHz		: 2667.000
cache size	: 6144 KB
physical id	: 0
siblings	: 8
core id		: 1
cpu cores	: 4
apicid		: 3
initial apicid	: 3
fpu		: yes
fpu_exception	: yes
cpuid level	: 13
wp		: yes
flags		: fpu vme de pse tsc msr pae mce cx8 apic sep mtrr pge mca cmov pat pse36 clflush dts acpi mmx fxsr sse sse2 ss ht tm pbe syscall nx rdtscp lm constant_tsc arch_perfmon pebs bts rep_good nopl xtopology nonstop_tsc aperfmperf eagerfpu pni pclmulqdq dtes64 monitor ds_cpl vmx est tm2 ssse3 cx16 xtpr pdcm pcid sse4_1 sse4_2 x2apic popcnt tsc_deadline_timer aes xsave avx f16c rdrand lahf_lm ida arat epb xsaveopt pln pts dtherm tpr_shadow vnmi flexpriority ept vpid fsgsbase smep erms
bogomips	: 4192.92
clflush size	: 64
cache_alignment	: 64
address sizes	: 36 bits physical, 48 bits virtual
power management:

processor	: 4
vendor_id	: GenuineIntel
cpu family	: 6
model		: 58
model name	: Intel(R) Core(TM) i7-3612QM CPU @ 2.10GHz
stepping	: 9
microcode	: 0x12
cpu MHz		: 2793.000
cache size	: 6144 KB
physical id	: 0
siblings	: 8
core id		: 2
cpu cores	: 4
apicid		: 4
initial apicid	: 4
fpu		: yes
fpu_exception	: yes
cpuid level	: 13
wp		: yes
flags		: fpu vme de pse tsc msr pae mce cx8 apic sep mtrr pge mca cmov pat pse36 clflush dts acpi mmx fxsr sse sse2 ss ht tm pbe syscall nx rdtscp lm constant_tsc arch_perfmon pebs bts rep_good nopl xtopology nonstop_tsc aperfmperf eagerfpu pni pclmulqdq dtes64 monitor ds_cpl vmx est tm2 ssse3 cx16 xtpr pdcm pcid sse4_1 sse4_2 x2apic popcnt tsc_deadline_timer aes xsave avx f16c rdrand lahf_lm ida arat epb xsaveopt pln pts dtherm tpr_shadow vnmi flexpriority ept vpid fsgsbase smep erms
bogomips	: 4192.92
clflush size	: 64
cache_alignment	: 64
address sizes	: 36 bits physical, 48 bits virtual
power management:

processor	: 5
vendor_id	: GenuineIntel
cpu family	: 6
model		: 58
model name	: Intel(R) Core(TM) i7-3612QM CPU @ 2.10GHz
stepping	: 9
microcode	: 0x12
cpu MHz		: 2793.000
cache size	: 6144 KB
physical id	: 0
siblings	: 8
core id		: 2
cpu cores	: 4
apicid		: 5
initial apicid	: 5
fpu		: yes
fpu_exception	: yes
cpuid level	: 13
wp		: yes
flags		: fpu vme de pse tsc msr pae mce cx8 apic sep mtrr pge mca cmov pat pse36 clflush dts acpi mmx fxsr sse sse2 ss ht tm pbe syscall nx rdtscp lm constant_tsc arch_perfmon pebs bts rep_good nopl xtopology nonstop_tsc aperfmperf eagerfpu pni pclmulqdq dtes64 monitor ds_cpl vmx est tm2 ssse3 cx16 xtpr pdcm pcid sse4_1 sse4_2 x2apic popcnt tsc_deadline_timer aes xsave avx f16c rdrand lahf_lm ida arat epb xsaveopt pln pts dtherm tpr_shadow vnmi flexpriority ept vpid fsgsbase smep erms
bogomips	: 4192.92
clflush size	: 64
cache_alignment	: 64
address sizes	: 36 bits physical, 48 bits virtual
power management:

processor	: 6
vendor_id	: GenuineIntel
cpu family	: 6
model		: 58
model name	: Intel(R) Core(TM) i7-3612QM CPU @ 2.10GHz
stepping	: 9
microcode	: 0x12
cpu MHz		: 2793.000
cache size	: 6144 KB
physical id	: 0
siblings	: 8
core id		: 3
cpu cores	: 4
apicid		: 6
initial apicid	: 6
fpu		: yes
fpu_exception	: yes
cpuid level	: 13
wp		: yes
flags		: fpu vme de pse tsc msr pae mce cx8 apic sep mtrr pge mca cmov pat pse36 clflush dts acpi mmx fxsr sse sse2 ss ht tm pbe syscall nx rdtscp lm constant_tsc arch_perfmon pebs bts rep_good nopl xtopology nonstop_tsc aperfmperf eagerfpu pni pclmulqdq dtes64 monitor ds_cpl vmx est tm2 ssse3 cx16 xtpr pdcm pcid sse4_1 sse4_2 x2apic popcnt tsc_deadline_timer aes xsave avx f16c rdrand lahf_lm ida arat epb xsaveopt pln pts dtherm tpr_shadow vnmi flexpriority ept vpid fsgsbase smep erms
bogomips	: 4192.92
clflush size	: 64
cache_alignment	: 64
address sizes	: 36 bits physical, 48 bits virtual
power management:

processor	: 7
vendor_id	: GenuineIntel
cpu family	: 6
model		: 58
model name	: Intel(R) Core(TM) i7-3612QM CPU @ 2.10GHz
stepping	: 9
microcode	: 0x12
cpu MHz		: 2667.000
cache size	: 6144 KB
physical id	: 0
siblings	: 8
core id		: 3
cpu cores	: 4
apicid		: 7
initial apicid	: 7
fpu		: yes
fpu_exception	: yes
cpuid level	: 13
wp		: yes
flags		: fpu vme de pse tsc msr pae mce cx8 apic sep mtrr pge mca cmov pat pse36 clflush dts acpi mmx fxsr sse sse2 ss ht tm pbe syscall nx rdtscp lm constant_tsc arch_perfmon pebs bts rep_good nopl xtopology nonstop_tsc aperfmperf eagerfpu pni pclmulqdq dtes64 monitor ds_cpl vmx est tm2 ssse3 cx16 xtpr pdcm pcid sse4_1 sse4_2 x2apic popcnt tsc_deadline_timer aes xsave avx f16c rdrand lahf_lm ida arat epb xsaveopt pln pts dtherm tpr_shadow vnmi flexpriority ept vpid fsgsbase smep erms
bogomips	: 4192.92
clflush size	: 64
cache_alignment	: 64
address sizes	: 36 bits physical, 48 bits virtual
power management:



Memory: 4k page, physical 5705148k(3930328k free), swap 0k(0k free)

vm_info: OpenJDK 64-Bit Server VM (24.45-b08) for linux-amd64 JRE (1.7.0_45-b31), built on Oct 21 2013 19:10:26 by "nobody" with gcc 4.8.2

time: Tue Dec  3 17:29:22 2013
elapsed time: 0 seconds

