#
# A fatal error has been detected by the Java Runtime Environment:
#
#  Internal Error (javaClasses.cpp:136), pid=4295, tid=140329821398784
#  fatal error: Invalid layout of preloaded class
#
# JRE version:  (7.0_45-b31) (build )
# Java VM: OpenJDK 64-Bit Server VM (24.45-b08 mixed mode linux-amd64 compressed oops)
# Failed to write core dump. Core dumps have been disabled. To enable core dumping, try "ulimit -c unlimited" before starting Java again
#
# If you would like to submit a bug report, please include
# instructions on how to reproduce the bug and visit:
#   http://icedtea.classpath.org/bugzilla
#

---------------  T H R E A D  ---------------

Current thread (0x00007fa10c008800):  JavaThread "Unknown thread" [_thread_in_vm, id=4302, stack(0x00007fa11517e000,0x00007fa11527f000)]

Stack: [0x00007fa11517e000,0x00007fa11527f000],  sp=0x00007fa11527d950,  free space=1022k
Native frames: (J=compiled Java code, j=interpreted, Vv=VM code, C=native code)
V  [libjvm.so+0x929e55]  JVM_handle_linux_signal+0x177685
V  [libjvm.so+0x47a4b4]  dlerror+0x47a4b4
V  [libjvm.so+0x5d370a]  AsyncGetCallTrace+0xdb7ca
V  [libjvm.so+0x5d3d16]  AsyncGetCallTrace+0xdbdd6
V  [libjvm.so+0x8b09bc]  JVM_handle_linux_signal+0xfe1ec
V  [libjvm.so+0x8fb948]  JVM_handle_linux_signal+0x149178
V  [libjvm.so+0x8fbf54]  JVM_handle_linux_signal+0x149784
V  [libjvm.so+0x58842a]  AsyncGetCallTrace+0x904ea
V  [libjvm.so+0x8df21f]  JVM_handle_linux_signal+0x12ca4f
V  [libjvm.so+0x5f1bd4]  JNI_CreateJavaVM+0x54
C  [libjli.so+0x29b8]  getenv+0x29b8


---------------  P R O C E S S  ---------------

Java Threads: ( => current thread )

Other Threads:

=>0x00007fa10c008800 (exited) JavaThread "Unknown thread" [_thread_in_vm, id=4302, stack(0x00007fa11517e000,0x00007fa11527f000)]

VM state:not at safepoint (not fully initialized)

VM Mutex/Monitor currently owned by a thread: None

GC Heap History (0 events):
No events

Deoptimization events (0 events):
No events

Internal exceptions (0 events):
No events

Events (10 events):
Event: 0.005 loading class 0x00007fa1113896f0 done
Event: 0.006 loading class 0x00007fa111389110 done
Event: 0.006 loading class 0x00007fa1113890f0
Event: 0.006 loading class 0x00007fa111391130
Event: 0.006 loading class 0x00007fa111391130 done
Event: 0.006 loading class 0x00007fa111391160
Event: 0.006 loading class 0x00007fa111391160 done
Event: 0.006 loading class 0x00007fa111391190
Event: 0.006 loading class 0x00007fa111391190 done
Event: 0.006 loading class 0x00007fa1113890f0 done


Dynamic libraries:
00400000-00401000 r-xp 00000000 08:02 1716182                            /usr/lib/jvm/java-7-openjdk/jre/bin/java
00600000-00601000 rw-p 00000000 08:02 1716182                            /usr/lib/jvm/java-7-openjdk/jre/bin/java
012ab000-012cc000 rw-p 00000000 00:00 0                                  [heap]
9e800000-9fd00000 rw-p 00000000 00:00 0 
9fd00000-a8e00000 rw-p 00000000 00:00 0 
a8e00000-ac800000 rw-p 00000000 00:00 0 
ac800000-e2f00000 rw-p 00000000 00:00 0 
e2f00000-e4c00000 rw-p 00000000 00:00 0 
e4c00000-100000000 rw-p 00000000 00:00 0 
7fa0e4f40000-7fa0e8000000 rw-p 00000000 00:00 0 
7fa0e8000000-7fa0e8021000 rw-p 00000000 00:00 0 
7fa0e8021000-7fa0ec000000 ---p 00000000 00:00 0 
7fa0ec000000-7fa0ec021000 rw-p 00000000 00:00 0 
7fa0ec021000-7fa0f0000000 ---p 00000000 00:00 0 
7fa0f0000000-7fa0f0021000 rw-p 00000000 00:00 0 
7fa0f0021000-7fa0f4000000 ---p 00000000 00:00 0 
7fa0f4000000-7fa0f4021000 rw-p 00000000 00:00 0 
7fa0f4021000-7fa0f8000000 ---p 00000000 00:00 0 
7fa0f8000000-7fa0f8021000 rw-p 00000000 00:00 0 
7fa0f8021000-7fa0fc000000 ---p 00000000 00:00 0 
7fa0fc000000-7fa0fc021000 rw-p 00000000 00:00 0 
7fa0fc021000-7fa100000000 ---p 00000000 00:00 0 
7fa100000000-7fa100021000 rw-p 00000000 00:00 0 
7fa100021000-7fa104000000 ---p 00000000 00:00 0 
7fa104000000-7fa104021000 rw-p 00000000 00:00 0 
7fa104021000-7fa108000000 ---p 00000000 00:00 0 
7fa109000000-7fa109270000 rwxp 00000000 00:00 0 
7fa109270000-7fa10c05c000 rw-p 00000000 00:00 0 
7fa10c05c000-7fa110000000 ---p 00000000 00:00 0 
7fa111215000-7fa11123c000 rw-p 00000000 00:00 0 
7fa11123c000-7fa111313000 r--s 013f2000 08:02 3158886                    /opt/android-sdk/platforms/android-19/android.jar
7fa111313000-7fa111718000 rw-p 00000000 00:00 0 
7fa111718000-7fa111719000 ---p 00000000 00:00 0 
7fa111719000-7fa111819000 rw-p 00000000 00:00 0                          [stack:4310]
7fa111819000-7fa11181a000 ---p 00000000 00:00 0 
7fa11181a000-7fa11191a000 rw-p 00000000 00:00 0                          [stack:4309]
7fa11191a000-7fa11191b000 ---p 00000000 00:00 0 
7fa11191b000-7fa111a1b000 rw-p 00000000 00:00 0                          [stack:4308]
7fa111a1b000-7fa111a1c000 ---p 00000000 00:00 0 
7fa111a1c000-7fa111b1c000 rw-p 00000000 00:00 0                          [stack:4307]
7fa111b1c000-7fa111b1d000 ---p 00000000 00:00 0 
7fa111b1d000-7fa111c1d000 rw-p 00000000 00:00 0                          [stack:4306]
7fa111c1d000-7fa111c1e000 ---p 00000000 00:00 0 
7fa111c1e000-7fa111d1e000 rw-p 00000000 00:00 0                          [stack:4305]
7fa111d1e000-7fa111d1f000 ---p 00000000 00:00 0 
7fa111d1f000-7fa111e1f000 rw-p 00000000 00:00 0                          [stack:4304]
7fa111e1f000-7fa111e20000 ---p 00000000 00:00 0 
7fa111e20000-7fa111f2b000 rw-p 00000000 00:00 0                          [stack:4303]
7fa111f2b000-7fa111f73000 rw-p 00000000 00:00 0 
7fa111f73000-7fa111f90000 rw-p 00000000 00:00 0 
7fa111f90000-7fa112144000 rw-p 00000000 00:00 0 
7fa112144000-7fa11214f000 rw-p 00000000 00:00 0 
7fa11214f000-7fa112197000 rw-p 00000000 00:00 0 
7fa112197000-7fa1121b4000 rw-p 00000000 00:00 0 
7fa1121b4000-7fa112367000 rw-p 00000000 00:00 0 
7fa112367000-7fa112376000 rw-p 00000000 00:00 0 
7fa112376000-7fa112450000 rw-p 00000000 00:00 0 
7fa112450000-7fa112451000 rw-p 00000000 00:00 0 
7fa112451000-7fa112459000 r-xp 00000000 08:02 1716148                    /usr/lib/jvm/java-7-openjdk/jre/lib/amd64/libzip.so
7fa112459000-7fa112658000 ---p 00008000 08:02 1716148                    /usr/lib/jvm/java-7-openjdk/jre/lib/amd64/libzip.so
7fa112658000-7fa112659000 rw-p 00007000 08:02 1716148                    /usr/lib/jvm/java-7-openjdk/jre/lib/amd64/libzip.so
7fa112659000-7fa112664000 r-xp 00000000 08:02 1576038                    /usr/lib/libnss_files-2.18.so
7fa112664000-7fa112864000 ---p 0000b000 08:02 1576038                    /usr/lib/libnss_files-2.18.so
7fa112864000-7fa112865000 r--p 0000b000 08:02 1576038                    /usr/lib/libnss_files-2.18.so
7fa112865000-7fa112866000 rw-p 0000c000 08:02 1576038                    /usr/lib/libnss_files-2.18.so
7fa112866000-7fa112891000 r-xp 00000000 08:02 1716147                    /usr/lib/jvm/java-7-openjdk/jre/lib/amd64/libjava.so
7fa112891000-7fa112a91000 ---p 0002b000 08:02 1716147                    /usr/lib/jvm/java-7-openjdk/jre/lib/amd64/libjava.so
7fa112a91000-7fa112a93000 rw-p 0002b000 08:02 1716147                    /usr/lib/jvm/java-7-openjdk/jre/lib/amd64/libjava.so
7fa112a93000-7fa112aa0000 r-xp 00000000 08:02 1716146                    /usr/lib/jvm/java-7-openjdk/jre/lib/amd64/libverify.so
7fa112aa0000-7fa112c9f000 ---p 0000d000 08:02 1716146                    /usr/lib/jvm/java-7-openjdk/jre/lib/amd64/libverify.so
7fa112c9f000-7fa112ca1000 rw-p 0000c000 08:02 1716146                    /usr/lib/jvm/java-7-openjdk/jre/lib/amd64/libverify.so
7fa112ca1000-7fa112ca8000 r-xp 00000000 08:02 1576197                    /usr/lib/librt-2.18.so
7fa112ca8000-7fa112ea7000 ---p 00007000 08:02 1576197                    /usr/lib/librt-2.18.so
7fa112ea7000-7fa112ea8000 r--p 00006000 08:02 1576197                    /usr/lib/librt-2.18.so
7fa112ea8000-7fa112ea9000 rw-p 00007000 08:02 1576197                    /usr/lib/librt-2.18.so
7fa112ea9000-7fa112ebe000 r-xp 00000000 08:02 1579220                    /usr/lib/libgcc_s.so.1
7fa112ebe000-7fa1130be000 ---p 00015000 08:02 1579220                    /usr/lib/libgcc_s.so.1
7fa1130be000-7fa1130bf000 rw-p 00015000 08:02 1579220                    /usr/lib/libgcc_s.so.1
7fa1130bf000-7fa1131c1000 r-xp 00000000 08:02 1576140                    /usr/lib/libm-2.18.so
7fa1131c1000-7fa1133c0000 ---p 00102000 08:02 1576140                    /usr/lib/libm-2.18.so
7fa1133c0000-7fa1133c1000 r--p 00101000 08:02 1576140                    /usr/lib/libm-2.18.so
7fa1133c1000-7fa1133c2000 rw-p 00102000 08:02 1576140                    /usr/lib/libm-2.18.so
7fa1133c2000-7fa1134a8000 r-xp 00000000 08:02 1579213                    /usr/lib/libstdc++.so.6.0.18
7fa1134a8000-7fa1136a7000 ---p 000e6000 08:02 1579213                    /usr/lib/libstdc++.so.6.0.18
7fa1136a7000-7fa1136af000 r--p 000e5000 08:02 1579213                    /usr/lib/libstdc++.so.6.0.18
7fa1136af000-7fa1136b1000 rw-p 000ed000 08:02 1579213                    /usr/lib/libstdc++.so.6.0.18
7fa1136b1000-7fa1136c6000 rw-p 00000000 00:00 0 
7fa1136c6000-7fa1141b9000 r-xp 00000000 08:02 1716181                    /usr/lib/jvm/java-7-openjdk/jre/lib/amd64/server/libjvm.so
7fa1141b9000-7fa1143b9000 ---p 00af3000 08:02 1716181                    /usr/lib/jvm/java-7-openjdk/jre/lib/amd64/server/libjvm.so
7fa1143b9000-7fa114474000 rw-p 00af3000 08:02 1716181                    /usr/lib/jvm/java-7-openjdk/jre/lib/amd64/server/libjvm.so
7fa114474000-7fa1144a1000 rw-p 00000000 00:00 0 
7fa1144a1000-7fa1144b6000 r-xp 00000000 08:02 1579260                    /usr/lib/libz.so.1.2.8
7fa1144b6000-7fa1146b5000 ---p 00015000 08:02 1579260                    /usr/lib/libz.so.1.2.8
7fa1146b5000-7fa1146b6000 r--p 00014000 08:02 1579260                    /usr/lib/libz.so.1.2.8
7fa1146b6000-7fa1146b7000 rw-p 00015000 08:02 1579260                    /usr/lib/libz.so.1.2.8
7fa1146b7000-7fa114858000 r-xp 00000000 08:02 1576141                    /usr/lib/libc-2.18.so
7fa114858000-7fa114a58000 ---p 001a1000 08:02 1576141                    /usr/lib/libc-2.18.so
7fa114a58000-7fa114a5c000 r--p 001a1000 08:02 1576141                    /usr/lib/libc-2.18.so
7fa114a5c000-7fa114a5e000 rw-p 001a5000 08:02 1576141                    /usr/lib/libc-2.18.so
7fa114a5e000-7fa114a62000 rw-p 00000000 00:00 0 
7fa114a62000-7fa114a65000 r-xp 00000000 08:02 1576198                    /usr/lib/libdl-2.18.so
7fa114a65000-7fa114c64000 ---p 00003000 08:02 1576198                    /usr/lib/libdl-2.18.so
7fa114c64000-7fa114c65000 r--p 00002000 08:02 1576198                    /usr/lib/libdl-2.18.so
7fa114c65000-7fa114c66000 rw-p 00003000 08:02 1576198                    /usr/lib/libdl-2.18.so
7fa114c66000-7fa114c73000 r-xp 00000000 08:02 1716176                    /usr/lib/jvm/java-7-openjdk/jre/lib/amd64/jli/libjli.so
7fa114c73000-7fa114e72000 ---p 0000d000 08:02 1716176                    /usr/lib/jvm/java-7-openjdk/jre/lib/amd64/jli/libjli.so
7fa114e72000-7fa114e73000 rw-p 0000c000 08:02 1716176                    /usr/lib/jvm/java-7-openjdk/jre/lib/amd64/jli/libjli.so
7fa114e73000-7fa114e8b000 r-xp 00000000 08:02 1576079                    /usr/lib/libpthread-2.18.so
7fa114e8b000-7fa11508b000 ---p 00018000 08:02 1576079                    /usr/lib/libpthread-2.18.so
7fa11508b000-7fa11508c000 r--p 00018000 08:02 1576079                    /usr/lib/libpthread-2.18.so
7fa11508c000-7fa11508d000 rw-p 00019000 08:02 1576079                    /usr/lib/libpthread-2.18.so
7fa11508d000-7fa115091000 rw-p 00000000 00:00 0 
7fa115091000-7fa1150b1000 r-xp 00000000 08:02 1576113                    /usr/lib/ld-2.18.so
7fa1150be000-7fa1150c8000 rw-p 00000000 00:00 0 
7fa1150c8000-7fa11517e000 rw-p 00000000 00:00 0 
7fa11517e000-7fa115181000 ---p 00000000 00:00 0 
7fa115181000-7fa115283000 rw-p 00000000 00:00 0                          [stack:4302]
7fa115284000-7fa1152a5000 rw-p 00000000 00:00 0 
7fa1152a5000-7fa1152ad000 rw-s 00000000 00:1e 50953                      /tmp/hsperfdata_kyle/4295
7fa1152ad000-7fa1152ae000 rw-p 00000000 00:00 0 
7fa1152ae000-7fa1152af000 r--p 00000000 00:00 0 
7fa1152af000-7fa1152b0000 rw-p 00000000 00:00 0 
7fa1152b0000-7fa1152b1000 r--p 0001f000 08:02 1576113                    /usr/lib/ld-2.18.so
7fa1152b1000-7fa1152b2000 rw-p 00020000 08:02 1576113                    /usr/lib/ld-2.18.so
7fa1152b2000-7fa1152b3000 rw-p 00000000 00:00 0 
7fffdc0fe000-7fffdc11f000 rw-p 00000000 00:00 0                          [stack]
7fffdc1b3000-7fffdc1b5000 r-xp 00000000 00:00 0                          [vdso]
ffffffffff600000-ffffffffff601000 r-xp 00000000 00:00 0                  [vsyscall]

VM Arguments:
jvm_args: -Dfile.encoding=ANSI_X3.4-1968 -Xbootclasspath:/opt/android-sdk/platforms/android-19/android.jar 
java_command: edu.purdue.SafeWalk.Requester
Launcher Type: SUN_STANDARD

Environment Variables:
JAVA_HOME=/usr/lib/jvm/java-7-openjdk
PATH=/usr/local/sbin:/usr/local/bin:/usr/bin:/opt/android-sdk/build-tools/18.1.1/:/opt/android-sdk/platform-tools:/opt/android-sdk/tools:/usr/bin/vendor_perl:/usr/bin/core_perl
SHELL=/bin/bash
DISPLAY=:0

Signal Handlers:
SIGSEGV: [libjvm.so+0x92a940], sa_mask[0]=0x7ffbfeff, sa_flags=0x10000004
SIGBUS: [libjvm.so+0x92a940], sa_mask[0]=0x7ffbfeff, sa_flags=0x10000004
SIGFPE: [libjvm.so+0x7a82f0], sa_mask[0]=0x7ffbfeff, sa_flags=0x10000004
SIGPIPE: [libjvm.so+0x7a82f0], sa_mask[0]=0x7ffbfeff, sa_flags=0x10000004
SIGXFSZ: [libjvm.so+0x7a82f0], sa_mask[0]=0x7ffbfeff, sa_flags=0x10000004
SIGILL: [libjvm.so+0x7a82f0], sa_mask[0]=0x7ffbfeff, sa_flags=0x10000004
SIGUSR1: SIG_IGN, sa_mask[0]=0x00000000, sa_flags=0x00000000
SIGUSR2: [libjvm.so+0x7a8190], sa_mask[0]=0x00000004, sa_flags=0x10000004
SIGHUP: SIG_DFL, sa_mask[0]=0x00000000, sa_flags=0x00000000
SIGINT: SIG_DFL, sa_mask[0]=0x00000000, sa_flags=0x00000000
SIGTERM: SIG_DFL, sa_mask[0]=0x00000000, sa_flags=0x00000000
SIGQUIT: SIG_DFL, sa_mask[0]=0x00000000, sa_flags=0x00000000


---------------  S Y S T E M  ---------------

OS:Linux
uname:Linux 3.11.6-1-ARCH #1 SMP PREEMPT Fri Oct 18 23:22:36 CEST 2013 x86_64
libc:glibc 2.18 NPTL 2.18 
rlimit: STACK 8192k, CORE 0k, NPROC 44526, NOFILE 4096, AS infinity
load average:0.20 0.30 0.31

/proc/meminfo:
MemTotal:        5705148 kB
MemFree:         3595148 kB
Buffers:           65972 kB
Cached:           730400 kB
SwapCached:            0 kB
Active:          1352176 kB
Inactive:         575308 kB
Active(anon):    1142748 kB
Inactive(anon):   126604 kB
Active(file):     209428 kB
Inactive(file):   448704 kB
Unevictable:           0 kB
Mlocked:               0 kB
SwapTotal:             0 kB
SwapFree:              0 kB
Dirty:                24 kB
Writeback:             0 kB
AnonPages:       1124924 kB
Mapped:           183224 kB
Shmem:            138240 kB
Slab:              67140 kB
SReclaimable:      45248 kB
SUnreclaim:        21892 kB
KernelStack:        2632 kB
PageTables:        22732 kB
NFS_Unstable:          0 kB
Bounce:                0 kB
WritebackTmp:          0 kB
CommitLimit:     2852572 kB
Committed_AS:    3105272 kB
VmallocTotal:   34359738367 kB
VmallocUsed:      366524 kB
VmallocChunk:   34359345020 kB
HardwareCorrupted:     0 kB
AnonHugePages:    555008 kB
HugePages_Total:       0
HugePages_Free:        0
HugePages_Rsvd:        0
HugePages_Surp:        0
Hugepagesize:       2048 kB
DirectMap4k:       12568 kB
DirectMap2M:     5863424 kB


CPU:total 8 (4 cores per cpu, 2 threads per core) family 6 model 58 stepping 9, cmov, cx8, fxsr, mmx, sse, sse2, sse3, ssse3, sse4.1, sse4.2, popcnt, avx, aes, erms, ht, tsc, tscinvbit, tscinv

/proc/cpuinfo:
processor	: 0
vendor_id	: GenuineIntel
cpu family	: 6
model		: 58
model name	: Intel(R) Core(TM) i7-3612QM CPU @ 2.10GHz
stepping	: 9
microcode	: 0x12
cpu MHz		: 2793.000
cache size	: 6144 KB
physical id	: 0
siblings	: 8
core id		: 0
cpu cores	: 4
apicid		: 0
initial apicid	: 0
fpu		: yes
fpu_exception	: yes
cpuid level	: 13
wp		: yes
flags		: fpu vme de pse tsc msr pae mce cx8 apic sep mtrr pge mca cmov pat pse36 clflush dts acpi mmx fxsr sse sse2 ss ht tm pbe syscall nx rdtscp lm constant_tsc arch_perfmon pebs bts rep_good nopl xtopology nonstop_tsc aperfmperf eagerfpu pni pclmulqdq dtes64 monitor ds_cpl vmx est tm2 ssse3 cx16 xtpr pdcm pcid sse4_1 sse4_2 x2apic popcnt tsc_deadline_timer aes xsave avx f16c rdrand lahf_lm ida arat epb xsaveopt pln pts dtherm tpr_shadow vnmi flexpriority ept vpid fsgsbase smep erms
bogomips	: 4192.97
clflush size	: 64
cache_alignment	: 64
address sizes	: 36 bits physical, 48 bits virtual
power management:

processor	: 1
vendor_id	: GenuineIntel
cpu family	: 6
model		: 58
model name	: Intel(R) Core(TM) i7-3612QM CPU @ 2.10GHz
stepping	: 9
microcode	: 0x12
cpu MHz		: 2793.000
cache size	: 6144 KB
physical id	: 0
siblings	: 8
core id		: 0
cpu cores	: 4
apicid		: 1
initial apicid	: 1
fpu		: yes
fpu_exception	: yes
cpuid level	: 13
wp		: yes
flags		: fpu vme de pse tsc msr pae mce cx8 apic sep mtrr pge mca cmov pat pse36 clflush dts acpi mmx fxsr sse sse2 ss ht tm pbe syscall nx rdtscp lm constant_tsc arch_perfmon pebs bts rep_good nopl xtopology nonstop_tsc aperfmperf eagerfpu pni pclmulqdq dtes64 monitor ds_cpl vmx est tm2 ssse3 cx16 xtpr pdcm pcid sse4_1 sse4_2 x2apic popcnt tsc_deadline_timer aes xsave avx f16c rdrand lahf_lm ida arat epb xsaveopt pln pts dtherm tpr_shadow vnmi flexpriority ept vpid fsgsbase smep erms
bogomips	: 4192.97
clflush size	: 64
cache_alignment	: 64
address sizes	: 36 bits physical, 48 bits virtual
power management:

processor	: 2
vendor_id	: GenuineIntel
cpu family	: 6
model		: 58
model name	: Intel(R) Core(TM) i7-3612QM CPU @ 2.10GHz
stepping	: 9
microcode	: 0x12
cpu MHz		: 2793.000
cache size	: 6144 KB
physical id	: 0
siblings	: 8
core id		: 1
cpu cores	: 4
apicid		: 2
initial apicid	: 2
fpu		: yes
fpu_exception	: yes
cpuid level	: 13
wp		: yes
flags		: fpu vme de pse tsc msr pae mce cx8 apic sep mtrr pge mca cmov pat pse36 clflush dts acpi mmx fxsr sse sse2 ss ht tm pbe syscall nx rdtscp lm constant_tsc arch_perfmon pebs bts rep_good nopl xtopology nonstop_tsc aperfmperf eagerfpu pni pclmulqdq dtes64 monitor ds_cpl vmx est tm2 ssse3 cx16 xtpr pdcm pcid sse4_1 sse4_2 x2apic popcnt tsc_deadline_timer aes xsave avx f16c rdrand lahf_lm ida arat epb xsaveopt pln pts dtherm tpr_shadow vnmi flexpriority ept vpid fsgsbase smep erms
bogomips	: 4192.97
clflush size	: 64
cache_alignment	: 64
address sizes	: 36 bits physical, 48 bits virtual
power management:

processor	: 3
vendor_id	: GenuineIntel
cpu family	: 6
model		: 58
model name	: Intel(R) Core(TM) i7-3612QM CPU @ 2.10GHz
stepping	: 9
microcode	: 0x12
cpu MHz		: 1953.000
cache size	: 6144 KB
physical id	: 0
siblings	: 8
core id		: 1
cpu cores	: 4
apicid		: 3
initial apicid	: 3
fpu		: yes
fpu_exception	: yes
cpuid level	: 13
wp		: yes
flags		: fpu vme de pse tsc msr pae mce cx8 apic sep mtrr pge mca cmov pat pse36 clflush dts acpi mmx fxsr sse sse2 ss ht tm pbe syscall nx rdtscp lm constant_tsc arch_perfmon pebs bts rep_good nopl xtopology nonstop_tsc aperfmperf eagerfpu pni pclmulqdq dtes64 monitor ds_cpl vmx est tm2 ssse3 cx16 xtpr pdcm pcid sse4_1 sse4_2 x2apic popcnt tsc_deadline_timer aes xsave avx f16c rdrand lahf_lm ida arat epb xsaveopt pln pts dtherm tpr_shadow vnmi flexpriority ept vpid fsgsbase smep erms
bogomips	: 4192.97
clflush size	: 64
cache_alignment	: 64
address sizes	: 36 bits physical, 48 bits virtual
power management:

processor	: 4
vendor_id	: GenuineIntel
cpu family	: 6
model		: 58
model name	: Intel(R) Core(TM) i7-3612QM CPU @ 2.10GHz
stepping	: 9
microcode	: 0x12
cpu MHz		: 2793.000
cache size	: 6144 KB
physical id	: 0
siblings	: 8
core id		: 2
cpu cores	: 4
apicid		: 4
initial apicid	: 4
fpu		: yes
fpu_exception	: yes
cpuid level	: 13
wp		: yes
flags		: fpu vme de pse tsc msr pae mce cx8 apic sep mtrr pge mca cmov pat pse36 clflush dts acpi mmx fxsr sse sse2 ss ht tm pbe syscall nx rdtscp lm constant_tsc arch_perfmon pebs bts rep_good nopl xtopology nonstop_tsc aperfmperf eagerfpu pni pclmulqdq dtes64 monitor ds_cpl vmx est tm2 ssse3 cx16 xtpr pdcm pcid sse4_1 sse4_2 x2apic popcnt tsc_deadline_timer aes xsave avx f16c rdrand lahf_lm ida arat epb xsaveopt pln pts dtherm tpr_shadow vnmi flexpriority ept vpid fsgsbase smep erms
bogomips	: 4192.97
clflush size	: 64
cache_alignment	: 64
address sizes	: 36 bits physical, 48 bits virtual
power management:

processor	: 5
vendor_id	: GenuineIntel
cpu family	: 6
model		: 58
model name	: Intel(R) Core(TM) i7-3612QM CPU @ 2.10GHz
stepping	: 9
microcode	: 0x12
cpu MHz		: 2688.000
cache size	: 6144 KB
physical id	: 0
siblings	: 8
core id		: 2
cpu cores	: 4
apicid		: 5
initial apicid	: 5
fpu		: yes
fpu_exception	: yes
cpuid level	: 13
wp		: yes
flags		: fpu vme de pse tsc msr pae mce cx8 apic sep mtrr pge mca cmov pat pse36 clflush dts acpi mmx fxsr sse sse2 ss ht tm pbe syscall nx rdtscp lm constant_tsc arch_perfmon pebs bts rep_good nopl xtopology nonstop_tsc aperfmperf eagerfpu pni pclmulqdq dtes64 monitor ds_cpl vmx est tm2 ssse3 cx16 xtpr pdcm pcid sse4_1 sse4_2 x2apic popcnt tsc_deadline_timer aes xsave avx f16c rdrand lahf_lm ida arat epb xsaveopt pln pts dtherm tpr_shadow vnmi flexpriority ept vpid fsgsbase smep erms
bogomips	: 4192.97
clflush size	: 64
cache_alignment	: 64
address sizes	: 36 bits physical, 48 bits virtual
power management:

processor	: 6
vendor_id	: GenuineIntel
cpu family	: 6
model		: 58
model name	: Intel(R) Core(TM) i7-3612QM CPU @ 2.10GHz
stepping	: 9
microcode	: 0x12
cpu MHz		: 2793.000
cache size	: 6144 KB
physical id	: 0
siblings	: 8
core id		: 3
cpu cores	: 4
apicid		: 6
initial apicid	: 6
fpu		: yes
fpu_exception	: yes
cpuid level	: 13
wp		: yes
flags		: fpu vme de pse tsc msr pae mce cx8 apic sep mtrr pge mca cmov pat pse36 clflush dts acpi mmx fxsr sse sse2 ss ht tm pbe syscall nx rdtscp lm constant_tsc arch_perfmon pebs bts rep_good nopl xtopology nonstop_tsc aperfmperf eagerfpu pni pclmulqdq dtes64 monitor ds_cpl vmx est tm2 ssse3 cx16 xtpr pdcm pcid sse4_1 sse4_2 x2apic popcnt tsc_deadline_timer aes xsave avx f16c rdrand lahf_lm ida arat epb xsaveopt pln pts dtherm tpr_shadow vnmi flexpriority ept vpid fsgsbase smep erms
bogomips	: 4192.97
clflush size	: 64
cache_alignment	: 64
address sizes	: 36 bits physical, 48 bits virtual
power management:

processor	: 7
vendor_id	: GenuineIntel
cpu family	: 6
model		: 58
model name	: Intel(R) Core(TM) i7-3612QM CPU @ 2.10GHz
stepping	: 9
microcode	: 0x12
cpu MHz		: 2625.000
cache size	: 6144 KB
physical id	: 0
siblings	: 8
core id		: 3
cpu cores	: 4
apicid		: 7
initial apicid	: 7
fpu		: yes
fpu_exception	: yes
cpuid level	: 13
wp		: yes
flags		: fpu vme de pse tsc msr pae mce cx8 apic sep mtrr pge mca cmov pat pse36 clflush dts acpi mmx fxsr sse sse2 ss ht tm pbe syscall nx rdtscp lm constant_tsc arch_perfmon pebs bts rep_good nopl xtopology nonstop_tsc aperfmperf eagerfpu pni pclmulqdq dtes64 monitor ds_cpl vmx est tm2 ssse3 cx16 xtpr pdcm pcid sse4_1 sse4_2 x2apic popcnt tsc_deadline_timer aes xsave avx f16c rdrand lahf_lm ida arat epb xsaveopt pln pts dtherm tpr_shadow vnmi flexpriority ept vpid fsgsbase smep erms
bogomips	: 4192.97
clflush size	: 64
cache_alignment	: 64
address sizes	: 36 bits physical, 48 bits virtual
power management:



Memory: 4k page, physical 5705148k(3595148k free), swap 0k(0k free)

vm_info: OpenJDK 64-Bit Server VM (24.45-b08) for linux-amd64 JRE (1.7.0_45-b31), built on Oct 21 2013 19:10:26 by "nobody" with gcc 4.8.2

time: Fri Nov 29 13:56:45 2013
elapsed time: 0 seconds

