#
# A fatal error has been detected by the Java Runtime Environment:
#
#  Internal Error (javaClasses.cpp:136), pid=3366, tid=140062321526528
#  fatal error: Invalid layout of preloaded class
#
# JRE version:  (7.0_45-b31) (build )
# Java VM: OpenJDK 64-Bit Server VM (24.45-b08 mixed mode linux-amd64 compressed oops)
# Failed to write core dump. Core dumps have been disabled. To enable core dumping, try "ulimit -c unlimited" before starting Java again
#
# If you would like to submit a bug report, please include
# instructions on how to reproduce the bug and visit:
#   http://icedtea.classpath.org/bugzilla
#

---------------  T H R E A D  ---------------

Current thread (0x00007f62c4008800):  JavaThread "Unknown thread" [_thread_in_vm, id=3374, stack(0x00007f62ccdbc000,0x00007f62ccebd000)]

Stack: [0x00007f62ccdbc000,0x00007f62ccebd000],  sp=0x00007f62ccebb950,  free space=1022k
Native frames: (J=compiled Java code, j=interpreted, Vv=VM code, C=native code)
V  [libjvm.so+0x929e55]  JVM_handle_linux_signal+0x177685
V  [libjvm.so+0x47a4b4]  dlerror+0x47a4b4
V  [libjvm.so+0x5d370a]  AsyncGetCallTrace+0xdb7ca
V  [libjvm.so+0x5d3d16]  AsyncGetCallTrace+0xdbdd6
V  [libjvm.so+0x8b09bc]  JVM_handle_linux_signal+0xfe1ec
V  [libjvm.so+0x8fb948]  JVM_handle_linux_signal+0x149178
V  [libjvm.so+0x8fbf54]  JVM_handle_linux_signal+0x149784
V  [libjvm.so+0x58842a]  AsyncGetCallTrace+0x904ea
V  [libjvm.so+0x8df21f]  JVM_handle_linux_signal+0x12ca4f
V  [libjvm.so+0x5f1bd4]  JNI_CreateJavaVM+0x54
C  [libjli.so+0x29b8]  getenv+0x29b8


---------------  P R O C E S S  ---------------

Java Threads: ( => current thread )

Other Threads:

=>0x00007f62c4008800 (exited) JavaThread "Unknown thread" [_thread_in_vm, id=3374, stack(0x00007f62ccdbc000,0x00007f62ccebd000)]

VM state:not at safepoint (not fully initialized)

VM Mutex/Monitor currently owned by a thread: None

GC Heap History (0 events):
No events

Deoptimization events (0 events):
No events

Internal exceptions (0 events):
No events

Events (10 events):
Event: 0.007 loading class 0x00007f62c8fc76f0 done
Event: 0.007 loading class 0x00007f62c8fc7110 done
Event: 0.007 loading class 0x00007f62c8fc70f0
Event: 0.007 loading class 0x00007f62c8fcf130
Event: 0.007 loading class 0x00007f62c8fcf130 done
Event: 0.007 loading class 0x00007f62c8fcf160
Event: 0.007 loading class 0x00007f62c8fcf160 done
Event: 0.007 loading class 0x00007f62c8fcf190
Event: 0.007 loading class 0x00007f62c8fcf190 done
Event: 0.007 loading class 0x00007f62c8fc70f0 done


Dynamic libraries:
00400000-00401000 r-xp 00000000 08:02 1716182                            /usr/lib/jvm/java-7-openjdk/jre/bin/java
00600000-00601000 rw-p 00000000 08:02 1716182                            /usr/lib/jvm/java-7-openjdk/jre/bin/java
01595000-015b6000 rw-p 00000000 00:00 0                                  [heap]
9e800000-9fd00000 rw-p 00000000 00:00 0 
9fd00000-a8e00000 rw-p 00000000 00:00 0 
a8e00000-ac800000 rw-p 00000000 00:00 0 
ac800000-e2f00000 rw-p 00000000 00:00 0 
e2f00000-e4c00000 rw-p 00000000 00:00 0 
e4c00000-100000000 rw-p 00000000 00:00 0 
7f629c000000-7f629c021000 rw-p 00000000 00:00 0 
7f629c021000-7f62a0000000 ---p 00000000 00:00 0 
7f62a0f40000-7f62a4000000 rw-p 00000000 00:00 0 
7f62a4000000-7f62a4021000 rw-p 00000000 00:00 0 
7f62a4021000-7f62a8000000 ---p 00000000 00:00 0 
7f62a8000000-7f62a8021000 rw-p 00000000 00:00 0 
7f62a8021000-7f62ac000000 ---p 00000000 00:00 0 
7f62ac000000-7f62ac021000 rw-p 00000000 00:00 0 
7f62ac021000-7f62b0000000 ---p 00000000 00:00 0 
7f62b0000000-7f62b0021000 rw-p 00000000 00:00 0 
7f62b0021000-7f62b4000000 ---p 00000000 00:00 0 
7f62b4000000-7f62b4021000 rw-p 00000000 00:00 0 
7f62b4021000-7f62b8000000 ---p 00000000 00:00 0 
7f62b8000000-7f62b8021000 rw-p 00000000 00:00 0 
7f62b8021000-7f62bc000000 ---p 00000000 00:00 0 
7f62bc000000-7f62bc021000 rw-p 00000000 00:00 0 
7f62bc021000-7f62c0000000 ---p 00000000 00:00 0 
7f62c1000000-7f62c1270000 rwxp 00000000 00:00 0 
7f62c1270000-7f62c405c000 rw-p 00000000 00:00 0 
7f62c405c000-7f62c8000000 ---p 00000000 00:00 0 
7f62c8e53000-7f62c8e7a000 rw-p 00000000 00:00 0 
7f62c8e7a000-7f62c8f51000 r--s 013f2000 08:02 3158886                    /opt/android-sdk/platforms/android-19/android.jar
7f62c8f51000-7f62c9356000 rw-p 00000000 00:00 0 
7f62c9356000-7f62c9357000 ---p 00000000 00:00 0 
7f62c9357000-7f62c9457000 rw-p 00000000 00:00 0                          [stack:3382]
7f62c9457000-7f62c9458000 ---p 00000000 00:00 0 
7f62c9458000-7f62c9558000 rw-p 00000000 00:00 0                          [stack:3381]
7f62c9558000-7f62c9559000 ---p 00000000 00:00 0 
7f62c9559000-7f62c9659000 rw-p 00000000 00:00 0                          [stack:3380]
7f62c9659000-7f62c965a000 ---p 00000000 00:00 0 
7f62c965a000-7f62c975a000 rw-p 00000000 00:00 0                          [stack:3379]
7f62c975a000-7f62c975b000 ---p 00000000 00:00 0 
7f62c975b000-7f62c985b000 rw-p 00000000 00:00 0                          [stack:3378]
7f62c985b000-7f62c985c000 ---p 00000000 00:00 0 
7f62c985c000-7f62c995c000 rw-p 00000000 00:00 0                          [stack:3377]
7f62c995c000-7f62c995d000 ---p 00000000 00:00 0 
7f62c995d000-7f62c9a5d000 rw-p 00000000 00:00 0                          [stack:3376]
7f62c9a5d000-7f62c9a5e000 ---p 00000000 00:00 0 
7f62c9a5e000-7f62c9b69000 rw-p 00000000 00:00 0                          [stack:3375]
7f62c9b69000-7f62c9bb1000 rw-p 00000000 00:00 0 
7f62c9bb1000-7f62c9bce000 rw-p 00000000 00:00 0 
7f62c9bce000-7f62c9d82000 rw-p 00000000 00:00 0 
7f62c9d82000-7f62c9d8d000 rw-p 00000000 00:00 0 
7f62c9d8d000-7f62c9dd5000 rw-p 00000000 00:00 0 
7f62c9dd5000-7f62c9df2000 rw-p 00000000 00:00 0 
7f62c9df2000-7f62c9fa5000 rw-p 00000000 00:00 0 
7f62c9fa5000-7f62c9fb4000 rw-p 00000000 00:00 0 
7f62c9fb4000-7f62ca08e000 rw-p 00000000 00:00 0 
7f62ca08e000-7f62ca08f000 rw-p 00000000 00:00 0 
7f62ca08f000-7f62ca097000 r-xp 00000000 08:02 1716148                    /usr/lib/jvm/java-7-openjdk/jre/lib/amd64/libzip.so
7f62ca097000-7f62ca296000 ---p 00008000 08:02 1716148                    /usr/lib/jvm/java-7-openjdk/jre/lib/amd64/libzip.so
7f62ca296000-7f62ca297000 rw-p 00007000 08:02 1716148                    /usr/lib/jvm/java-7-openjdk/jre/lib/amd64/libzip.so
7f62ca297000-7f62ca2a2000 r-xp 00000000 08:02 1576038                    /usr/lib/libnss_files-2.18.so
7f62ca2a2000-7f62ca4a2000 ---p 0000b000 08:02 1576038                    /usr/lib/libnss_files-2.18.so
7f62ca4a2000-7f62ca4a3000 r--p 0000b000 08:02 1576038                    /usr/lib/libnss_files-2.18.so
7f62ca4a3000-7f62ca4a4000 rw-p 0000c000 08:02 1576038                    /usr/lib/libnss_files-2.18.so
7f62ca4a4000-7f62ca4cf000 r-xp 00000000 08:02 1716147                    /usr/lib/jvm/java-7-openjdk/jre/lib/amd64/libjava.so
7f62ca4cf000-7f62ca6cf000 ---p 0002b000 08:02 1716147                    /usr/lib/jvm/java-7-openjdk/jre/lib/amd64/libjava.so
7f62ca6cf000-7f62ca6d1000 rw-p 0002b000 08:02 1716147                    /usr/lib/jvm/java-7-openjdk/jre/lib/amd64/libjava.so
7f62ca6d1000-7f62ca6de000 r-xp 00000000 08:02 1716146                    /usr/lib/jvm/java-7-openjdk/jre/lib/amd64/libverify.so
7f62ca6de000-7f62ca8dd000 ---p 0000d000 08:02 1716146                    /usr/lib/jvm/java-7-openjdk/jre/lib/amd64/libverify.so
7f62ca8dd000-7f62ca8df000 rw-p 0000c000 08:02 1716146                    /usr/lib/jvm/java-7-openjdk/jre/lib/amd64/libverify.so
7f62ca8df000-7f62ca8e6000 r-xp 00000000 08:02 1576197                    /usr/lib/librt-2.18.so
7f62ca8e6000-7f62caae5000 ---p 00007000 08:02 1576197                    /usr/lib/librt-2.18.so
7f62caae5000-7f62caae6000 r--p 00006000 08:02 1576197                    /usr/lib/librt-2.18.so
7f62caae6000-7f62caae7000 rw-p 00007000 08:02 1576197                    /usr/lib/librt-2.18.so
7f62caae7000-7f62caafc000 r-xp 00000000 08:02 1579220                    /usr/lib/libgcc_s.so.1
7f62caafc000-7f62cacfc000 ---p 00015000 08:02 1579220                    /usr/lib/libgcc_s.so.1
7f62cacfc000-7f62cacfd000 rw-p 00015000 08:02 1579220                    /usr/lib/libgcc_s.so.1
7f62cacfd000-7f62cadff000 r-xp 00000000 08:02 1576140                    /usr/lib/libm-2.18.so
7f62cadff000-7f62caffe000 ---p 00102000 08:02 1576140                    /usr/lib/libm-2.18.so
7f62caffe000-7f62cafff000 r--p 00101000 08:02 1576140                    /usr/lib/libm-2.18.so
7f62cafff000-7f62cb000000 rw-p 00102000 08:02 1576140                    /usr/lib/libm-2.18.so
7f62cb000000-7f62cb0e6000 r-xp 00000000 08:02 1579213                    /usr/lib/libstdc++.so.6.0.18
7f62cb0e6000-7f62cb2e5000 ---p 000e6000 08:02 1579213                    /usr/lib/libstdc++.so.6.0.18
7f62cb2e5000-7f62cb2ed000 r--p 000e5000 08:02 1579213                    /usr/lib/libstdc++.so.6.0.18
7f62cb2ed000-7f62cb2ef000 rw-p 000ed000 08:02 1579213                    /usr/lib/libstdc++.so.6.0.18
7f62cb2ef000-7f62cb304000 rw-p 00000000 00:00 0 
7f62cb304000-7f62cbdf7000 r-xp 00000000 08:02 1716181                    /usr/lib/jvm/java-7-openjdk/jre/lib/amd64/server/libjvm.so
7f62cbdf7000-7f62cbff7000 ---p 00af3000 08:02 1716181                    /usr/lib/jvm/java-7-openjdk/jre/lib/amd64/server/libjvm.so
7f62cbff7000-7f62cc0b2000 rw-p 00af3000 08:02 1716181                    /usr/lib/jvm/java-7-openjdk/jre/lib/amd64/server/libjvm.so
7f62cc0b2000-7f62cc0df000 rw-p 00000000 00:00 0 
7f62cc0df000-7f62cc0f4000 r-xp 00000000 08:02 1579260                    /usr/lib/libz.so.1.2.8
7f62cc0f4000-7f62cc2f3000 ---p 00015000 08:02 1579260                    /usr/lib/libz.so.1.2.8
7f62cc2f3000-7f62cc2f4000 r--p 00014000 08:02 1579260                    /usr/lib/libz.so.1.2.8
7f62cc2f4000-7f62cc2f5000 rw-p 00015000 08:02 1579260                    /usr/lib/libz.so.1.2.8
7f62cc2f5000-7f62cc496000 r-xp 00000000 08:02 1576141                    /usr/lib/libc-2.18.so
7f62cc496000-7f62cc696000 ---p 001a1000 08:02 1576141                    /usr/lib/libc-2.18.so
7f62cc696000-7f62cc69a000 r--p 001a1000 08:02 1576141                    /usr/lib/libc-2.18.so
7f62cc69a000-7f62cc69c000 rw-p 001a5000 08:02 1576141                    /usr/lib/libc-2.18.so
7f62cc69c000-7f62cc6a0000 rw-p 00000000 00:00 0 
7f62cc6a0000-7f62cc6a3000 r-xp 00000000 08:02 1576198                    /usr/lib/libdl-2.18.so
7f62cc6a3000-7f62cc8a2000 ---p 00003000 08:02 1576198                    /usr/lib/libdl-2.18.so
7f62cc8a2000-7f62cc8a3000 r--p 00002000 08:02 1576198                    /usr/lib/libdl-2.18.so
7f62cc8a3000-7f62cc8a4000 rw-p 00003000 08:02 1576198                    /usr/lib/libdl-2.18.so
7f62cc8a4000-7f62cc8b1000 r-xp 00000000 08:02 1716176                    /usr/lib/jvm/java-7-openjdk/jre/lib/amd64/jli/libjli.so
7f62cc8b1000-7f62ccab0000 ---p 0000d000 08:02 1716176                    /usr/lib/jvm/java-7-openjdk/jre/lib/amd64/jli/libjli.so
7f62ccab0000-7f62ccab1000 rw-p 0000c000 08:02 1716176                    /usr/lib/jvm/java-7-openjdk/jre/lib/amd64/jli/libjli.so
7f62ccab1000-7f62ccac9000 r-xp 00000000 08:02 1576079                    /usr/lib/libpthread-2.18.so
7f62ccac9000-7f62cccc9000 ---p 00018000 08:02 1576079                    /usr/lib/libpthread-2.18.so
7f62cccc9000-7f62cccca000 r--p 00018000 08:02 1576079                    /usr/lib/libpthread-2.18.so
7f62cccca000-7f62ccccb000 rw-p 00019000 08:02 1576079                    /usr/lib/libpthread-2.18.so
7f62ccccb000-7f62ccccf000 rw-p 00000000 00:00 0 
7f62ccccf000-7f62cccef000 r-xp 00000000 08:02 1576113                    /usr/lib/ld-2.18.so
7f62cccfc000-7f62ccd06000 rw-p 00000000 00:00 0 
7f62ccd06000-7f62ccdbc000 rw-p 00000000 00:00 0 
7f62ccdbc000-7f62ccdbf000 ---p 00000000 00:00 0 
7f62ccdbf000-7f62ccec1000 rw-p 00000000 00:00 0                          [stack:3374]
7f62ccec2000-7f62ccee3000 rw-p 00000000 00:00 0 
7f62ccee3000-7f62cceeb000 rw-s 00000000 00:1d 28324                      /tmp/hsperfdata_kyle/3366
7f62cceeb000-7f62cceec000 rw-p 00000000 00:00 0 
7f62cceec000-7f62cceed000 r--p 00000000 00:00 0 
7f62cceed000-7f62cceee000 rw-p 00000000 00:00 0 
7f62cceee000-7f62cceef000 r--p 0001f000 08:02 1576113                    /usr/lib/ld-2.18.so
7f62cceef000-7f62ccef0000 rw-p 00020000 08:02 1576113                    /usr/lib/ld-2.18.so
7f62ccef0000-7f62ccef1000 rw-p 00000000 00:00 0 
7fff8fd7b000-7fff8fd9c000 rw-p 00000000 00:00 0                          [stack]
7fff8fdfe000-7fff8fe00000 r-xp 00000000 00:00 0                          [vdso]
ffffffffff600000-ffffffffff601000 r-xp 00000000 00:00 0                  [vsyscall]

VM Arguments:
jvm_args: -Dfile.encoding=ANSI_X3.4-1968 -Xbootclasspath:/opt/android-sdk/platforms/android-19/android.jar 
java_command: edu.purdue.SafeWalk.Requester
Launcher Type: SUN_STANDARD

Environment Variables:
JAVA_HOME=/usr/lib/jvm/java-7-openjdk
PATH=/usr/local/sbin:/usr/local/bin:/usr/bin:/opt/android-sdk/build-tools/18.1.1/:/opt/android-sdk/platform-tools:/opt/android-sdk/tools:/usr/bin/vendor_perl:/usr/bin/core_perl
SHELL=/bin/bash
DISPLAY=:0

Signal Handlers:
SIGSEGV: [libjvm.so+0x92a940], sa_mask[0]=0x7ffbfeff, sa_flags=0x10000004
SIGBUS: [libjvm.so+0x92a940], sa_mask[0]=0x7ffbfeff, sa_flags=0x10000004
SIGFPE: [libjvm.so+0x7a82f0], sa_mask[0]=0x7ffbfeff, sa_flags=0x10000004
SIGPIPE: [libjvm.so+0x7a82f0], sa_mask[0]=0x7ffbfeff, sa_flags=0x10000004
SIGXFSZ: [libjvm.so+0x7a82f0], sa_mask[0]=0x7ffbfeff, sa_flags=0x10000004
SIGILL: [libjvm.so+0x7a82f0], sa_mask[0]=0x7ffbfeff, sa_flags=0x10000004
SIGUSR1: SIG_IGN, sa_mask[0]=0x00000000, sa_flags=0x00000000
SIGUSR2: [libjvm.so+0x7a8190], sa_mask[0]=0x00000004, sa_flags=0x10000004
SIGHUP: SIG_DFL, sa_mask[0]=0x00000000, sa_flags=0x00000000
SIGINT: SIG_DFL, sa_mask[0]=0x00000000, sa_flags=0x00000000
SIGTERM: SIG_DFL, sa_mask[0]=0x00000000, sa_flags=0x00000000
SIGQUIT: SIG_DFL, sa_mask[0]=0x00000000, sa_flags=0x00000000


---------------  S Y S T E M  ---------------

OS:Linux
uname:Linux 3.11.6-1-ARCH #1 SMP PREEMPT Fri Oct 18 23:22:36 CEST 2013 x86_64
libc:glibc 2.18 NPTL 2.18 
rlimit: STACK 8192k, CORE 0k, NPROC 44526, NOFILE 4096, AS infinity
load average:0.24 0.22 0.23

/proc/meminfo:
MemTotal:        5705148 kB
MemFree:         4064632 kB
Buffers:           60056 kB
Cached:           580340 kB
SwapCached:            0 kB
Active:          1010216 kB
Inactive:         467084 kB
Active(anon):     839464 kB
Inactive(anon):    56124 kB
Active(file):     170752 kB
Inactive(file):   410960 kB
Unevictable:           0 kB
Mlocked:               0 kB
SwapTotal:             0 kB
SwapFree:              0 kB
Dirty:               304 kB
Writeback:             0 kB
AnonPages:        834936 kB
Mapped:           156340 kB
Shmem:             58692 kB
Slab:              58624 kB
SReclaimable:      38660 kB
SUnreclaim:        19964 kB
KernelStack:        2408 kB
PageTables:        17168 kB
NFS_Unstable:          0 kB
Bounce:                0 kB
WritebackTmp:          0 kB
CommitLimit:     2852572 kB
Committed_AS:    2184752 kB
VmallocTotal:   34359738367 kB
VmallocUsed:      366524 kB
VmallocChunk:   34359353308 kB
HardwareCorrupted:     0 kB
AnonHugePages:    393216 kB
HugePages_Total:       0
HugePages_Free:        0
HugePages_Rsvd:        0
HugePages_Surp:        0
Hugepagesize:       2048 kB
DirectMap4k:       12568 kB
DirectMap2M:     5863424 kB


CPU:total 8 (4 cores per cpu, 2 threads per core) family 6 model 58 stepping 9, cmov, cx8, fxsr, mmx, sse, sse2, sse3, ssse3, sse4.1, sse4.2, popcnt, avx, aes, erms, ht, tsc, tscinvbit, tscinv

/proc/cpuinfo:
processor	: 0
vendor_id	: GenuineIntel
cpu family	: 6
model		: 58
model name	: Intel(R) Core(TM) i7-3612QM CPU @ 2.10GHz
stepping	: 9
microcode	: 0x12
cpu MHz		: 2877.000
cache size	: 6144 KB
physical id	: 0
siblings	: 8
core id		: 0
cpu cores	: 4
apicid		: 0
initial apicid	: 0
fpu		: yes
fpu_exception	: yes
cpuid level	: 13
wp		: yes
flags		: fpu vme de pse tsc msr pae mce cx8 apic sep mtrr pge mca cmov pat pse36 clflush dts acpi mmx fxsr sse sse2 ss ht tm pbe syscall nx rdtscp lm constant_tsc arch_perfmon pebs bts rep_good nopl xtopology nonstop_tsc aperfmperf eagerfpu pni pclmulqdq dtes64 monitor ds_cpl vmx est tm2 ssse3 cx16 xtpr pdcm pcid sse4_1 sse4_2 x2apic popcnt tsc_deadline_timer aes xsave avx f16c rdrand lahf_lm ida arat epb xsaveopt pln pts dtherm tpr_shadow vnmi flexpriority ept vpid fsgsbase smep erms
bogomips	: 4192.92
clflush size	: 64
cache_alignment	: 64
address sizes	: 36 bits physical, 48 bits virtual
power management:

processor	: 1
vendor_id	: GenuineIntel
cpu family	: 6
model		: 58
model name	: Intel(R) Core(TM) i7-3612QM CPU @ 2.10GHz
stepping	: 9
microcode	: 0x12
cpu MHz		: 2373.000
cache size	: 6144 KB
physical id	: 0
siblings	: 8
core id		: 0
cpu cores	: 4
apicid		: 1
initial apicid	: 1
fpu		: yes
fpu_exception	: yes
cpuid level	: 13
wp		: yes
flags		: fpu vme de pse tsc msr pae mce cx8 apic sep mtrr pge mca cmov pat pse36 clflush dts acpi mmx fxsr sse sse2 ss ht tm pbe syscall nx rdtscp lm constant_tsc arch_perfmon pebs bts rep_good nopl xtopology nonstop_tsc aperfmperf eagerfpu pni pclmulqdq dtes64 monitor ds_cpl vmx est tm2 ssse3 cx16 xtpr pdcm pcid sse4_1 sse4_2 x2apic popcnt tsc_deadline_timer aes xsave avx f16c rdrand lahf_lm ida arat epb xsaveopt pln pts dtherm tpr_shadow vnmi flexpriority ept vpid fsgsbase smep erms
bogomips	: 4192.92
clflush size	: 64
cache_alignment	: 64
address sizes	: 36 bits physical, 48 bits virtual
power management:

processor	: 2
vendor_id	: GenuineIntel
cpu family	: 6
model		: 58
model name	: Intel(R) Core(TM) i7-3612QM CPU @ 2.10GHz
stepping	: 9
microcode	: 0x12
cpu MHz		: 2793.000
cache size	: 6144 KB
physical id	: 0
siblings	: 8
core id		: 1
cpu cores	: 4
apicid		: 2
initial apicid	: 2
fpu		: yes
fpu_exception	: yes
cpuid level	: 13
wp		: yes
flags		: fpu vme de pse tsc msr pae mce cx8 apic sep mtrr pge mca cmov pat pse36 clflush dts acpi mmx fxsr sse sse2 ss ht tm pbe syscall nx rdtscp lm constant_tsc arch_perfmon pebs bts rep_good nopl xtopology nonstop_tsc aperfmperf eagerfpu pni pclmulqdq dtes64 monitor ds_cpl vmx est tm2 ssse3 cx16 xtpr pdcm pcid sse4_1 sse4_2 x2apic popcnt tsc_deadline_timer aes xsave avx f16c rdrand lahf_lm ida arat epb xsaveopt pln pts dtherm tpr_shadow vnmi flexpriority ept vpid fsgsbase smep erms
bogomips	: 4192.92
clflush size	: 64
cache_alignment	: 64
address sizes	: 36 bits physical, 48 bits virtual
power management:

processor	: 3
vendor_id	: GenuineIntel
cpu family	: 6
model		: 58
model name	: Intel(R) Core(TM) i7-3612QM CPU @ 2.10GHz
stepping	: 9
microcode	: 0x12
cpu MHz		: 2520.000
cache size	: 6144 KB
physical id	: 0
siblings	: 8
core id		: 1
cpu cores	: 4
apicid		: 3
initial apicid	: 3
fpu		: yes
fpu_exception	: yes
cpuid level	: 13
wp		: yes
flags		: fpu vme de pse tsc msr pae mce cx8 apic sep mtrr pge mca cmov pat pse36 clflush dts acpi mmx fxsr sse sse2 ss ht tm pbe syscall nx rdtscp lm constant_tsc arch_perfmon pebs bts rep_good nopl xtopology nonstop_tsc aperfmperf eagerfpu pni pclmulqdq dtes64 monitor ds_cpl vmx est tm2 ssse3 cx16 xtpr pdcm pcid sse4_1 sse4_2 x2apic popcnt tsc_deadline_timer aes xsave avx f16c rdrand lahf_lm ida arat epb xsaveopt pln pts dtherm tpr_shadow vnmi flexpriority ept vpid fsgsbase smep erms
bogomips	: 4192.92
clflush size	: 64
cache_alignment	: 64
address sizes	: 36 bits physical, 48 bits virtual
power management:

processor	: 4
vendor_id	: GenuineIntel
cpu family	: 6
model		: 58
model name	: Intel(R) Core(TM) i7-3612QM CPU @ 2.10GHz
stepping	: 9
microcode	: 0x12
cpu MHz		: 2793.000
cache size	: 6144 KB
physical id	: 0
siblings	: 8
core id		: 2
cpu cores	: 4
apicid		: 4
initial apicid	: 4
fpu		: yes
fpu_exception	: yes
cpuid level	: 13
wp		: yes
flags		: fpu vme de pse tsc msr pae mce cx8 apic sep mtrr pge mca cmov pat pse36 clflush dts acpi mmx fxsr sse sse2 ss ht tm pbe syscall nx rdtscp lm constant_tsc arch_perfmon pebs bts rep_good nopl xtopology nonstop_tsc aperfmperf eagerfpu pni pclmulqdq dtes64 monitor ds_cpl vmx est tm2 ssse3 cx16 xtpr pdcm pcid sse4_1 sse4_2 x2apic popcnt tsc_deadline_timer aes xsave avx f16c rdrand lahf_lm ida arat epb xsaveopt pln pts dtherm tpr_shadow vnmi flexpriority ept vpid fsgsbase smep erms
bogomips	: 4192.92
clflush size	: 64
cache_alignment	: 64
address sizes	: 36 bits physical, 48 bits virtual
power management:

processor	: 5
vendor_id	: GenuineIntel
cpu family	: 6
model		: 58
model name	: Intel(R) Core(TM) i7-3612QM CPU @ 2.10GHz
stepping	: 9
microcode	: 0x12
cpu MHz		: 2667.000
cache size	: 6144 KB
physical id	: 0
siblings	: 8
core id		: 2
cpu cores	: 4
apicid		: 5
initial apicid	: 5
fpu		: yes
fpu_exception	: yes
cpuid level	: 13
wp		: yes
flags		: fpu vme de pse tsc msr pae mce cx8 apic sep mtrr pge mca cmov pat pse36 clflush dts acpi mmx fxsr sse sse2 ss ht tm pbe syscall nx rdtscp lm constant_tsc arch_perfmon pebs bts rep_good nopl xtopology nonstop_tsc aperfmperf eagerfpu pni pclmulqdq dtes64 monitor ds_cpl vmx est tm2 ssse3 cx16 xtpr pdcm pcid sse4_1 sse4_2 x2apic popcnt tsc_deadline_timer aes xsave avx f16c rdrand lahf_lm ida arat epb xsaveopt pln pts dtherm tpr_shadow vnmi flexpriority ept vpid fsgsbase smep erms
bogomips	: 4192.92
clflush size	: 64
cache_alignment	: 64
address sizes	: 36 bits physical, 48 bits virtual
power management:

processor	: 6
vendor_id	: GenuineIntel
cpu family	: 6
model		: 58
model name	: Intel(R) Core(TM) i7-3612QM CPU @ 2.10GHz
stepping	: 9
microcode	: 0x12
cpu MHz		: 2793.000
cache size	: 6144 KB
physical id	: 0
siblings	: 8
core id		: 3
cpu cores	: 4
apicid		: 6
initial apicid	: 6
fpu		: yes
fpu_exception	: yes
cpuid level	: 13
wp		: yes
flags		: fpu vme de pse tsc msr pae mce cx8 apic sep mtrr pge mca cmov pat pse36 clflush dts acpi mmx fxsr sse sse2 ss ht tm pbe syscall nx rdtscp lm constant_tsc arch_perfmon pebs bts rep_good nopl xtopology nonstop_tsc aperfmperf eagerfpu pni pclmulqdq dtes64 monitor ds_cpl vmx est tm2 ssse3 cx16 xtpr pdcm pcid sse4_1 sse4_2 x2apic popcnt tsc_deadline_timer aes xsave avx f16c rdrand lahf_lm ida arat epb xsaveopt pln pts dtherm tpr_shadow vnmi flexpriority ept vpid fsgsbase smep erms
bogomips	: 4192.92
clflush size	: 64
cache_alignment	: 64
address sizes	: 36 bits physical, 48 bits virtual
power management:

processor	: 7
vendor_id	: GenuineIntel
cpu family	: 6
model		: 58
model name	: Intel(R) Core(TM) i7-3612QM CPU @ 2.10GHz
stepping	: 9
microcode	: 0x12
cpu MHz		: 2667.000
cache size	: 6144 KB
physical id	: 0
siblings	: 8
core id		: 3
cpu cores	: 4
apicid		: 7
initial apicid	: 7
fpu		: yes
fpu_exception	: yes
cpuid level	: 13
wp		: yes
flags		: fpu vme de pse tsc msr pae mce cx8 apic sep mtrr pge mca cmov pat pse36 clflush dts acpi mmx fxsr sse sse2 ss ht tm pbe syscall nx rdtscp lm constant_tsc arch_perfmon pebs bts rep_good nopl xtopology nonstop_tsc aperfmperf eagerfpu pni pclmulqdq dtes64 monitor ds_cpl vmx est tm2 ssse3 cx16 xtpr pdcm pcid sse4_1 sse4_2 x2apic popcnt tsc_deadline_timer aes xsave avx f16c rdrand lahf_lm ida arat epb xsaveopt pln pts dtherm tpr_shadow vnmi flexpriority ept vpid fsgsbase smep erms
bogomips	: 4192.92
clflush size	: 64
cache_alignment	: 64
address sizes	: 36 bits physical, 48 bits virtual
power management:



Memory: 4k page, physical 5705148k(4064632k free), swap 0k(0k free)

vm_info: OpenJDK 64-Bit Server VM (24.45-b08) for linux-amd64 JRE (1.7.0_45-b31), built on Oct 21 2013 19:10:26 by "nobody" with gcc 4.8.2

time: Tue Dec  3 17:27:24 2013
elapsed time: 0 seconds

