#
# A fatal error has been detected by the Java Runtime Environment:
#
#  Internal Error (javaClasses.cpp:136), pid=5744, tid=5464
#  fatal error: Invalid layout of preloaded class
#
# JRE version:  (7.0_40-b43) (build )
# Java VM: Java HotSpot(TM) 64-Bit Server VM (24.0-b56 mixed mode windows-amd64 compressed oops)
# Failed to write core dump. Minidumps are not enabled by default on client versions of Windows
#
# If you would like to submit a bug report, please visit:
#   http://bugreport.sun.com/bugreport/crash.jsp
#

---------------  T H R E A D  ---------------

Current thread (0x0000000002330800):  JavaThread "Unknown thread" [_thread_in_vm, id=5464, stack(0x0000000002220000,0x0000000002320000)]

Stack: [0x0000000002220000,0x0000000002320000]

---------------  P R O C E S S  ---------------

Java Threads: ( => current thread )

Other Threads:

=>0x0000000002330800 (exited) JavaThread "Unknown thread" [_thread_in_vm, id=5464, stack(0x0000000002220000,0x0000000002320000)]

VM state:not at safepoint (not fully initialized)

VM Mutex/Monitor currently owned by a thread: None

GC Heap History (0 events):
No events

Deoptimization events (0 events):
No events

Internal exceptions (0 events):
No events

Events (10 events):
Event: 0.006 loading class 0x000000000237e8c0 done
Event: 0.006 loading class 0x000000000237e2e0 done
Event: 0.006 loading class 0x000000000237e2c0
Event: 0.006 loading class 0x00000000023863c0
Event: 0.006 loading class 0x00000000023863c0 done
Event: 0.006 loading class 0x00000000023863f0
Event: 0.006 loading class 0x00000000023863f0 done
Event: 0.006 loading class 0x0000000002386420
Event: 0.006 loading class 0x0000000002386420 done
Event: 0.007 loading class 0x000000000237e2c0 done


Dynamic libraries:
0x000007f7c6a20000 - 0x000007f7c6a53000 	C:\Program Files\Java\jre7\bin\javaw.exe
0x000007fa3b4f0000 - 0x000007fa3b6b0000 	C:\windows\SYSTEM32\ntdll.dll
0x000007fa39f10000 - 0x000007fa3a046000 	C:\windows\system32\KERNEL32.DLL
0x000007fa38570000 - 0x000007fa38663000 	C:\windows\system32\KERNELBASE.dll
0x000007fa39a70000 - 0x000007fa39b4e000 	C:\windows\system32\ADVAPI32.dll
0x000007fa39320000 - 0x000007fa3946c000 	C:\windows\system32\USER32.dll
0x000007fa35690000 - 0x000007fa358fa000 	C:\windows\WinSxS\amd64_microsoft.windows.common-controls_6595b64144ccf1df_6.0.9200.16579_none_418ab7ef718b27ef\COMCTL32.dll
0x000007fa39b50000 - 0x000007fa39bf5000 	C:\windows\system32\msvcrt.dll
0x000007fa38e10000 - 0x000007fa38e58000 	C:\windows\SYSTEM32\sechost.dll
0x000007fa39150000 - 0x000007fa39295000 	C:\windows\system32\RPCRT4.dll
0x000007fa388e0000 - 0x000007fa38a21000 	C:\windows\system32\GDI32.dll
0x000007fa39dc0000 - 0x000007fa39df9000 	C:\windows\system32\IMM32.DLL
0x000007fa3b330000 - 0x000007fa3b446000 	C:\windows\system32\MSCTF.dll
0x0000000076d20000 - 0x0000000076df1000 	C:\Program Files\Java\jre7\bin\msvcr100.dll
0x00000000762b0000 - 0x0000000076a79000 	C:\Program Files\Java\jre7\bin\server\jvm.dll
0x000007fa2fdc0000 - 0x000007fa2fdc9000 	C:\windows\SYSTEM32\WSOCK32.dll
0x000007fa36c90000 - 0x000007fa36cb0000 	C:\windows\SYSTEM32\WINMM.dll
0x000007fa39c10000 - 0x000007fa39c17000 	C:\windows\system32\PSAPI.DLL
0x000007fa390f0000 - 0x000007fa39148000 	C:\windows\system32\WS2_32.dll
0x000007fa359d0000 - 0x000007fa35a03000 	C:\windows\SYSTEM32\WINMMBASE.dll
0x000007fa39c00000 - 0x000007fa39c09000 	C:\windows\system32\NSI.dll
0x000007fa38520000 - 0x000007fa3856f000 	C:\windows\SYSTEM32\cfgmgr32.dll
0x000007fa38850000 - 0x000007fa38872000 	C:\windows\system32\DEVOBJ.dll
0x0000000076d10000 - 0x0000000076d1f000 	C:\Program Files\Java\jre7\bin\verify.dll
0x0000000076ce0000 - 0x0000000076d08000 	C:\Program Files\Java\jre7\bin\java.dll
0x0000000076cc0000 - 0x0000000076cd5000 	C:\Program Files\Java\jre7\bin\zip.dll

VM Arguments:
jvm_args: -Dfile.encoding=Cp1252 -Xbootclasspath:C:\Users\joosh_000\Desktop\App Dev\adt-bundle-windows-x86_64-20130917\sdk\platforms\android-18\android.jar 
java_command: Client
Launcher Type: SUN_STANDARD

Environment Variables:
PATH=C:\Program Files (x86)\NVIDIA Corporation\PhysX\Common;C:\Program Files (x86)\Intel\iCLS Client\;C:\Program Files\Intel\iCLS Client\;C:\windows\system32;C:\windows;C:\windows\System32\Wbem;C:\windows\System32\WindowsPowerShell\v1.0\;C:\Program Files (x86)\Intel\OpenCL SDK\3.0\bin\x86;C:\Program Files (x86)\Intel\OpenCL SDK\3.0\bin\x64;C:\Program Files\Intel\Intel(R) Management Engine Components\DAL;C:\Program Files\Intel\Intel(R) Management Engine Components\IPT;C:\Program Files (x86)\Intel\Intel(R) Management Engine Components\DAL;C:\Program Files (x86)\Intel\Intel(R) Management Engine Components\IPT;C:\Program Files\Intel\WiFi\bin\;C:\Program Files\Common Files\Intel\WirelessCommon\;C:\Program Files\Condusiv Technologies\ExpressCache\
USERNAME=joosh_000
OS=Windows_NT
PROCESSOR_IDENTIFIER=Intel64 Family 6 Model 60 Stepping 3, GenuineIntel



---------------  S Y S T E M  ---------------

OS: Windows 8 , 64 bit Build 9200 

CPU:total 8 (4 cores per cpu, 2 threads per core) family 6 model 60 stepping 3, cmov, cx8, fxsr, mmx, sse, sse2, sse3, ssse3, sse4.1, sse4.2, popcnt, avx, avx2, aes, erms, ht, tsc, tscinvbit

Memory: 4k page, physical 8102164k(3162084k free), swap 9347348k(3793148k free)

vm_info: Java HotSpot(TM) 64-Bit Server VM (24.0-b56) for windows-amd64 JRE (1.7.0_40-b43), built on Aug 26 2013 22:38:32 by "java_re" with unknown MS VC++:1600

time: Tue Nov 05 20:01:42 2013
elapsed time: 0 seconds

