#
# A fatal error has been detected by the Java Runtime Environment:
#
#  Internal Error (javaClasses.cpp:136), pid=3455, tid=139865535289088
#  fatal error: Invalid layout of preloaded class
#
# JRE version:  (7.0_45-b31) (build )
# Java VM: OpenJDK 64-Bit Server VM (24.45-b08 mixed mode linux-amd64 compressed oops)
# Failed to write core dump. Core dumps have been disabled. To enable core dumping, try "ulimit -c unlimited" before starting Java again
#
# If you would like to submit a bug report, please include
# instructions on how to reproduce the bug and visit:
#   http://icedtea.classpath.org/bugzilla
#

---------------  T H R E A D  ---------------

Current thread (0x00007f34f4008800):  JavaThread "Unknown thread" [_thread_in_vm, id=3457, stack(0x00007f34fb7c1000,0x00007f34fb8c2000)]

Stack: [0x00007f34fb7c1000,0x00007f34fb8c2000],  sp=0x00007f34fb8c0950,  free space=1022k
Native frames: (J=compiled Java code, j=interpreted, Vv=VM code, C=native code)
V  [libjvm.so+0x929e55]  JVM_handle_linux_signal+0x177685
V  [libjvm.so+0x47a4b4]  dlerror+0x47a4b4
V  [libjvm.so+0x5d370a]  AsyncGetCallTrace+0xdb7ca
V  [libjvm.so+0x5d3d16]  AsyncGetCallTrace+0xdbdd6
V  [libjvm.so+0x8b09bc]  JVM_handle_linux_signal+0xfe1ec
V  [libjvm.so+0x8fb948]  JVM_handle_linux_signal+0x149178
V  [libjvm.so+0x8fbf54]  JVM_handle_linux_signal+0x149784
V  [libjvm.so+0x58842a]  AsyncGetCallTrace+0x904ea
V  [libjvm.so+0x8df21f]  JVM_handle_linux_signal+0x12ca4f
V  [libjvm.so+0x5f1bd4]  JNI_CreateJavaVM+0x54
C  [libjli.so+0x29b8]  getenv+0x29b8


---------------  P R O C E S S  ---------------

Java Threads: ( => current thread )

Other Threads:

=>0x00007f34f4008800 (exited) JavaThread "Unknown thread" [_thread_in_vm, id=3457, stack(0x00007f34fb7c1000,0x00007f34fb8c2000)]

VM state:not at safepoint (not fully initialized)

VM Mutex/Monitor currently owned by a thread: None

GC Heap History (0 events):
No events

Deoptimization events (0 events):
No events

Internal exceptions (0 events):
No events

Events (10 events):
Event: 0.006 loading class 0x00007f34f09966f0 done
Event: 0.006 loading class 0x00007f34f0996110 done
Event: 0.006 loading class 0x00007f34f09960f0
Event: 0.006 loading class 0x00007f34f099e130
Event: 0.006 loading class 0x00007f34f099e130 done
Event: 0.006 loading class 0x00007f34f099e160
Event: 0.006 loading class 0x00007f34f099e160 done
Event: 0.006 loading class 0x00007f34f099e190
Event: 0.006 loading class 0x00007f34f099e190 done
Event: 0.006 loading class 0x00007f34f09960f0 done


Dynamic libraries:
00400000-00401000 r-xp 00000000 08:02 1716182                            /usr/lib/jvm/java-7-openjdk/jre/bin/java
00600000-00601000 rw-p 00000000 08:02 1716182                            /usr/lib/jvm/java-7-openjdk/jre/bin/java
00d78000-00d99000 rw-p 00000000 00:00 0                                  [heap]
9e800000-9fd00000 rw-p 00000000 00:00 0 
9fd00000-a8e00000 rw-p 00000000 00:00 0 
a8e00000-ac800000 rw-p 00000000 00:00 0 
ac800000-e2f00000 rw-p 00000000 00:00 0 
e2f00000-e4c00000 rw-p 00000000 00:00 0 
e4c00000-100000000 rw-p 00000000 00:00 0 
7f34cc000000-7f34cc021000 rw-p 00000000 00:00 0 
7f34cc021000-7f34d0000000 ---p 00000000 00:00 0 
7f34d0f40000-7f34d4000000 rw-p 00000000 00:00 0 
7f34d4000000-7f34d4021000 rw-p 00000000 00:00 0 
7f34d4021000-7f34d8000000 ---p 00000000 00:00 0 
7f34d8000000-7f34d8021000 rw-p 00000000 00:00 0 
7f34d8021000-7f34dc000000 ---p 00000000 00:00 0 
7f34dc000000-7f34dc021000 rw-p 00000000 00:00 0 
7f34dc021000-7f34e0000000 ---p 00000000 00:00 0 
7f34e0000000-7f34e0021000 rw-p 00000000 00:00 0 
7f34e0021000-7f34e4000000 ---p 00000000 00:00 0 
7f34e4000000-7f34e4021000 rw-p 00000000 00:00 0 
7f34e4021000-7f34e8000000 ---p 00000000 00:00 0 
7f34e8000000-7f34e8021000 rw-p 00000000 00:00 0 
7f34e8021000-7f34ec000000 ---p 00000000 00:00 0 
7f34ec000000-7f34ec021000 rw-p 00000000 00:00 0 
7f34ec021000-7f34f0000000 ---p 00000000 00:00 0 
7f34f0849000-7f34f0920000 r--s 013f2000 08:02 3158886                    /opt/android-sdk/platforms/android-19/android.jar
7f34f0920000-7f34f0cfd000 rw-p 00000000 00:00 0 
7f34f0cfd000-7f34f0cfe000 ---p 00000000 00:00 0 
7f34f0cfe000-7f34f0dfe000 rw-p 00000000 00:00 0                          [stack:3468]
7f34f0dfe000-7f34f0dff000 ---p 00000000 00:00 0 
7f34f0dff000-7f34f0eff000 rw-p 00000000 00:00 0                          [stack:3467]
7f34f0eff000-7f34f0f00000 ---p 00000000 00:00 0 
7f34f0f00000-7f34f1000000 rw-p 00000000 00:00 0                          [stack:3466]
7f34f1000000-7f34f1270000 rwxp 00000000 00:00 0 
7f34f1270000-7f34f405c000 rw-p 00000000 00:00 0 
7f34f405c000-7f34f8000000 ---p 00000000 00:00 0 
7f34f800f000-7f34f805e000 rw-p 00000000 00:00 0 
7f34f805e000-7f34f805f000 ---p 00000000 00:00 0 
7f34f805f000-7f34f815f000 rw-p 00000000 00:00 0                          [stack:3465]
7f34f815f000-7f34f8160000 ---p 00000000 00:00 0 
7f34f8160000-7f34f8260000 rw-p 00000000 00:00 0                          [stack:3464]
7f34f8260000-7f34f8261000 ---p 00000000 00:00 0 
7f34f8261000-7f34f8361000 rw-p 00000000 00:00 0                          [stack:3463]
7f34f8361000-7f34f8362000 ---p 00000000 00:00 0 
7f34f8362000-7f34f8462000 rw-p 00000000 00:00 0                          [stack:3462]
7f34f8462000-7f34f8463000 ---p 00000000 00:00 0 
7f34f8463000-7f34f856e000 rw-p 00000000 00:00 0                          [stack:3461]
7f34f856e000-7f34f85b6000 rw-p 00000000 00:00 0 
7f34f85b6000-7f34f85d3000 rw-p 00000000 00:00 0 
7f34f85d3000-7f34f8787000 rw-p 00000000 00:00 0 
7f34f8787000-7f34f8792000 rw-p 00000000 00:00 0 
7f34f8792000-7f34f87da000 rw-p 00000000 00:00 0 
7f34f87da000-7f34f87f7000 rw-p 00000000 00:00 0 
7f34f87f7000-7f34f89aa000 rw-p 00000000 00:00 0 
7f34f89aa000-7f34f89b9000 rw-p 00000000 00:00 0 
7f34f89b9000-7f34f8a93000 rw-p 00000000 00:00 0 
7f34f8a93000-7f34f8a94000 rw-p 00000000 00:00 0 
7f34f8a94000-7f34f8a9c000 r-xp 00000000 08:02 1716148                    /usr/lib/jvm/java-7-openjdk/jre/lib/amd64/libzip.so
7f34f8a9c000-7f34f8c9b000 ---p 00008000 08:02 1716148                    /usr/lib/jvm/java-7-openjdk/jre/lib/amd64/libzip.so
7f34f8c9b000-7f34f8c9c000 rw-p 00007000 08:02 1716148                    /usr/lib/jvm/java-7-openjdk/jre/lib/amd64/libzip.so
7f34f8c9c000-7f34f8ca7000 r-xp 00000000 08:02 1576038                    /usr/lib/libnss_files-2.18.so
7f34f8ca7000-7f34f8ea7000 ---p 0000b000 08:02 1576038                    /usr/lib/libnss_files-2.18.so
7f34f8ea7000-7f34f8ea8000 r--p 0000b000 08:02 1576038                    /usr/lib/libnss_files-2.18.so
7f34f8ea8000-7f34f8ea9000 rw-p 0000c000 08:02 1576038                    /usr/lib/libnss_files-2.18.so
7f34f8ea9000-7f34f8ed4000 r-xp 00000000 08:02 1716147                    /usr/lib/jvm/java-7-openjdk/jre/lib/amd64/libjava.so
7f34f8ed4000-7f34f90d4000 ---p 0002b000 08:02 1716147                    /usr/lib/jvm/java-7-openjdk/jre/lib/amd64/libjava.so
7f34f90d4000-7f34f90d6000 rw-p 0002b000 08:02 1716147                    /usr/lib/jvm/java-7-openjdk/jre/lib/amd64/libjava.so
7f34f90d6000-7f34f90e3000 r-xp 00000000 08:02 1716146                    /usr/lib/jvm/java-7-openjdk/jre/lib/amd64/libverify.so
7f34f90e3000-7f34f92e2000 ---p 0000d000 08:02 1716146                    /usr/lib/jvm/java-7-openjdk/jre/lib/amd64/libverify.so
7f34f92e2000-7f34f92e4000 rw-p 0000c000 08:02 1716146                    /usr/lib/jvm/java-7-openjdk/jre/lib/amd64/libverify.so
7f34f92e4000-7f34f92eb000 r-xp 00000000 08:02 1576197                    /usr/lib/librt-2.18.so
7f34f92eb000-7f34f94ea000 ---p 00007000 08:02 1576197                    /usr/lib/librt-2.18.so
7f34f94ea000-7f34f94eb000 r--p 00006000 08:02 1576197                    /usr/lib/librt-2.18.so
7f34f94eb000-7f34f94ec000 rw-p 00007000 08:02 1576197                    /usr/lib/librt-2.18.so
7f34f94ec000-7f34f9501000 r-xp 00000000 08:02 1579220                    /usr/lib/libgcc_s.so.1
7f34f9501000-7f34f9701000 ---p 00015000 08:02 1579220                    /usr/lib/libgcc_s.so.1
7f34f9701000-7f34f9702000 rw-p 00015000 08:02 1579220                    /usr/lib/libgcc_s.so.1
7f34f9702000-7f34f9804000 r-xp 00000000 08:02 1576140                    /usr/lib/libm-2.18.so
7f34f9804000-7f34f9a03000 ---p 00102000 08:02 1576140                    /usr/lib/libm-2.18.so
7f34f9a03000-7f34f9a04000 r--p 00101000 08:02 1576140                    /usr/lib/libm-2.18.so
7f34f9a04000-7f34f9a05000 rw-p 00102000 08:02 1576140                    /usr/lib/libm-2.18.so
7f34f9a05000-7f34f9aeb000 r-xp 00000000 08:02 1579213                    /usr/lib/libstdc++.so.6.0.18
7f34f9aeb000-7f34f9cea000 ---p 000e6000 08:02 1579213                    /usr/lib/libstdc++.so.6.0.18
7f34f9cea000-7f34f9cf2000 r--p 000e5000 08:02 1579213                    /usr/lib/libstdc++.so.6.0.18
7f34f9cf2000-7f34f9cf4000 rw-p 000ed000 08:02 1579213                    /usr/lib/libstdc++.so.6.0.18
7f34f9cf4000-7f34f9d09000 rw-p 00000000 00:00 0 
7f34f9d09000-7f34fa7fc000 r-xp 00000000 08:02 1716181                    /usr/lib/jvm/java-7-openjdk/jre/lib/amd64/server/libjvm.so
7f34fa7fc000-7f34fa9fc000 ---p 00af3000 08:02 1716181                    /usr/lib/jvm/java-7-openjdk/jre/lib/amd64/server/libjvm.so
7f34fa9fc000-7f34faab7000 rw-p 00af3000 08:02 1716181                    /usr/lib/jvm/java-7-openjdk/jre/lib/amd64/server/libjvm.so
7f34faab7000-7f34faae4000 rw-p 00000000 00:00 0 
7f34faae4000-7f34faaf9000 r-xp 00000000 08:02 1579260                    /usr/lib/libz.so.1.2.8
7f34faaf9000-7f34facf8000 ---p 00015000 08:02 1579260                    /usr/lib/libz.so.1.2.8
7f34facf8000-7f34facf9000 r--p 00014000 08:02 1579260                    /usr/lib/libz.so.1.2.8
7f34facf9000-7f34facfa000 rw-p 00015000 08:02 1579260                    /usr/lib/libz.so.1.2.8
7f34facfa000-7f34fae9b000 r-xp 00000000 08:02 1576141                    /usr/lib/libc-2.18.so
7f34fae9b000-7f34fb09b000 ---p 001a1000 08:02 1576141                    /usr/lib/libc-2.18.so
7f34fb09b000-7f34fb09f000 r--p 001a1000 08:02 1576141                    /usr/lib/libc-2.18.so
7f34fb09f000-7f34fb0a1000 rw-p 001a5000 08:02 1576141                    /usr/lib/libc-2.18.so
7f34fb0a1000-7f34fb0a5000 rw-p 00000000 00:00 0 
7f34fb0a5000-7f34fb0a8000 r-xp 00000000 08:02 1576198                    /usr/lib/libdl-2.18.so
7f34fb0a8000-7f34fb2a7000 ---p 00003000 08:02 1576198                    /usr/lib/libdl-2.18.so
7f34fb2a7000-7f34fb2a8000 r--p 00002000 08:02 1576198                    /usr/lib/libdl-2.18.so
7f34fb2a8000-7f34fb2a9000 rw-p 00003000 08:02 1576198                    /usr/lib/libdl-2.18.so
7f34fb2a9000-7f34fb2b6000 r-xp 00000000 08:02 1716176                    /usr/lib/jvm/java-7-openjdk/jre/lib/amd64/jli/libjli.so
7f34fb2b6000-7f34fb4b5000 ---p 0000d000 08:02 1716176                    /usr/lib/jvm/java-7-openjdk/jre/lib/amd64/jli/libjli.so
7f34fb4b5000-7f34fb4b6000 rw-p 0000c000 08:02 1716176                    /usr/lib/jvm/java-7-openjdk/jre/lib/amd64/jli/libjli.so
7f34fb4b6000-7f34fb4ce000 r-xp 00000000 08:02 1576079                    /usr/lib/libpthread-2.18.so
7f34fb4ce000-7f34fb6ce000 ---p 00018000 08:02 1576079                    /usr/lib/libpthread-2.18.so
7f34fb6ce000-7f34fb6cf000 r--p 00018000 08:02 1576079                    /usr/lib/libpthread-2.18.so
7f34fb6cf000-7f34fb6d0000 rw-p 00019000 08:02 1576079                    /usr/lib/libpthread-2.18.so
7f34fb6d0000-7f34fb6d4000 rw-p 00000000 00:00 0 
7f34fb6d4000-7f34fb6f4000 r-xp 00000000 08:02 1576113                    /usr/lib/ld-2.18.so
7f34fb701000-7f34fb70b000 rw-p 00000000 00:00 0 
7f34fb70b000-7f34fb7c1000 rw-p 00000000 00:00 0 
7f34fb7c1000-7f34fb7c4000 ---p 00000000 00:00 0 
7f34fb7c4000-7f34fb8c6000 rw-p 00000000 00:00 0                          [stack:3457]
7f34fb8c7000-7f34fb8e8000 rw-p 00000000 00:00 0 
7f34fb8e8000-7f34fb8f0000 rw-s 00000000 00:1d 33840                      /tmp/hsperfdata_kyle/3455
7f34fb8f0000-7f34fb8f1000 rw-p 00000000 00:00 0 
7f34fb8f1000-7f34fb8f2000 r--p 00000000 00:00 0 
7f34fb8f2000-7f34fb8f3000 rw-p 00000000 00:00 0 
7f34fb8f3000-7f34fb8f4000 r--p 0001f000 08:02 1576113                    /usr/lib/ld-2.18.so
7f34fb8f4000-7f34fb8f5000 rw-p 00020000 08:02 1576113                    /usr/lib/ld-2.18.so
7f34fb8f5000-7f34fb8f6000 rw-p 00000000 00:00 0 
7fff751e1000-7fff75202000 rw-p 00000000 00:00 0                          [stack]
7fff75399000-7fff7539b000 r-xp 00000000 00:00 0                          [vdso]
ffffffffff600000-ffffffffff601000 r-xp 00000000 00:00 0                  [vsyscall]

VM Arguments:
jvm_args: -Dfile.encoding=ANSI_X3.4-1968 -Xbootclasspath:/opt/android-sdk/platforms/android-19/android.jar 
java_command: edu.purdue.SafeWalk.Requester
Launcher Type: SUN_STANDARD

Environment Variables:
JAVA_HOME=/usr/lib/jvm/java-7-openjdk
PATH=/usr/local/sbin:/usr/local/bin:/usr/bin:/opt/android-sdk/build-tools/18.1.1/:/opt/android-sdk/platform-tools:/opt/android-sdk/tools:/usr/bin/vendor_perl:/usr/bin/core_perl
SHELL=/bin/bash
DISPLAY=:0

Signal Handlers:
SIGSEGV: [libjvm.so+0x92a940], sa_mask[0]=0x7ffbfeff, sa_flags=0x10000004
SIGBUS: [libjvm.so+0x92a940], sa_mask[0]=0x7ffbfeff, sa_flags=0x10000004
SIGFPE: [libjvm.so+0x7a82f0], sa_mask[0]=0x7ffbfeff, sa_flags=0x10000004
SIGPIPE: [libjvm.so+0x7a82f0], sa_mask[0]=0x7ffbfeff, sa_flags=0x10000004
SIGXFSZ: [libjvm.so+0x7a82f0], sa_mask[0]=0x7ffbfeff, sa_flags=0x10000004
SIGILL: [libjvm.so+0x7a82f0], sa_mask[0]=0x7ffbfeff, sa_flags=0x10000004
SIGUSR1: SIG_IGN, sa_mask[0]=0x00000000, sa_flags=0x00000000
SIGUSR2: [libjvm.so+0x7a8190], sa_mask[0]=0x00000004, sa_flags=0x10000004
SIGHUP: SIG_DFL, sa_mask[0]=0x00000000, sa_flags=0x00000000
SIGINT: SIG_DFL, sa_mask[0]=0x00000000, sa_flags=0x00000000
SIGTERM: SIG_DFL, sa_mask[0]=0x00000000, sa_flags=0x00000000
SIGQUIT: SIG_DFL, sa_mask[0]=0x00000000, sa_flags=0x00000000


---------------  S Y S T E M  ---------------

OS:Linux
uname:Linux 3.11.6-1-ARCH #1 SMP PREEMPT Fri Oct 18 23:22:36 CEST 2013 x86_64
libc:glibc 2.18 NPTL 2.18 
rlimit: STACK 8192k, CORE 0k, NPROC 44526, NOFILE 4096, AS infinity
load average:0.47 0.28 0.24

/proc/meminfo:
MemTotal:        5705148 kB
MemFree:         4061000 kB
Buffers:           60152 kB
Cached:           585444 kB
SwapCached:            0 kB
Active:          1007576 kB
Inactive:         471948 kB
Active(anon):     836776 kB
Inactive(anon):    60384 kB
Active(file):     170800 kB
Inactive(file):   411564 kB
Unevictable:           0 kB
Mlocked:               0 kB
SwapTotal:             0 kB
SwapFree:              0 kB
Dirty:               300 kB
Writeback:             0 kB
AnonPages:        830208 kB
Mapped:           157400 kB
Shmem:             63236 kB
Slab:              58892 kB
SReclaimable:      38756 kB
SUnreclaim:        20136 kB
KernelStack:        2384 kB
PageTables:        17080 kB
NFS_Unstable:          0 kB
Bounce:                0 kB
WritebackTmp:          0 kB
CommitLimit:     2852572 kB
Committed_AS:    2182384 kB
VmallocTotal:   34359738367 kB
VmallocUsed:      366524 kB
VmallocChunk:   34359353308 kB
HardwareCorrupted:     0 kB
AnonHugePages:    434176 kB
HugePages_Total:       0
HugePages_Free:        0
HugePages_Rsvd:        0
HugePages_Surp:        0
Hugepagesize:       2048 kB
DirectMap4k:       12568 kB
DirectMap2M:     5863424 kB


CPU:total 8 (4 cores per cpu, 2 threads per core) family 6 model 58 stepping 9, cmov, cx8, fxsr, mmx, sse, sse2, sse3, ssse3, sse4.1, sse4.2, popcnt, avx, aes, erms, ht, tsc, tscinvbit, tscinv

/proc/cpuinfo:
processor	: 0
vendor_id	: GenuineIntel
cpu family	: 6
model		: 58
model name	: Intel(R) Core(TM) i7-3612QM CPU @ 2.10GHz
stepping	: 9
microcode	: 0x12
cpu MHz		: 2835.000
cache size	: 6144 KB
physical id	: 0
siblings	: 8
core id		: 0
cpu cores	: 4
apicid		: 0
initial apicid	: 0
fpu		: yes
fpu_exception	: yes
cpuid level	: 13
wp		: yes
flags		: fpu vme de pse tsc msr pae mce cx8 apic sep mtrr pge mca cmov pat pse36 clflush dts acpi mmx fxsr sse sse2 ss ht tm pbe syscall nx rdtscp lm constant_tsc arch_perfmon pebs bts rep_good nopl xtopology nonstop_tsc aperfmperf eagerfpu pni pclmulqdq dtes64 monitor ds_cpl vmx est tm2 ssse3 cx16 xtpr pdcm pcid sse4_1 sse4_2 x2apic popcnt tsc_deadline_timer aes xsave avx f16c rdrand lahf_lm ida arat epb xsaveopt pln pts dtherm tpr_shadow vnmi flexpriority ept vpid fsgsbase smep erms
bogomips	: 4192.92
clflush size	: 64
cache_alignment	: 64
address sizes	: 36 bits physical, 48 bits virtual
power management:

processor	: 1
vendor_id	: GenuineIntel
cpu family	: 6
model		: 58
model name	: Intel(R) Core(TM) i7-3612QM CPU @ 2.10GHz
stepping	: 9
microcode	: 0x12
cpu MHz		: 2877.000
cache size	: 6144 KB
physical id	: 0
siblings	: 8
core id		: 0
cpu cores	: 4
apicid		: 1
initial apicid	: 1
fpu		: yes
fpu_exception	: yes
cpuid level	: 13
wp		: yes
flags		: fpu vme de pse tsc msr pae mce cx8 apic sep mtrr pge mca cmov pat pse36 clflush dts acpi mmx fxsr sse sse2 ss ht tm pbe syscall nx rdtscp lm constant_tsc arch_perfmon pebs bts rep_good nopl xtopology nonstop_tsc aperfmperf eagerfpu pni pclmulqdq dtes64 monitor ds_cpl vmx est tm2 ssse3 cx16 xtpr pdcm pcid sse4_1 sse4_2 x2apic popcnt tsc_deadline_timer aes xsave avx f16c rdrand lahf_lm ida arat epb xsaveopt pln pts dtherm tpr_shadow vnmi flexpriority ept vpid fsgsbase smep erms
bogomips	: 4192.92
clflush size	: 64
cache_alignment	: 64
address sizes	: 36 bits physical, 48 bits virtual
power management:

processor	: 2
vendor_id	: GenuineIntel
cpu family	: 6
model		: 58
model name	: Intel(R) Core(TM) i7-3612QM CPU @ 2.10GHz
stepping	: 9
microcode	: 0x12
cpu MHz		: 2835.000
cache size	: 6144 KB
physical id	: 0
siblings	: 8
core id		: 1
cpu cores	: 4
apicid		: 2
initial apicid	: 2
fpu		: yes
fpu_exception	: yes
cpuid level	: 13
wp		: yes
flags		: fpu vme de pse tsc msr pae mce cx8 apic sep mtrr pge mca cmov pat pse36 clflush dts acpi mmx fxsr sse sse2 ss ht tm pbe syscall nx rdtscp lm constant_tsc arch_perfmon pebs bts rep_good nopl xtopology nonstop_tsc aperfmperf eagerfpu pni pclmulqdq dtes64 monitor ds_cpl vmx est tm2 ssse3 cx16 xtpr pdcm pcid sse4_1 sse4_2 x2apic popcnt tsc_deadline_timer aes xsave avx f16c rdrand lahf_lm ida arat epb xsaveopt pln pts dtherm tpr_shadow vnmi flexpriority ept vpid fsgsbase smep erms
bogomips	: 4192.92
clflush size	: 64
cache_alignment	: 64
address sizes	: 36 bits physical, 48 bits virtual
power management:

processor	: 3
vendor_id	: GenuineIntel
cpu family	: 6
model		: 58
model name	: Intel(R) Core(TM) i7-3612QM CPU @ 2.10GHz
stepping	: 9
microcode	: 0x12
cpu MHz		: 2667.000
cache size	: 6144 KB
physical id	: 0
siblings	: 8
core id		: 1
cpu cores	: 4
apicid		: 3
initial apicid	: 3
fpu		: yes
fpu_exception	: yes
cpuid level	: 13
wp		: yes
flags		: fpu vme de pse tsc msr pae mce cx8 apic sep mtrr pge mca cmov pat pse36 clflush dts acpi mmx fxsr sse sse2 ss ht tm pbe syscall nx rdtscp lm constant_tsc arch_perfmon pebs bts rep_good nopl xtopology nonstop_tsc aperfmperf eagerfpu pni pclmulqdq dtes64 monitor ds_cpl vmx est tm2 ssse3 cx16 xtpr pdcm pcid sse4_1 sse4_2 x2apic popcnt tsc_deadline_timer aes xsave avx f16c rdrand lahf_lm ida arat epb xsaveopt pln pts dtherm tpr_shadow vnmi flexpriority ept vpid fsgsbase smep erms
bogomips	: 4192.92
clflush size	: 64
cache_alignment	: 64
address sizes	: 36 bits physical, 48 bits virtual
power management:

processor	: 4
vendor_id	: GenuineIntel
cpu family	: 6
model		: 58
model name	: Intel(R) Core(TM) i7-3612QM CPU @ 2.10GHz
stepping	: 9
microcode	: 0x12
cpu MHz		: 2877.000
cache size	: 6144 KB
physical id	: 0
siblings	: 8
core id		: 2
cpu cores	: 4
apicid		: 4
initial apicid	: 4
fpu		: yes
fpu_exception	: yes
cpuid level	: 13
wp		: yes
flags		: fpu vme de pse tsc msr pae mce cx8 apic sep mtrr pge mca cmov pat pse36 clflush dts acpi mmx fxsr sse sse2 ss ht tm pbe syscall nx rdtscp lm constant_tsc arch_perfmon pebs bts rep_good nopl xtopology nonstop_tsc aperfmperf eagerfpu pni pclmulqdq dtes64 monitor ds_cpl vmx est tm2 ssse3 cx16 xtpr pdcm pcid sse4_1 sse4_2 x2apic popcnt tsc_deadline_timer aes xsave avx f16c rdrand lahf_lm ida arat epb xsaveopt pln pts dtherm tpr_shadow vnmi flexpriority ept vpid fsgsbase smep erms
bogomips	: 4192.92
clflush size	: 64
cache_alignment	: 64
address sizes	: 36 bits physical, 48 bits virtual
power management:

processor	: 5
vendor_id	: GenuineIntel
cpu family	: 6
model		: 58
model name	: Intel(R) Core(TM) i7-3612QM CPU @ 2.10GHz
stepping	: 9
microcode	: 0x12
cpu MHz		: 2814.000
cache size	: 6144 KB
physical id	: 0
siblings	: 8
core id		: 2
cpu cores	: 4
apicid		: 5
initial apicid	: 5
fpu		: yes
fpu_exception	: yes
cpuid level	: 13
wp		: yes
flags		: fpu vme de pse tsc msr pae mce cx8 apic sep mtrr pge mca cmov pat pse36 clflush dts acpi mmx fxsr sse sse2 ss ht tm pbe syscall nx rdtscp lm constant_tsc arch_perfmon pebs bts rep_good nopl xtopology nonstop_tsc aperfmperf eagerfpu pni pclmulqdq dtes64 monitor ds_cpl vmx est tm2 ssse3 cx16 xtpr pdcm pcid sse4_1 sse4_2 x2apic popcnt tsc_deadline_timer aes xsave avx f16c rdrand lahf_lm ida arat epb xsaveopt pln pts dtherm tpr_shadow vnmi flexpriority ept vpid fsgsbase smep erms
bogomips	: 4192.92
clflush size	: 64
cache_alignment	: 64
address sizes	: 36 bits physical, 48 bits virtual
power management:

processor	: 6
vendor_id	: GenuineIntel
cpu family	: 6
model		: 58
model name	: Intel(R) Core(TM) i7-3612QM CPU @ 2.10GHz
stepping	: 9
microcode	: 0x12
cpu MHz		: 2667.000
cache size	: 6144 KB
physical id	: 0
siblings	: 8
core id		: 3
cpu cores	: 4
apicid		: 6
initial apicid	: 6
fpu		: yes
fpu_exception	: yes
cpuid level	: 13
wp		: yes
flags		: fpu vme de pse tsc msr pae mce cx8 apic sep mtrr pge mca cmov pat pse36 clflush dts acpi mmx fxsr sse sse2 ss ht tm pbe syscall nx rdtscp lm constant_tsc arch_perfmon pebs bts rep_good nopl xtopology nonstop_tsc aperfmperf eagerfpu pni pclmulqdq dtes64 monitor ds_cpl vmx est tm2 ssse3 cx16 xtpr pdcm pcid sse4_1 sse4_2 x2apic popcnt tsc_deadline_timer aes xsave avx f16c rdrand lahf_lm ida arat epb xsaveopt pln pts dtherm tpr_shadow vnmi flexpriority ept vpid fsgsbase smep erms
bogomips	: 4192.92
clflush size	: 64
cache_alignment	: 64
address sizes	: 36 bits physical, 48 bits virtual
power management:

processor	: 7
vendor_id	: GenuineIntel
cpu family	: 6
model		: 58
model name	: Intel(R) Core(TM) i7-3612QM CPU @ 2.10GHz
stepping	: 9
microcode	: 0x12
cpu MHz		: 2709.000
cache size	: 6144 KB
physical id	: 0
siblings	: 8
core id		: 3
cpu cores	: 4
apicid		: 7
initial apicid	: 7
fpu		: yes
fpu_exception	: yes
cpuid level	: 13
wp		: yes
flags		: fpu vme de pse tsc msr pae mce cx8 apic sep mtrr pge mca cmov pat pse36 clflush dts acpi mmx fxsr sse sse2 ss ht tm pbe syscall nx rdtscp lm constant_tsc arch_perfmon pebs bts rep_good nopl xtopology nonstop_tsc aperfmperf eagerfpu pni pclmulqdq dtes64 monitor ds_cpl vmx est tm2 ssse3 cx16 xtpr pdcm pcid sse4_1 sse4_2 x2apic popcnt tsc_deadline_timer aes xsave avx f16c rdrand lahf_lm ida arat epb xsaveopt pln pts dtherm tpr_shadow vnmi flexpriority ept vpid fsgsbase smep erms
bogomips	: 4192.92
clflush size	: 64
cache_alignment	: 64
address sizes	: 36 bits physical, 48 bits virtual
power management:



Memory: 4k page, physical 5705148k(4061000k free), swap 0k(0k free)

vm_info: OpenJDK 64-Bit Server VM (24.45-b08) for linux-amd64 JRE (1.7.0_45-b31), built on Oct 21 2013 19:10:26 by "nobody" with gcc 4.8.2

time: Tue Dec  3 17:28:00 2013
elapsed time: 0 seconds

