#
# A fatal error has been detected by the Java Runtime Environment:
#
#  Internal Error (javaClasses.cpp:136), pid=3413, tid=140294948325120
#  fatal error: Invalid layout of preloaded class
#
# JRE version:  (7.0_45-b31) (build )
# Java VM: OpenJDK 64-Bit Server VM (24.45-b08 mixed mode linux-amd64 compressed oops)
# Failed to write core dump. Core dumps have been disabled. To enable core dumping, try "ulimit -c unlimited" before starting Java again
#
# If you would like to submit a bug report, please include
# instructions on how to reproduce the bug and visit:
#   http://icedtea.classpath.org/bugzilla
#

---------------  T H R E A D  ---------------

Current thread (0x00007f98f0008800):  JavaThread "Unknown thread" [_thread_in_vm, id=3418, stack(0x00007f98f67f0000,0x00007f98f68f1000)]

Stack: [0x00007f98f67f0000,0x00007f98f68f1000],  sp=0x00007f98f68ef950,  free space=1022k
Native frames: (J=compiled Java code, j=interpreted, Vv=VM code, C=native code)
V  [libjvm.so+0x929e55]  JVM_handle_linux_signal+0x177685
V  [libjvm.so+0x47a4b4]  dlerror+0x47a4b4
V  [libjvm.so+0x5d370a]  AsyncGetCallTrace+0xdb7ca
V  [libjvm.so+0x5d3d16]  AsyncGetCallTrace+0xdbdd6
V  [libjvm.so+0x8b09bc]  JVM_handle_linux_signal+0xfe1ec
V  [libjvm.so+0x8fb948]  JVM_handle_linux_signal+0x149178
V  [libjvm.so+0x8fbf54]  JVM_handle_linux_signal+0x149784
V  [libjvm.so+0x58842a]  AsyncGetCallTrace+0x904ea
V  [libjvm.so+0x8df21f]  JVM_handle_linux_signal+0x12ca4f
V  [libjvm.so+0x5f1bd4]  JNI_CreateJavaVM+0x54
C  [libjli.so+0x29b8]  getenv+0x29b8


---------------  P R O C E S S  ---------------

Java Threads: ( => current thread )

Other Threads:

=>0x00007f98f0008800 (exited) JavaThread "Unknown thread" [_thread_in_vm, id=3418, stack(0x00007f98f67f0000,0x00007f98f68f1000)]

VM state:not at safepoint (not fully initialized)

VM Mutex/Monitor currently owned by a thread: None

GC Heap History (0 events):
No events

Deoptimization events (0 events):
No events

Internal exceptions (0 events):
No events

Events (10 events):
Event: 0.007 loading class 0x00007f98f402f6f0 done
Event: 0.008 loading class 0x00007f98f402f110 done
Event: 0.008 loading class 0x00007f98f402f0f0
Event: 0.008 loading class 0x00007f98f4037130
Event: 0.008 loading class 0x00007f98f4037130 done
Event: 0.008 loading class 0x00007f98f4037160
Event: 0.008 loading class 0x00007f98f4037160 done
Event: 0.008 loading class 0x00007f98f4037190
Event: 0.008 loading class 0x00007f98f4037190 done
Event: 0.008 loading class 0x00007f98f402f0f0 done


Dynamic libraries:
00400000-00401000 r-xp 00000000 08:02 1716182                            /usr/lib/jvm/java-7-openjdk/jre/bin/java
00600000-00601000 rw-p 00000000 08:02 1716182                            /usr/lib/jvm/java-7-openjdk/jre/bin/java
00f97000-00fb8000 rw-p 00000000 00:00 0                                  [heap]
9e800000-9fd00000 rw-p 00000000 00:00 0 
9fd00000-a8e00000 rw-p 00000000 00:00 0 
a8e00000-ac800000 rw-p 00000000 00:00 0 
ac800000-e2f00000 rw-p 00000000 00:00 0 
e2f00000-e4c00000 rw-p 00000000 00:00 0 
e4c00000-100000000 rw-p 00000000 00:00 0 
7f98c4000000-7f98c4021000 rw-p 00000000 00:00 0 
7f98c4021000-7f98c8000000 ---p 00000000 00:00 0 
7f98c8000000-7f98c8021000 rw-p 00000000 00:00 0 
7f98c8021000-7f98cc000000 ---p 00000000 00:00 0 
7f98cc000000-7f98cc021000 rw-p 00000000 00:00 0 
7f98cc021000-7f98d0000000 ---p 00000000 00:00 0 
7f98d0000000-7f98d0021000 rw-p 00000000 00:00 0 
7f98d0021000-7f98d4000000 ---p 00000000 00:00 0 
7f98d8000000-7f98d8021000 rw-p 00000000 00:00 0 
7f98d8021000-7f98dc000000 ---p 00000000 00:00 0 
7f98dc000000-7f98dc021000 rw-p 00000000 00:00 0 
7f98dc021000-7f98e0000000 ---p 00000000 00:00 0 
7f98e0000000-7f98e0021000 rw-p 00000000 00:00 0 
7f98e0021000-7f98e4000000 ---p 00000000 00:00 0 
7f98e4000000-7f98e4021000 rw-p 00000000 00:00 0 
7f98e4021000-7f98e8000000 ---p 00000000 00:00 0 
7f98e87bf000-7f98e8896000 r--s 013f2000 08:02 3158886                    /opt/android-sdk/platforms/android-19/android.jar
7f98e8896000-7f98ebcd8000 rw-p 00000000 00:00 0 
7f98ebcd8000-7f98ebcd9000 ---p 00000000 00:00 0 
7f98ebcd9000-7f98ebdd9000 rw-p 00000000 00:00 0                          [stack:3426]
7f98ebdd9000-7f98ebdda000 ---p 00000000 00:00 0 
7f98ebdda000-7f98ebeda000 rw-p 00000000 00:00 0                          [stack:3425]
7f98ebeda000-7f98ebedb000 ---p 00000000 00:00 0 
7f98ebedb000-7f98ebfdb000 rw-p 00000000 00:00 0                          [stack:3424]
7f98ebfdb000-7f98ebfdc000 ---p 00000000 00:00 0 
7f98ebfdc000-7f98ec0dc000 rw-p 00000000 00:00 0                          [stack:3423]
7f98ec0dc000-7f98ec0dd000 ---p 00000000 00:00 0 
7f98ec0dd000-7f98ec1dd000 rw-p 00000000 00:00 0                          [stack:3422]
7f98ec1dd000-7f98ec1de000 ---p 00000000 00:00 0 
7f98ec1de000-7f98ec2de000 rw-p 00000000 00:00 0                          [stack:3421]
7f98ec2de000-7f98ec2df000 ---p 00000000 00:00 0 
7f98ec2df000-7f98ec3df000 rw-p 00000000 00:00 0                          [stack:3420]
7f98ec3df000-7f98ec3e0000 ---p 00000000 00:00 0 
7f98ec3e0000-7f98ec4fd000 rw-p 00000000 00:00 0                          [stack:3419]
7f98ec4fd000-7f98ec6b1000 rw-p 00000000 00:00 0 
7f98ec6b1000-7f98ec6bc000 rw-p 00000000 00:00 0 
7f98ec6bc000-7f98ec704000 rw-p 00000000 00:00 0 
7f98ec704000-7f98ec721000 rw-p 00000000 00:00 0 
7f98ec721000-7f98ec8d4000 rw-p 00000000 00:00 0 
7f98ec8d4000-7f98ec8e3000 rw-p 00000000 00:00 0 
7f98ec8e3000-7f98ec9bd000 rw-p 00000000 00:00 0 
7f98ec9bd000-7f98ec9be000 rw-p 00000000 00:00 0 
7f98ec9be000-7f98ecc2e000 rwxp 00000000 00:00 0 
7f98ecc2e000-7f98ef9be000 rw-p 00000000 00:00 0 
7f98ef9be000-7f98ef9c6000 r-xp 00000000 08:02 1716148                    /usr/lib/jvm/java-7-openjdk/jre/lib/amd64/libzip.so
7f98ef9c6000-7f98efbc5000 ---p 00008000 08:02 1716148                    /usr/lib/jvm/java-7-openjdk/jre/lib/amd64/libzip.so
7f98efbc5000-7f98efbc6000 rw-p 00007000 08:02 1716148                    /usr/lib/jvm/java-7-openjdk/jre/lib/amd64/libzip.so
7f98efbc6000-7f98efbd1000 r-xp 00000000 08:02 1576038                    /usr/lib/libnss_files-2.18.so
7f98efbd1000-7f98efdd1000 ---p 0000b000 08:02 1576038                    /usr/lib/libnss_files-2.18.so
7f98efdd1000-7f98efdd2000 r--p 0000b000 08:02 1576038                    /usr/lib/libnss_files-2.18.so
7f98efdd2000-7f98efdd3000 rw-p 0000c000 08:02 1576038                    /usr/lib/libnss_files-2.18.so
7f98efdd3000-7f98efdfe000 r-xp 00000000 08:02 1716147                    /usr/lib/jvm/java-7-openjdk/jre/lib/amd64/libjava.so
7f98efdfe000-7f98efffe000 ---p 0002b000 08:02 1716147                    /usr/lib/jvm/java-7-openjdk/jre/lib/amd64/libjava.so
7f98efffe000-7f98f0000000 rw-p 0002b000 08:02 1716147                    /usr/lib/jvm/java-7-openjdk/jre/lib/amd64/libjava.so
7f98f0000000-7f98f005c000 rw-p 00000000 00:00 0 
7f98f005c000-7f98f4000000 ---p 00000000 00:00 0 
7f98f4008000-7f98f40bd000 rw-p 00000000 00:00 0 
7f98f40bd000-7f98f4105000 rw-p 00000000 00:00 0 
7f98f4105000-7f98f4112000 r-xp 00000000 08:02 1716146                    /usr/lib/jvm/java-7-openjdk/jre/lib/amd64/libverify.so
7f98f4112000-7f98f4311000 ---p 0000d000 08:02 1716146                    /usr/lib/jvm/java-7-openjdk/jre/lib/amd64/libverify.so
7f98f4311000-7f98f4313000 rw-p 0000c000 08:02 1716146                    /usr/lib/jvm/java-7-openjdk/jre/lib/amd64/libverify.so
7f98f4313000-7f98f431a000 r-xp 00000000 08:02 1576197                    /usr/lib/librt-2.18.so
7f98f431a000-7f98f4519000 ---p 00007000 08:02 1576197                    /usr/lib/librt-2.18.so
7f98f4519000-7f98f451a000 r--p 00006000 08:02 1576197                    /usr/lib/librt-2.18.so
7f98f451a000-7f98f451b000 rw-p 00007000 08:02 1576197                    /usr/lib/librt-2.18.so
7f98f451b000-7f98f4530000 r-xp 00000000 08:02 1579220                    /usr/lib/libgcc_s.so.1
7f98f4530000-7f98f4730000 ---p 00015000 08:02 1579220                    /usr/lib/libgcc_s.so.1
7f98f4730000-7f98f4731000 rw-p 00015000 08:02 1579220                    /usr/lib/libgcc_s.so.1
7f98f4731000-7f98f4833000 r-xp 00000000 08:02 1576140                    /usr/lib/libm-2.18.so
7f98f4833000-7f98f4a32000 ---p 00102000 08:02 1576140                    /usr/lib/libm-2.18.so
7f98f4a32000-7f98f4a33000 r--p 00101000 08:02 1576140                    /usr/lib/libm-2.18.so
7f98f4a33000-7f98f4a34000 rw-p 00102000 08:02 1576140                    /usr/lib/libm-2.18.so
7f98f4a34000-7f98f4b1a000 r-xp 00000000 08:02 1579213                    /usr/lib/libstdc++.so.6.0.18
7f98f4b1a000-7f98f4d19000 ---p 000e6000 08:02 1579213                    /usr/lib/libstdc++.so.6.0.18
7f98f4d19000-7f98f4d21000 r--p 000e5000 08:02 1579213                    /usr/lib/libstdc++.so.6.0.18
7f98f4d21000-7f98f4d23000 rw-p 000ed000 08:02 1579213                    /usr/lib/libstdc++.so.6.0.18
7f98f4d23000-7f98f4d38000 rw-p 00000000 00:00 0 
7f98f4d38000-7f98f582b000 r-xp 00000000 08:02 1716181                    /usr/lib/jvm/java-7-openjdk/jre/lib/amd64/server/libjvm.so
7f98f582b000-7f98f5a2b000 ---p 00af3000 08:02 1716181                    /usr/lib/jvm/java-7-openjdk/jre/lib/amd64/server/libjvm.so
7f98f5a2b000-7f98f5ae6000 rw-p 00af3000 08:02 1716181                    /usr/lib/jvm/java-7-openjdk/jre/lib/amd64/server/libjvm.so
7f98f5ae6000-7f98f5b13000 rw-p 00000000 00:00 0 
7f98f5b13000-7f98f5b28000 r-xp 00000000 08:02 1579260                    /usr/lib/libz.so.1.2.8
7f98f5b28000-7f98f5d27000 ---p 00015000 08:02 1579260                    /usr/lib/libz.so.1.2.8
7f98f5d27000-7f98f5d28000 r--p 00014000 08:02 1579260                    /usr/lib/libz.so.1.2.8
7f98f5d28000-7f98f5d29000 rw-p 00015000 08:02 1579260                    /usr/lib/libz.so.1.2.8
7f98f5d29000-7f98f5eca000 r-xp 00000000 08:02 1576141                    /usr/lib/libc-2.18.so
7f98f5eca000-7f98f60ca000 ---p 001a1000 08:02 1576141                    /usr/lib/libc-2.18.so
7f98f60ca000-7f98f60ce000 r--p 001a1000 08:02 1576141                    /usr/lib/libc-2.18.so
7f98f60ce000-7f98f60d0000 rw-p 001a5000 08:02 1576141                    /usr/lib/libc-2.18.so
7f98f60d0000-7f98f60d4000 rw-p 00000000 00:00 0 
7f98f60d4000-7f98f60d7000 r-xp 00000000 08:02 1576198                    /usr/lib/libdl-2.18.so
7f98f60d7000-7f98f62d6000 ---p 00003000 08:02 1576198                    /usr/lib/libdl-2.18.so
7f98f62d6000-7f98f62d7000 r--p 00002000 08:02 1576198                    /usr/lib/libdl-2.18.so
7f98f62d7000-7f98f62d8000 rw-p 00003000 08:02 1576198                    /usr/lib/libdl-2.18.so
7f98f62d8000-7f98f62e5000 r-xp 00000000 08:02 1716176                    /usr/lib/jvm/java-7-openjdk/jre/lib/amd64/jli/libjli.so
7f98f62e5000-7f98f64e4000 ---p 0000d000 08:02 1716176                    /usr/lib/jvm/java-7-openjdk/jre/lib/amd64/jli/libjli.so
7f98f64e4000-7f98f64e5000 rw-p 0000c000 08:02 1716176                    /usr/lib/jvm/java-7-openjdk/jre/lib/amd64/jli/libjli.so
7f98f64e5000-7f98f64fd000 r-xp 00000000 08:02 1576079                    /usr/lib/libpthread-2.18.so
7f98f64fd000-7f98f66fd000 ---p 00018000 08:02 1576079                    /usr/lib/libpthread-2.18.so
7f98f66fd000-7f98f66fe000 r--p 00018000 08:02 1576079                    /usr/lib/libpthread-2.18.so
7f98f66fe000-7f98f66ff000 rw-p 00019000 08:02 1576079                    /usr/lib/libpthread-2.18.so
7f98f66ff000-7f98f6703000 rw-p 00000000 00:00 0 
7f98f6703000-7f98f6723000 r-xp 00000000 08:02 1576113                    /usr/lib/ld-2.18.so
7f98f6730000-7f98f673a000 rw-p 00000000 00:00 0 
7f98f673a000-7f98f67f0000 rw-p 00000000 00:00 0 
7f98f67f0000-7f98f67f3000 ---p 00000000 00:00 0 
7f98f67f3000-7f98f68f5000 rw-p 00000000 00:00 0                          [stack:3418]
7f98f68f6000-7f98f6917000 rw-p 00000000 00:00 0 
7f98f6917000-7f98f691f000 rw-s 00000000 00:1d 28410                      /tmp/hsperfdata_kyle/3413
7f98f691f000-7f98f6920000 rw-p 00000000 00:00 0 
7f98f6920000-7f98f6921000 r--p 00000000 00:00 0 
7f98f6921000-7f98f6922000 rw-p 00000000 00:00 0 
7f98f6922000-7f98f6923000 r--p 0001f000 08:02 1576113                    /usr/lib/ld-2.18.so
7f98f6923000-7f98f6924000 rw-p 00020000 08:02 1576113                    /usr/lib/ld-2.18.so
7f98f6924000-7f98f6925000 rw-p 00000000 00:00 0 
7fffde8c9000-7fffde8ea000 rw-p 00000000 00:00 0                          [stack]
7fffde9fe000-7fffdea00000 r-xp 00000000 00:00 0                          [vdso]
ffffffffff600000-ffffffffff601000 r-xp 00000000 00:00 0                  [vsyscall]

VM Arguments:
jvm_args: -Dfile.encoding=ANSI_X3.4-1968 -Xbootclasspath:/opt/android-sdk/platforms/android-19/android.jar 
java_command: edu.purdue.SafeWalk.Requester
Launcher Type: SUN_STANDARD

Environment Variables:
JAVA_HOME=/usr/lib/jvm/java-7-openjdk
PATH=/usr/local/sbin:/usr/local/bin:/usr/bin:/opt/android-sdk/build-tools/18.1.1/:/opt/android-sdk/platform-tools:/opt/android-sdk/tools:/usr/bin/vendor_perl:/usr/bin/core_perl
SHELL=/bin/bash
DISPLAY=:0

Signal Handlers:
SIGSEGV: [libjvm.so+0x92a940], sa_mask[0]=0x7ffbfeff, sa_flags=0x10000004
SIGBUS: [libjvm.so+0x92a940], sa_mask[0]=0x7ffbfeff, sa_flags=0x10000004
SIGFPE: [libjvm.so+0x7a82f0], sa_mask[0]=0x7ffbfeff, sa_flags=0x10000004
SIGPIPE: [libjvm.so+0x7a82f0], sa_mask[0]=0x7ffbfeff, sa_flags=0x10000004
SIGXFSZ: [libjvm.so+0x7a82f0], sa_mask[0]=0x7ffbfeff, sa_flags=0x10000004
SIGILL: [libjvm.so+0x7a82f0], sa_mask[0]=0x7ffbfeff, sa_flags=0x10000004
SIGUSR1: SIG_IGN, sa_mask[0]=0x00000000, sa_flags=0x00000000
SIGUSR2: [libjvm.so+0x7a8190], sa_mask[0]=0x00000004, sa_flags=0x10000004
SIGHUP: SIG_DFL, sa_mask[0]=0x00000000, sa_flags=0x00000000
SIGINT: SIG_DFL, sa_mask[0]=0x00000000, sa_flags=0x00000000
SIGTERM: SIG_DFL, sa_mask[0]=0x00000000, sa_flags=0x00000000
SIGQUIT: SIG_DFL, sa_mask[0]=0x00000000, sa_flags=0x00000000


---------------  S Y S T E M  ---------------

OS:Linux
uname:Linux 3.11.6-1-ARCH #1 SMP PREEMPT Fri Oct 18 23:22:36 CEST 2013 x86_64
libc:glibc 2.18 NPTL 2.18 
rlimit: STACK 8192k, CORE 0k, NPROC 44526, NOFILE 4096, AS infinity
load average:0.24 0.22 0.23

/proc/meminfo:
MemTotal:        5705148 kB
MemFree:         4065596 kB
Buffers:           60096 kB
Cached:           580652 kB
SwapCached:            0 kB
Active:          1007592 kB
Inactive:         467308 kB
Active(anon):     836816 kB
Inactive(anon):    56056 kB
Active(file):     170776 kB
Inactive(file):   411252 kB
Unevictable:           0 kB
Mlocked:               0 kB
SwapTotal:             0 kB
SwapFree:              0 kB
Dirty:                12 kB
Writeback:             0 kB
AnonPages:        832444 kB
Mapped:           156812 kB
Shmem:             58724 kB
Slab:              58724 kB
SReclaimable:      38700 kB
SUnreclaim:        20024 kB
KernelStack:        2368 kB
PageTables:        16968 kB
NFS_Unstable:          0 kB
Bounce:                0 kB
WritebackTmp:          0 kB
CommitLimit:     2852572 kB
Committed_AS:    2189004 kB
VmallocTotal:   34359738367 kB
VmallocUsed:      366524 kB
VmallocChunk:   34359353308 kB
HardwareCorrupted:     0 kB
AnonHugePages:    419840 kB
HugePages_Total:       0
HugePages_Free:        0
HugePages_Rsvd:        0
HugePages_Surp:        0
Hugepagesize:       2048 kB
DirectMap4k:       12568 kB
DirectMap2M:     5863424 kB


CPU:total 8 (4 cores per cpu, 2 threads per core) family 6 model 58 stepping 9, cmov, cx8, fxsr, mmx, sse, sse2, sse3, ssse3, sse4.1, sse4.2, popcnt, avx, aes, erms, ht, tsc, tscinvbit, tscinv

/proc/cpuinfo:
processor	: 0
vendor_id	: GenuineIntel
cpu family	: 6
model		: 58
model name	: Intel(R) Core(TM) i7-3612QM CPU @ 2.10GHz
stepping	: 9
microcode	: 0x12
cpu MHz		: 2793.000
cache size	: 6144 KB
physical id	: 0
siblings	: 8
core id		: 0
cpu cores	: 4
apicid		: 0
initial apicid	: 0
fpu		: yes
fpu_exception	: yes
cpuid level	: 13
wp		: yes
flags		: fpu vme de pse tsc msr pae mce cx8 apic sep mtrr pge mca cmov pat pse36 clflush dts acpi mmx fxsr sse sse2 ss ht tm pbe syscall nx rdtscp lm constant_tsc arch_perfmon pebs bts rep_good nopl xtopology nonstop_tsc aperfmperf eagerfpu pni pclmulqdq dtes64 monitor ds_cpl vmx est tm2 ssse3 cx16 xtpr pdcm pcid sse4_1 sse4_2 x2apic popcnt tsc_deadline_timer aes xsave avx f16c rdrand lahf_lm ida arat epb xsaveopt pln pts dtherm tpr_shadow vnmi flexpriority ept vpid fsgsbase smep erms
bogomips	: 4192.92
clflush size	: 64
cache_alignment	: 64
address sizes	: 36 bits physical, 48 bits virtual
power management:

processor	: 1
vendor_id	: GenuineIntel
cpu family	: 6
model		: 58
model name	: Intel(R) Core(TM) i7-3612QM CPU @ 2.10GHz
stepping	: 9
microcode	: 0x12
cpu MHz		: 1596.000
cache size	: 6144 KB
physical id	: 0
siblings	: 8
core id		: 0
cpu cores	: 4
apicid		: 1
initial apicid	: 1
fpu		: yes
fpu_exception	: yes
cpuid level	: 13
wp		: yes
flags		: fpu vme de pse tsc msr pae mce cx8 apic sep mtrr pge mca cmov pat pse36 clflush dts acpi mmx fxsr sse sse2 ss ht tm pbe syscall nx rdtscp lm constant_tsc arch_perfmon pebs bts rep_good nopl xtopology nonstop_tsc aperfmperf eagerfpu pni pclmulqdq dtes64 monitor ds_cpl vmx est tm2 ssse3 cx16 xtpr pdcm pcid sse4_1 sse4_2 x2apic popcnt tsc_deadline_timer aes xsave avx f16c rdrand lahf_lm ida arat epb xsaveopt pln pts dtherm tpr_shadow vnmi flexpriority ept vpid fsgsbase smep erms
bogomips	: 4192.92
clflush size	: 64
cache_alignment	: 64
address sizes	: 36 bits physical, 48 bits virtual
power management:

processor	: 2
vendor_id	: GenuineIntel
cpu family	: 6
model		: 58
model name	: Intel(R) Core(TM) i7-3612QM CPU @ 2.10GHz
stepping	: 9
microcode	: 0x12
cpu MHz		: 2793.000
cache size	: 6144 KB
physical id	: 0
siblings	: 8
core id		: 1
cpu cores	: 4
apicid		: 2
initial apicid	: 2
fpu		: yes
fpu_exception	: yes
cpuid level	: 13
wp		: yes
flags		: fpu vme de pse tsc msr pae mce cx8 apic sep mtrr pge mca cmov pat pse36 clflush dts acpi mmx fxsr sse sse2 ss ht tm pbe syscall nx rdtscp lm constant_tsc arch_perfmon pebs bts rep_good nopl xtopology nonstop_tsc aperfmperf eagerfpu pni pclmulqdq dtes64 monitor ds_cpl vmx est tm2 ssse3 cx16 xtpr pdcm pcid sse4_1 sse4_2 x2apic popcnt tsc_deadline_timer aes xsave avx f16c rdrand lahf_lm ida arat epb xsaveopt pln pts dtherm tpr_shadow vnmi flexpriority ept vpid fsgsbase smep erms
bogomips	: 4192.92
clflush size	: 64
cache_alignment	: 64
address sizes	: 36 bits physical, 48 bits virtual
power management:

processor	: 3
vendor_id	: GenuineIntel
cpu family	: 6
model		: 58
model name	: Intel(R) Core(TM) i7-3612QM CPU @ 2.10GHz
stepping	: 9
microcode	: 0x12
cpu MHz		: 2793.000
cache size	: 6144 KB
physical id	: 0
siblings	: 8
core id		: 1
cpu cores	: 4
apicid		: 3
initial apicid	: 3
fpu		: yes
fpu_exception	: yes
cpuid level	: 13
wp		: yes
flags		: fpu vme de pse tsc msr pae mce cx8 apic sep mtrr pge mca cmov pat pse36 clflush dts acpi mmx fxsr sse sse2 ss ht tm pbe syscall nx rdtscp lm constant_tsc arch_perfmon pebs bts rep_good nopl xtopology nonstop_tsc aperfmperf eagerfpu pni pclmulqdq dtes64 monitor ds_cpl vmx est tm2 ssse3 cx16 xtpr pdcm pcid sse4_1 sse4_2 x2apic popcnt tsc_deadline_timer aes xsave avx f16c rdrand lahf_lm ida arat epb xsaveopt pln pts dtherm tpr_shadow vnmi flexpriority ept vpid fsgsbase smep erms
bogomips	: 4192.92
clflush size	: 64
cache_alignment	: 64
address sizes	: 36 bits physical, 48 bits virtual
power management:

processor	: 4
vendor_id	: GenuineIntel
cpu family	: 6
model		: 58
model name	: Intel(R) Core(TM) i7-3612QM CPU @ 2.10GHz
stepping	: 9
microcode	: 0x12
cpu MHz		: 2793.000
cache size	: 6144 KB
physical id	: 0
siblings	: 8
core id		: 2
cpu cores	: 4
apicid		: 4
initial apicid	: 4
fpu		: yes
fpu_exception	: yes
cpuid level	: 13
wp		: yes
flags		: fpu vme de pse tsc msr pae mce cx8 apic sep mtrr pge mca cmov pat pse36 clflush dts acpi mmx fxsr sse sse2 ss ht tm pbe syscall nx rdtscp lm constant_tsc arch_perfmon pebs bts rep_good nopl xtopology nonstop_tsc aperfmperf eagerfpu pni pclmulqdq dtes64 monitor ds_cpl vmx est tm2 ssse3 cx16 xtpr pdcm pcid sse4_1 sse4_2 x2apic popcnt tsc_deadline_timer aes xsave avx f16c rdrand lahf_lm ida arat epb xsaveopt pln pts dtherm tpr_shadow vnmi flexpriority ept vpid fsgsbase smep erms
bogomips	: 4192.92
clflush size	: 64
cache_alignment	: 64
address sizes	: 36 bits physical, 48 bits virtual
power management:

processor	: 5
vendor_id	: GenuineIntel
cpu family	: 6
model		: 58
model name	: Intel(R) Core(TM) i7-3612QM CPU @ 2.10GHz
stepping	: 9
microcode	: 0x12
cpu MHz		: 2793.000
cache size	: 6144 KB
physical id	: 0
siblings	: 8
core id		: 2
cpu cores	: 4
apicid		: 5
initial apicid	: 5
fpu		: yes
fpu_exception	: yes
cpuid level	: 13
wp		: yes
flags		: fpu vme de pse tsc msr pae mce cx8 apic sep mtrr pge mca cmov pat pse36 clflush dts acpi mmx fxsr sse sse2 ss ht tm pbe syscall nx rdtscp lm constant_tsc arch_perfmon pebs bts rep_good nopl xtopology nonstop_tsc aperfmperf eagerfpu pni pclmulqdq dtes64 monitor ds_cpl vmx est tm2 ssse3 cx16 xtpr pdcm pcid sse4_1 sse4_2 x2apic popcnt tsc_deadline_timer aes xsave avx f16c rdrand lahf_lm ida arat epb xsaveopt pln pts dtherm tpr_shadow vnmi flexpriority ept vpid fsgsbase smep erms
bogomips	: 4192.92
clflush size	: 64
cache_alignment	: 64
address sizes	: 36 bits physical, 48 bits virtual
power management:

processor	: 6
vendor_id	: GenuineIntel
cpu family	: 6
model		: 58
model name	: Intel(R) Core(TM) i7-3612QM CPU @ 2.10GHz
stepping	: 9
microcode	: 0x12
cpu MHz		: 2793.000
cache size	: 6144 KB
physical id	: 0
siblings	: 8
core id		: 3
cpu cores	: 4
apicid		: 6
initial apicid	: 6
fpu		: yes
fpu_exception	: yes
cpuid level	: 13
wp		: yes
flags		: fpu vme de pse tsc msr pae mce cx8 apic sep mtrr pge mca cmov pat pse36 clflush dts acpi mmx fxsr sse sse2 ss ht tm pbe syscall nx rdtscp lm constant_tsc arch_perfmon pebs bts rep_good nopl xtopology nonstop_tsc aperfmperf eagerfpu pni pclmulqdq dtes64 monitor ds_cpl vmx est tm2 ssse3 cx16 xtpr pdcm pcid sse4_1 sse4_2 x2apic popcnt tsc_deadline_timer aes xsave avx f16c rdrand lahf_lm ida arat epb xsaveopt pln pts dtherm tpr_shadow vnmi flexpriority ept vpid fsgsbase smep erms
bogomips	: 4192.92
clflush size	: 64
cache_alignment	: 64
address sizes	: 36 bits physical, 48 bits virtual
power management:

processor	: 7
vendor_id	: GenuineIntel
cpu family	: 6
model		: 58
model name	: Intel(R) Core(TM) i7-3612QM CPU @ 2.10GHz
stepping	: 9
microcode	: 0x12
cpu MHz		: 2751.000
cache size	: 6144 KB
physical id	: 0
siblings	: 8
core id		: 3
cpu cores	: 4
apicid		: 7
initial apicid	: 7
fpu		: yes
fpu_exception	: yes
cpuid level	: 13
wp		: yes
flags		: fpu vme de pse tsc msr pae mce cx8 apic sep mtrr pge mca cmov pat pse36 clflush dts acpi mmx fxsr sse sse2 ss ht tm pbe syscall nx rdtscp lm constant_tsc arch_perfmon pebs bts rep_good nopl xtopology nonstop_tsc aperfmperf eagerfpu pni pclmulqdq dtes64 monitor ds_cpl vmx est tm2 ssse3 cx16 xtpr pdcm pcid sse4_1 sse4_2 x2apic popcnt tsc_deadline_timer aes xsave avx f16c rdrand lahf_lm ida arat epb xsaveopt pln pts dtherm tpr_shadow vnmi flexpriority ept vpid fsgsbase smep erms
bogomips	: 4192.92
clflush size	: 64
cache_alignment	: 64
address sizes	: 36 bits physical, 48 bits virtual
power management:



Memory: 4k page, physical 5705148k(4065596k free), swap 0k(0k free)

vm_info: OpenJDK 64-Bit Server VM (24.45-b08) for linux-amd64 JRE (1.7.0_45-b31), built on Oct 21 2013 19:10:26 by "nobody" with gcc 4.8.2

time: Tue Dec  3 17:27:44 2013
elapsed time: 0 seconds

