#
# A fatal error has been detected by the Java Runtime Environment:
#
#  Internal Error (javaClasses.cpp:136), pid=2729, tid=139917406947072
#  fatal error: Invalid layout of preloaded class
#
# JRE version:  (7.0_45-b31) (build )
# Java VM: OpenJDK 64-Bit Server VM (24.45-b08 mixed mode linux-amd64 compressed oops)
# Failed to write core dump. Core dumps have been disabled. To enable core dumping, try "ulimit -c unlimited" before starting Java again
#
# If you would like to submit a bug report, please include
# instructions on how to reproduce the bug and visit:
#   http://icedtea.classpath.org/bugzilla
#

---------------  T H R E A D  ---------------

Current thread (0x00007f4108008800):  JavaThread "Unknown thread" [_thread_in_vm, id=2734, stack(0x00007f410f46c000,0x00007f410f56d000)]

Stack: [0x00007f410f46c000,0x00007f410f56d000],  sp=0x00007f410f56b950,  free space=1022k
Native frames: (J=compiled Java code, j=interpreted, Vv=VM code, C=native code)
V  [libjvm.so+0x929e55]  JVM_handle_linux_signal+0x177685
V  [libjvm.so+0x47a4b4]  dlerror+0x47a4b4
V  [libjvm.so+0x5d370a]  AsyncGetCallTrace+0xdb7ca
V  [libjvm.so+0x5d3d16]  AsyncGetCallTrace+0xdbdd6
V  [libjvm.so+0x8b09bc]  JVM_handle_linux_signal+0xfe1ec
V  [libjvm.so+0x8fb948]  JVM_handle_linux_signal+0x149178
V  [libjvm.so+0x8fbf54]  JVM_handle_linux_signal+0x149784
V  [libjvm.so+0x58842a]  AsyncGetCallTrace+0x904ea
V  [libjvm.so+0x8df21f]  JVM_handle_linux_signal+0x12ca4f
V  [libjvm.so+0x5f1bd4]  JNI_CreateJavaVM+0x54
C  [libjli.so+0x29b8]  getenv+0x29b8


---------------  P R O C E S S  ---------------

Java Threads: ( => current thread )

Other Threads:

=>0x00007f4108008800 (exited) JavaThread "Unknown thread" [_thread_in_vm, id=2734, stack(0x00007f410f46c000,0x00007f410f56d000)]

VM state:not at safepoint (not fully initialized)

VM Mutex/Monitor currently owned by a thread: None

GC Heap History (0 events):
No events

Deoptimization events (0 events):
No events

Internal exceptions (0 events):
No events

Events (10 events):
Event: 0.005 loading class 0x00007f410466b6f0 done
Event: 0.005 loading class 0x00007f410466b110 done
Event: 0.005 loading class 0x00007f410466b0f0
Event: 0.005 loading class 0x00007f4104673130
Event: 0.005 loading class 0x00007f4104673130 done
Event: 0.005 loading class 0x00007f4104673160
Event: 0.005 loading class 0x00007f4104673160 done
Event: 0.005 loading class 0x00007f4104673190
Event: 0.005 loading class 0x00007f4104673190 done
Event: 0.005 loading class 0x00007f410466b0f0 done


Dynamic libraries:
00400000-00401000 r-xp 00000000 08:02 1716182                            /usr/lib/jvm/java-7-openjdk/jre/bin/java
00600000-00601000 rw-p 00000000 08:02 1716182                            /usr/lib/jvm/java-7-openjdk/jre/bin/java
0106c000-0108d000 rw-p 00000000 00:00 0                                  [heap]
9e800000-9fd00000 rw-p 00000000 00:00 0 
9fd00000-a8e00000 rw-p 00000000 00:00 0 
a8e00000-ac800000 rw-p 00000000 00:00 0 
ac800000-e2f00000 rw-p 00000000 00:00 0 
e2f00000-e4c00000 rw-p 00000000 00:00 0 
e4c00000-100000000 rw-p 00000000 00:00 0 
7f40dc000000-7f40dc021000 rw-p 00000000 00:00 0 
7f40dc021000-7f40e0000000 ---p 00000000 00:00 0 
7f40e4000000-7f40e4021000 rw-p 00000000 00:00 0 
7f40e4021000-7f40e8000000 ---p 00000000 00:00 0 
7f40e8f40000-7f40ec000000 rw-p 00000000 00:00 0 
7f40ec000000-7f40ec021000 rw-p 00000000 00:00 0 
7f40ec021000-7f40f0000000 ---p 00000000 00:00 0 
7f40f0000000-7f40f0021000 rw-p 00000000 00:00 0 
7f40f0021000-7f40f4000000 ---p 00000000 00:00 0 
7f40f4000000-7f40f4021000 rw-p 00000000 00:00 0 
7f40f4021000-7f40f8000000 ---p 00000000 00:00 0 
7f40f8000000-7f40f8021000 rw-p 00000000 00:00 0 
7f40f8021000-7f40fc000000 ---p 00000000 00:00 0 
7f40fc000000-7f40fc021000 rw-p 00000000 00:00 0 
7f40fc021000-7f4100000000 ---p 00000000 00:00 0 
7f4100000000-7f4100021000 rw-p 00000000 00:00 0 
7f4100021000-7f4104000000 ---p 00000000 00:00 0 
7f41044f7000-7f410451e000 rw-p 00000000 00:00 0 
7f410451e000-7f41045f5000 r--s 013f2000 08:02 3158886                    /opt/android-sdk/platforms/android-19/android.jar
7f41045f5000-7f41049fa000 rw-p 00000000 00:00 0 
7f41049fa000-7f41049fb000 ---p 00000000 00:00 0 
7f41049fb000-7f4104afb000 rw-p 00000000 00:00 0                          [stack:2742]
7f4104afb000-7f4104afc000 ---p 00000000 00:00 0 
7f4104afc000-7f4104bfc000 rw-p 00000000 00:00 0                          [stack:2741]
7f4104bfc000-7f4104bfd000 ---p 00000000 00:00 0 
7f4104bfd000-7f4104cfd000 rw-p 00000000 00:00 0                          [stack:2740]
7f4104cfd000-7f4104cfe000 ---p 00000000 00:00 0 
7f4104cfe000-7f4104dfe000 rw-p 00000000 00:00 0                          [stack:2739]
7f4104dfe000-7f4104dff000 ---p 00000000 00:00 0 
7f4104dff000-7f4104eff000 rw-p 00000000 00:00 0                          [stack:2738]
7f4104eff000-7f4104f00000 ---p 00000000 00:00 0 
7f4104f00000-7f4105000000 rw-p 00000000 00:00 0                          [stack:2737]
7f4105000000-7f4105270000 rwxp 00000000 00:00 0 
7f4105270000-7f410805c000 rw-p 00000000 00:00 0 
7f410805c000-7f410c000000 ---p 00000000 00:00 0 
7f410c00c000-7f410c00d000 ---p 00000000 00:00 0 
7f410c00d000-7f410c10d000 rw-p 00000000 00:00 0                          [stack:2736]
7f410c10d000-7f410c10e000 ---p 00000000 00:00 0 
7f410c10e000-7f410c219000 rw-p 00000000 00:00 0                          [stack:2735]
7f410c219000-7f410c261000 rw-p 00000000 00:00 0 
7f410c261000-7f410c27e000 rw-p 00000000 00:00 0 
7f410c27e000-7f410c432000 rw-p 00000000 00:00 0 
7f410c432000-7f410c43d000 rw-p 00000000 00:00 0 
7f410c43d000-7f410c485000 rw-p 00000000 00:00 0 
7f410c485000-7f410c4a2000 rw-p 00000000 00:00 0 
7f410c4a2000-7f410c655000 rw-p 00000000 00:00 0 
7f410c655000-7f410c664000 rw-p 00000000 00:00 0 
7f410c664000-7f410c73e000 rw-p 00000000 00:00 0 
7f410c73e000-7f410c73f000 rw-p 00000000 00:00 0 
7f410c73f000-7f410c747000 r-xp 00000000 08:02 1716148                    /usr/lib/jvm/java-7-openjdk/jre/lib/amd64/libzip.so
7f410c747000-7f410c946000 ---p 00008000 08:02 1716148                    /usr/lib/jvm/java-7-openjdk/jre/lib/amd64/libzip.so
7f410c946000-7f410c947000 rw-p 00007000 08:02 1716148                    /usr/lib/jvm/java-7-openjdk/jre/lib/amd64/libzip.so
7f410c947000-7f410c952000 r-xp 00000000 08:02 1576038                    /usr/lib/libnss_files-2.18.so
7f410c952000-7f410cb52000 ---p 0000b000 08:02 1576038                    /usr/lib/libnss_files-2.18.so
7f410cb52000-7f410cb53000 r--p 0000b000 08:02 1576038                    /usr/lib/libnss_files-2.18.so
7f410cb53000-7f410cb54000 rw-p 0000c000 08:02 1576038                    /usr/lib/libnss_files-2.18.so
7f410cb54000-7f410cb7f000 r-xp 00000000 08:02 1716147                    /usr/lib/jvm/java-7-openjdk/jre/lib/amd64/libjava.so
7f410cb7f000-7f410cd7f000 ---p 0002b000 08:02 1716147                    /usr/lib/jvm/java-7-openjdk/jre/lib/amd64/libjava.so
7f410cd7f000-7f410cd81000 rw-p 0002b000 08:02 1716147                    /usr/lib/jvm/java-7-openjdk/jre/lib/amd64/libjava.so
7f410cd81000-7f410cd8e000 r-xp 00000000 08:02 1716146                    /usr/lib/jvm/java-7-openjdk/jre/lib/amd64/libverify.so
7f410cd8e000-7f410cf8d000 ---p 0000d000 08:02 1716146                    /usr/lib/jvm/java-7-openjdk/jre/lib/amd64/libverify.so
7f410cf8d000-7f410cf8f000 rw-p 0000c000 08:02 1716146                    /usr/lib/jvm/java-7-openjdk/jre/lib/amd64/libverify.so
7f410cf8f000-7f410cf96000 r-xp 00000000 08:02 1576197                    /usr/lib/librt-2.18.so
7f410cf96000-7f410d195000 ---p 00007000 08:02 1576197                    /usr/lib/librt-2.18.so
7f410d195000-7f410d196000 r--p 00006000 08:02 1576197                    /usr/lib/librt-2.18.so
7f410d196000-7f410d197000 rw-p 00007000 08:02 1576197                    /usr/lib/librt-2.18.so
7f410d197000-7f410d1ac000 r-xp 00000000 08:02 1579220                    /usr/lib/libgcc_s.so.1
7f410d1ac000-7f410d3ac000 ---p 00015000 08:02 1579220                    /usr/lib/libgcc_s.so.1
7f410d3ac000-7f410d3ad000 rw-p 00015000 08:02 1579220                    /usr/lib/libgcc_s.so.1
7f410d3ad000-7f410d4af000 r-xp 00000000 08:02 1576140                    /usr/lib/libm-2.18.so
7f410d4af000-7f410d6ae000 ---p 00102000 08:02 1576140                    /usr/lib/libm-2.18.so
7f410d6ae000-7f410d6af000 r--p 00101000 08:02 1576140                    /usr/lib/libm-2.18.so
7f410d6af000-7f410d6b0000 rw-p 00102000 08:02 1576140                    /usr/lib/libm-2.18.so
7f410d6b0000-7f410d796000 r-xp 00000000 08:02 1579213                    /usr/lib/libstdc++.so.6.0.18
7f410d796000-7f410d995000 ---p 000e6000 08:02 1579213                    /usr/lib/libstdc++.so.6.0.18
7f410d995000-7f410d99d000 r--p 000e5000 08:02 1579213                    /usr/lib/libstdc++.so.6.0.18
7f410d99d000-7f410d99f000 rw-p 000ed000 08:02 1579213                    /usr/lib/libstdc++.so.6.0.18
7f410d99f000-7f410d9b4000 rw-p 00000000 00:00 0 
7f410d9b4000-7f410e4a7000 r-xp 00000000 08:02 1716181                    /usr/lib/jvm/java-7-openjdk/jre/lib/amd64/server/libjvm.so
7f410e4a7000-7f410e6a7000 ---p 00af3000 08:02 1716181                    /usr/lib/jvm/java-7-openjdk/jre/lib/amd64/server/libjvm.so
7f410e6a7000-7f410e762000 rw-p 00af3000 08:02 1716181                    /usr/lib/jvm/java-7-openjdk/jre/lib/amd64/server/libjvm.so
7f410e762000-7f410e78f000 rw-p 00000000 00:00 0 
7f410e78f000-7f410e7a4000 r-xp 00000000 08:02 1579260                    /usr/lib/libz.so.1.2.8
7f410e7a4000-7f410e9a3000 ---p 00015000 08:02 1579260                    /usr/lib/libz.so.1.2.8
7f410e9a3000-7f410e9a4000 r--p 00014000 08:02 1579260                    /usr/lib/libz.so.1.2.8
7f410e9a4000-7f410e9a5000 rw-p 00015000 08:02 1579260                    /usr/lib/libz.so.1.2.8
7f410e9a5000-7f410eb46000 r-xp 00000000 08:02 1576141                    /usr/lib/libc-2.18.so
7f410eb46000-7f410ed46000 ---p 001a1000 08:02 1576141                    /usr/lib/libc-2.18.so
7f410ed46000-7f410ed4a000 r--p 001a1000 08:02 1576141                    /usr/lib/libc-2.18.so
7f410ed4a000-7f410ed4c000 rw-p 001a5000 08:02 1576141                    /usr/lib/libc-2.18.so
7f410ed4c000-7f410ed50000 rw-p 00000000 00:00 0 
7f410ed50000-7f410ed53000 r-xp 00000000 08:02 1576198                    /usr/lib/libdl-2.18.so
7f410ed53000-7f410ef52000 ---p 00003000 08:02 1576198                    /usr/lib/libdl-2.18.so
7f410ef52000-7f410ef53000 r--p 00002000 08:02 1576198                    /usr/lib/libdl-2.18.so
7f410ef53000-7f410ef54000 rw-p 00003000 08:02 1576198                    /usr/lib/libdl-2.18.so
7f410ef54000-7f410ef61000 r-xp 00000000 08:02 1716176                    /usr/lib/jvm/java-7-openjdk/jre/lib/amd64/jli/libjli.so
7f410ef61000-7f410f160000 ---p 0000d000 08:02 1716176                    /usr/lib/jvm/java-7-openjdk/jre/lib/amd64/jli/libjli.so
7f410f160000-7f410f161000 rw-p 0000c000 08:02 1716176                    /usr/lib/jvm/java-7-openjdk/jre/lib/amd64/jli/libjli.so
7f410f161000-7f410f179000 r-xp 00000000 08:02 1576079                    /usr/lib/libpthread-2.18.so
7f410f179000-7f410f379000 ---p 00018000 08:02 1576079                    /usr/lib/libpthread-2.18.so
7f410f379000-7f410f37a000 r--p 00018000 08:02 1576079                    /usr/lib/libpthread-2.18.so
7f410f37a000-7f410f37b000 rw-p 00019000 08:02 1576079                    /usr/lib/libpthread-2.18.so
7f410f37b000-7f410f37f000 rw-p 00000000 00:00 0 
7f410f37f000-7f410f39f000 r-xp 00000000 08:02 1576113                    /usr/lib/ld-2.18.so
7f410f3ac000-7f410f3b6000 rw-p 00000000 00:00 0 
7f410f3b6000-7f410f46c000 rw-p 00000000 00:00 0 
7f410f46c000-7f410f46f000 ---p 00000000 00:00 0 
7f410f46f000-7f410f571000 rw-p 00000000 00:00 0                          [stack:2734]
7f410f572000-7f410f593000 rw-p 00000000 00:00 0 
7f410f593000-7f410f59b000 rw-s 00000000 00:1d 28065                      /tmp/hsperfdata_kyle/2729
7f410f59b000-7f410f59c000 rw-p 00000000 00:00 0 
7f410f59c000-7f410f59d000 r--p 00000000 00:00 0 
7f410f59d000-7f410f59e000 rw-p 00000000 00:00 0 
7f410f59e000-7f410f59f000 r--p 0001f000 08:02 1576113                    /usr/lib/ld-2.18.so
7f410f59f000-7f410f5a0000 rw-p 00020000 08:02 1576113                    /usr/lib/ld-2.18.so
7f410f5a0000-7f410f5a1000 rw-p 00000000 00:00 0 
7fff8b9bf000-7fff8b9e0000 rw-p 00000000 00:00 0                          [stack]
7fff8b9fe000-7fff8ba00000 r-xp 00000000 00:00 0                          [vdso]
ffffffffff600000-ffffffffff601000 r-xp 00000000 00:00 0                  [vsyscall]

VM Arguments:
jvm_args: -Dfile.encoding=ANSI_X3.4-1968 -Xbootclasspath:/opt/android-sdk/platforms/android-19/android.jar 
java_command: edu.purdue.SafeWalk.Requester
Launcher Type: SUN_STANDARD

Environment Variables:
JAVA_HOME=/usr/lib/jvm/java-7-openjdk
PATH=/usr/local/sbin:/usr/local/bin:/usr/bin:/opt/android-sdk/build-tools/18.1.1/:/opt/android-sdk/platform-tools:/opt/android-sdk/tools:/usr/bin/vendor_perl:/usr/bin/core_perl
SHELL=/bin/bash
DISPLAY=:0

Signal Handlers:
SIGSEGV: [libjvm.so+0x92a940], sa_mask[0]=0x7ffbfeff, sa_flags=0x10000004
SIGBUS: [libjvm.so+0x92a940], sa_mask[0]=0x7ffbfeff, sa_flags=0x10000004
SIGFPE: [libjvm.so+0x7a82f0], sa_mask[0]=0x7ffbfeff, sa_flags=0x10000004
SIGPIPE: [libjvm.so+0x7a82f0], sa_mask[0]=0x7ffbfeff, sa_flags=0x10000004
SIGXFSZ: [libjvm.so+0x7a82f0], sa_mask[0]=0x7ffbfeff, sa_flags=0x10000004
SIGILL: [libjvm.so+0x7a82f0], sa_mask[0]=0x7ffbfeff, sa_flags=0x10000004
SIGUSR1: SIG_IGN, sa_mask[0]=0x00000000, sa_flags=0x00000000
SIGUSR2: [libjvm.so+0x7a8190], sa_mask[0]=0x00000004, sa_flags=0x10000004
SIGHUP: SIG_DFL, sa_mask[0]=0x00000000, sa_flags=0x00000000
SIGINT: SIG_DFL, sa_mask[0]=0x00000000, sa_flags=0x00000000
SIGTERM: SIG_DFL, sa_mask[0]=0x00000000, sa_flags=0x00000000
SIGQUIT: SIG_DFL, sa_mask[0]=0x00000000, sa_flags=0x00000000


---------------  S Y S T E M  ---------------

OS:Linux
uname:Linux 3.11.6-1-ARCH #1 SMP PREEMPT Fri Oct 18 23:22:36 CEST 2013 x86_64
libc:glibc 2.18 NPTL 2.18 
rlimit: STACK 8192k, CORE 0k, NPROC 44526, NOFILE 4096, AS infinity
load average:0.32 0.22 0.23

/proc/meminfo:
MemTotal:        5705148 kB
MemFree:         4080472 kB
Buffers:           59532 kB
Cached:           571520 kB
SwapCached:            0 kB
Active:          1002896 kB
Inactive:         458384 kB
Active(anon):     835124 kB
Inactive(anon):    53516 kB
Active(file):     167772 kB
Inactive(file):   404868 kB
Unevictable:           0 kB
Mlocked:               0 kB
SwapTotal:             0 kB
SwapFree:              0 kB
Dirty:                 0 kB
Writeback:             0 kB
AnonPages:        826676 kB
Mapped:           154024 kB
Shmem:             58420 kB
Slab:              58408 kB
SReclaimable:      38576 kB
SUnreclaim:        19832 kB
KernelStack:        2344 kB
PageTables:        16992 kB
NFS_Unstable:          0 kB
Bounce:                0 kB
WritebackTmp:          0 kB
CommitLimit:     2852572 kB
Committed_AS:    2188112 kB
VmallocTotal:   34359738367 kB
VmallocUsed:      366524 kB
VmallocChunk:   34359353308 kB
HardwareCorrupted:     0 kB
AnonHugePages:    401408 kB
HugePages_Total:       0
HugePages_Free:        0
HugePages_Rsvd:        0
HugePages_Surp:        0
Hugepagesize:       2048 kB
DirectMap4k:       12568 kB
DirectMap2M:     5863424 kB


CPU:total 8 (4 cores per cpu, 2 threads per core) family 6 model 58 stepping 9, cmov, cx8, fxsr, mmx, sse, sse2, sse3, ssse3, sse4.1, sse4.2, popcnt, avx, aes, erms, ht, tsc, tscinvbit, tscinv

/proc/cpuinfo:
processor	: 0
vendor_id	: GenuineIntel
cpu family	: 6
model		: 58
model name	: Intel(R) Core(TM) i7-3612QM CPU @ 2.10GHz
stepping	: 9
microcode	: 0x12
cpu MHz		: 2877.000
cache size	: 6144 KB
physical id	: 0
siblings	: 8
core id		: 0
cpu cores	: 4
apicid		: 0
initial apicid	: 0
fpu		: yes
fpu_exception	: yes
cpuid level	: 13
wp		: yes
flags		: fpu vme de pse tsc msr pae mce cx8 apic sep mtrr pge mca cmov pat pse36 clflush dts acpi mmx fxsr sse sse2 ss ht tm pbe syscall nx rdtscp lm constant_tsc arch_perfmon pebs bts rep_good nopl xtopology nonstop_tsc aperfmperf eagerfpu pni pclmulqdq dtes64 monitor ds_cpl vmx est tm2 ssse3 cx16 xtpr pdcm pcid sse4_1 sse4_2 x2apic popcnt tsc_deadline_timer aes xsave avx f16c rdrand lahf_lm ida arat epb xsaveopt pln pts dtherm tpr_shadow vnmi flexpriority ept vpid fsgsbase smep erms
bogomips	: 4192.92
clflush size	: 64
cache_alignment	: 64
address sizes	: 36 bits physical, 48 bits virtual
power management:

processor	: 1
vendor_id	: GenuineIntel
cpu family	: 6
model		: 58
model name	: Intel(R) Core(TM) i7-3612QM CPU @ 2.10GHz
stepping	: 9
microcode	: 0x12
cpu MHz		: 2982.000
cache size	: 6144 KB
physical id	: 0
siblings	: 8
core id		: 0
cpu cores	: 4
apicid		: 1
initial apicid	: 1
fpu		: yes
fpu_exception	: yes
cpuid level	: 13
wp		: yes
flags		: fpu vme de pse tsc msr pae mce cx8 apic sep mtrr pge mca cmov pat pse36 clflush dts acpi mmx fxsr sse sse2 ss ht tm pbe syscall nx rdtscp lm constant_tsc arch_perfmon pebs bts rep_good nopl xtopology nonstop_tsc aperfmperf eagerfpu pni pclmulqdq dtes64 monitor ds_cpl vmx est tm2 ssse3 cx16 xtpr pdcm pcid sse4_1 sse4_2 x2apic popcnt tsc_deadline_timer aes xsave avx f16c rdrand lahf_lm ida arat epb xsaveopt pln pts dtherm tpr_shadow vnmi flexpriority ept vpid fsgsbase smep erms
bogomips	: 4192.92
clflush size	: 64
cache_alignment	: 64
address sizes	: 36 bits physical, 48 bits virtual
power management:

processor	: 2
vendor_id	: GenuineIntel
cpu family	: 6
model		: 58
model name	: Intel(R) Core(TM) i7-3612QM CPU @ 2.10GHz
stepping	: 9
microcode	: 0x12
cpu MHz		: 2898.000
cache size	: 6144 KB
physical id	: 0
siblings	: 8
core id		: 1
cpu cores	: 4
apicid		: 2
initial apicid	: 2
fpu		: yes
fpu_exception	: yes
cpuid level	: 13
wp		: yes
flags		: fpu vme de pse tsc msr pae mce cx8 apic sep mtrr pge mca cmov pat pse36 clflush dts acpi mmx fxsr sse sse2 ss ht tm pbe syscall nx rdtscp lm constant_tsc arch_perfmon pebs bts rep_good nopl xtopology nonstop_tsc aperfmperf eagerfpu pni pclmulqdq dtes64 monitor ds_cpl vmx est tm2 ssse3 cx16 xtpr pdcm pcid sse4_1 sse4_2 x2apic popcnt tsc_deadline_timer aes xsave avx f16c rdrand lahf_lm ida arat epb xsaveopt pln pts dtherm tpr_shadow vnmi flexpriority ept vpid fsgsbase smep erms
bogomips	: 4192.92
clflush size	: 64
cache_alignment	: 64
address sizes	: 36 bits physical, 48 bits virtual
power management:

processor	: 3
vendor_id	: GenuineIntel
cpu family	: 6
model		: 58
model name	: Intel(R) Core(TM) i7-3612QM CPU @ 2.10GHz
stepping	: 9
microcode	: 0x12
cpu MHz		: 2793.000
cache size	: 6144 KB
physical id	: 0
siblings	: 8
core id		: 1
cpu cores	: 4
apicid		: 3
initial apicid	: 3
fpu		: yes
fpu_exception	: yes
cpuid level	: 13
wp		: yes
flags		: fpu vme de pse tsc msr pae mce cx8 apic sep mtrr pge mca cmov pat pse36 clflush dts acpi mmx fxsr sse sse2 ss ht tm pbe syscall nx rdtscp lm constant_tsc arch_perfmon pebs bts rep_good nopl xtopology nonstop_tsc aperfmperf eagerfpu pni pclmulqdq dtes64 monitor ds_cpl vmx est tm2 ssse3 cx16 xtpr pdcm pcid sse4_1 sse4_2 x2apic popcnt tsc_deadline_timer aes xsave avx f16c rdrand lahf_lm ida arat epb xsaveopt pln pts dtherm tpr_shadow vnmi flexpriority ept vpid fsgsbase smep erms
bogomips	: 4192.92
clflush size	: 64
cache_alignment	: 64
address sizes	: 36 bits physical, 48 bits virtual
power management:

processor	: 4
vendor_id	: GenuineIntel
cpu family	: 6
model		: 58
model name	: Intel(R) Core(TM) i7-3612QM CPU @ 2.10GHz
stepping	: 9
microcode	: 0x12
cpu MHz		: 2730.000
cache size	: 6144 KB
physical id	: 0
siblings	: 8
core id		: 2
cpu cores	: 4
apicid		: 4
initial apicid	: 4
fpu		: yes
fpu_exception	: yes
cpuid level	: 13
wp		: yes
flags		: fpu vme de pse tsc msr pae mce cx8 apic sep mtrr pge mca cmov pat pse36 clflush dts acpi mmx fxsr sse sse2 ss ht tm pbe syscall nx rdtscp lm constant_tsc arch_perfmon pebs bts rep_good nopl xtopology nonstop_tsc aperfmperf eagerfpu pni pclmulqdq dtes64 monitor ds_cpl vmx est tm2 ssse3 cx16 xtpr pdcm pcid sse4_1 sse4_2 x2apic popcnt tsc_deadline_timer aes xsave avx f16c rdrand lahf_lm ida arat epb xsaveopt pln pts dtherm tpr_shadow vnmi flexpriority ept vpid fsgsbase smep erms
bogomips	: 4192.92
clflush size	: 64
cache_alignment	: 64
address sizes	: 36 bits physical, 48 bits virtual
power management:

processor	: 5
vendor_id	: GenuineIntel
cpu family	: 6
model		: 58
model name	: Intel(R) Core(TM) i7-3612QM CPU @ 2.10GHz
stepping	: 9
microcode	: 0x12
cpu MHz		: 2835.000
cache size	: 6144 KB
physical id	: 0
siblings	: 8
core id		: 2
cpu cores	: 4
apicid		: 5
initial apicid	: 5
fpu		: yes
fpu_exception	: yes
cpuid level	: 13
wp		: yes
flags		: fpu vme de pse tsc msr pae mce cx8 apic sep mtrr pge mca cmov pat pse36 clflush dts acpi mmx fxsr sse sse2 ss ht tm pbe syscall nx rdtscp lm constant_tsc arch_perfmon pebs bts rep_good nopl xtopology nonstop_tsc aperfmperf eagerfpu pni pclmulqdq dtes64 monitor ds_cpl vmx est tm2 ssse3 cx16 xtpr pdcm pcid sse4_1 sse4_2 x2apic popcnt tsc_deadline_timer aes xsave avx f16c rdrand lahf_lm ida arat epb xsaveopt pln pts dtherm tpr_shadow vnmi flexpriority ept vpid fsgsbase smep erms
bogomips	: 4192.92
clflush size	: 64
cache_alignment	: 64
address sizes	: 36 bits physical, 48 bits virtual
power management:

processor	: 6
vendor_id	: GenuineIntel
cpu family	: 6
model		: 58
model name	: Intel(R) Core(TM) i7-3612QM CPU @ 2.10GHz
stepping	: 9
microcode	: 0x12
cpu MHz		: 2856.000
cache size	: 6144 KB
physical id	: 0
siblings	: 8
core id		: 3
cpu cores	: 4
apicid		: 6
initial apicid	: 6
fpu		: yes
fpu_exception	: yes
cpuid level	: 13
wp		: yes
flags		: fpu vme de pse tsc msr pae mce cx8 apic sep mtrr pge mca cmov pat pse36 clflush dts acpi mmx fxsr sse sse2 ss ht tm pbe syscall nx rdtscp lm constant_tsc arch_perfmon pebs bts rep_good nopl xtopology nonstop_tsc aperfmperf eagerfpu pni pclmulqdq dtes64 monitor ds_cpl vmx est tm2 ssse3 cx16 xtpr pdcm pcid sse4_1 sse4_2 x2apic popcnt tsc_deadline_timer aes xsave avx f16c rdrand lahf_lm ida arat epb xsaveopt pln pts dtherm tpr_shadow vnmi flexpriority ept vpid fsgsbase smep erms
bogomips	: 4192.92
clflush size	: 64
cache_alignment	: 64
address sizes	: 36 bits physical, 48 bits virtual
power management:

processor	: 7
vendor_id	: GenuineIntel
cpu family	: 6
model		: 58
model name	: Intel(R) Core(TM) i7-3612QM CPU @ 2.10GHz
stepping	: 9
microcode	: 0x12
cpu MHz		: 2373.000
cache size	: 6144 KB
physical id	: 0
siblings	: 8
core id		: 3
cpu cores	: 4
apicid		: 7
initial apicid	: 7
fpu		: yes
fpu_exception	: yes
cpuid level	: 13
wp		: yes
flags		: fpu vme de pse tsc msr pae mce cx8 apic sep mtrr pge mca cmov pat pse36 clflush dts acpi mmx fxsr sse sse2 ss ht tm pbe syscall nx rdtscp lm constant_tsc arch_perfmon pebs bts rep_good nopl xtopology nonstop_tsc aperfmperf eagerfpu pni pclmulqdq dtes64 monitor ds_cpl vmx est tm2 ssse3 cx16 xtpr pdcm pcid sse4_1 sse4_2 x2apic popcnt tsc_deadline_timer aes xsave avx f16c rdrand lahf_lm ida arat epb xsaveopt pln pts dtherm tpr_shadow vnmi flexpriority ept vpid fsgsbase smep erms
bogomips	: 4192.92
clflush size	: 64
cache_alignment	: 64
address sizes	: 36 bits physical, 48 bits virtual
power management:



Memory: 4k page, physical 5705148k(4080472k free), swap 0k(0k free)

vm_info: OpenJDK 64-Bit Server VM (24.45-b08) for linux-amd64 JRE (1.7.0_45-b31), built on Oct 21 2013 19:10:26 by "nobody" with gcc 4.8.2

time: Tue Dec  3 17:21:44 2013
elapsed time: 0 seconds

