#
# A fatal error has been detected by the Java Runtime Environment:
#
#  Internal Error (javaClasses.cpp:136), pid=4344, tid=140559967655680
#  fatal error: Invalid layout of preloaded class
#
# JRE version:  (7.0_45-b31) (build )
# Java VM: OpenJDK 64-Bit Server VM (24.45-b08 mixed mode linux-amd64 compressed oops)
# Failed to write core dump. Core dumps have been disabled. To enable core dumping, try "ulimit -c unlimited" before starting Java again
#
# If you would like to submit a bug report, please include
# instructions on how to reproduce the bug and visit:
#   http://icedtea.classpath.org/bugzilla
#

---------------  T H R E A D  ---------------

Current thread (0x00007fd6a4008800):  JavaThread "Unknown thread" [_thread_in_vm, id=4350, stack(0x00007fd6aae11000,0x00007fd6aaf12000)]

Stack: [0x00007fd6aae11000,0x00007fd6aaf12000],  sp=0x00007fd6aaf10950,  free space=1022k
Native frames: (J=compiled Java code, j=interpreted, Vv=VM code, C=native code)
V  [libjvm.so+0x929e55]  JVM_handle_linux_signal+0x177685
V  [libjvm.so+0x47a4b4]  dlerror+0x47a4b4
V  [libjvm.so+0x5d370a]  AsyncGetCallTrace+0xdb7ca
V  [libjvm.so+0x5d3d16]  AsyncGetCallTrace+0xdbdd6
V  [libjvm.so+0x8b09bc]  JVM_handle_linux_signal+0xfe1ec
V  [libjvm.so+0x8fb948]  JVM_handle_linux_signal+0x149178
V  [libjvm.so+0x8fbf54]  JVM_handle_linux_signal+0x149784
V  [libjvm.so+0x58842a]  AsyncGetCallTrace+0x904ea
V  [libjvm.so+0x8df21f]  JVM_handle_linux_signal+0x12ca4f
V  [libjvm.so+0x5f1bd4]  JNI_CreateJavaVM+0x54
C  [libjli.so+0x29b8]  getenv+0x29b8


---------------  P R O C E S S  ---------------

Java Threads: ( => current thread )

Other Threads:

=>0x00007fd6a4008800 (exited) JavaThread "Unknown thread" [_thread_in_vm, id=4350, stack(0x00007fd6aae11000,0x00007fd6aaf12000)]

VM state:not at safepoint (not fully initialized)

VM Mutex/Monitor currently owned by a thread: None

GC Heap History (0 events):
No events

Deoptimization events (0 events):
No events

Internal exceptions (0 events):
No events

Events (10 events):
Event: 0.005 loading class 0x00007fd6a800e6f0 done
Event: 0.006 loading class 0x00007fd6a800e110 done
Event: 0.006 loading class 0x00007fd6a800e0f0
Event: 0.006 loading class 0x00007fd6a8016130
Event: 0.006 loading class 0x00007fd6a8016130 done
Event: 0.006 loading class 0x00007fd6a8016160
Event: 0.006 loading class 0x00007fd6a8016160 done
Event: 0.006 loading class 0x00007fd6a8016190
Event: 0.006 loading class 0x00007fd6a8016190 done
Event: 0.006 loading class 0x00007fd6a800e0f0 done


Dynamic libraries:
00400000-00401000 r-xp 00000000 08:02 1716182                            /usr/lib/jvm/java-7-openjdk/jre/bin/java
00600000-00601000 rw-p 00000000 08:02 1716182                            /usr/lib/jvm/java-7-openjdk/jre/bin/java
01cc1000-01ce2000 rw-p 00000000 00:00 0                                  [heap]
9e800000-9fd00000 rw-p 00000000 00:00 0 
9fd00000-a8e00000 rw-p 00000000 00:00 0 
a8e00000-ac800000 rw-p 00000000 00:00 0 
ac800000-e2f00000 rw-p 00000000 00:00 0 
e2f00000-e4c00000 rw-p 00000000 00:00 0 
e4c00000-100000000 rw-p 00000000 00:00 0 
7fd674000000-7fd674021000 rw-p 00000000 00:00 0 
7fd674021000-7fd678000000 ---p 00000000 00:00 0 
7fd67c000000-7fd67c021000 rw-p 00000000 00:00 0 
7fd67c021000-7fd680000000 ---p 00000000 00:00 0 
7fd680000000-7fd680021000 rw-p 00000000 00:00 0 
7fd680021000-7fd684000000 ---p 00000000 00:00 0 
7fd688000000-7fd688021000 rw-p 00000000 00:00 0 
7fd688021000-7fd68c000000 ---p 00000000 00:00 0 
7fd68c000000-7fd68c021000 rw-p 00000000 00:00 0 
7fd68c021000-7fd690000000 ---p 00000000 00:00 0 
7fd690dcc000-7fd690df3000 rw-p 00000000 00:00 0 
7fd690df3000-7fd690eca000 r--s 013f2000 08:02 3158886                    /opt/android-sdk/platforms/android-19/android.jar
7fd690eca000-7fd694000000 rw-p 00000000 00:00 0 
7fd694000000-7fd694021000 rw-p 00000000 00:00 0 
7fd694021000-7fd698000000 ---p 00000000 00:00 0 
7fd698000000-7fd698021000 rw-p 00000000 00:00 0 
7fd698021000-7fd69c000000 ---p 00000000 00:00 0 
7fd69c000000-7fd69c021000 rw-p 00000000 00:00 0 
7fd69c021000-7fd6a0000000 ---p 00000000 00:00 0 
7fd6a000e000-7fd6a031a000 rw-p 00000000 00:00 0 
7fd6a031a000-7fd6a031b000 ---p 00000000 00:00 0 
7fd6a031b000-7fd6a041b000 rw-p 00000000 00:00 0                          [stack:4358]
7fd6a041b000-7fd6a041c000 ---p 00000000 00:00 0 
7fd6a041c000-7fd6a051c000 rw-p 00000000 00:00 0                          [stack:4357]
7fd6a051c000-7fd6a051d000 ---p 00000000 00:00 0 
7fd6a051d000-7fd6a061d000 rw-p 00000000 00:00 0                          [stack:4356]
7fd6a061d000-7fd6a061e000 ---p 00000000 00:00 0 
7fd6a061e000-7fd6a071e000 rw-p 00000000 00:00 0                          [stack:4355]
7fd6a071e000-7fd6a071f000 ---p 00000000 00:00 0 
7fd6a071f000-7fd6a081f000 rw-p 00000000 00:00 0                          [stack:4354]
7fd6a081f000-7fd6a0820000 ---p 00000000 00:00 0 
7fd6a0820000-7fd6a0920000 rw-p 00000000 00:00 0                          [stack:4353]
7fd6a0920000-7fd6a0921000 ---p 00000000 00:00 0 
7fd6a0921000-7fd6a0a21000 rw-p 00000000 00:00 0                          [stack:4352]
7fd6a0a21000-7fd6a0a22000 ---p 00000000 00:00 0 
7fd6a0a22000-7fd6a0b3f000 rw-p 00000000 00:00 0                          [stack:4351]
7fd6a0b3f000-7fd6a0cf3000 rw-p 00000000 00:00 0 
7fd6a0cf3000-7fd6a0cfe000 rw-p 00000000 00:00 0 
7fd6a0cfe000-7fd6a0d46000 rw-p 00000000 00:00 0 
7fd6a0d46000-7fd6a0d63000 rw-p 00000000 00:00 0 
7fd6a0d63000-7fd6a0f16000 rw-p 00000000 00:00 0 
7fd6a0f16000-7fd6a0f25000 rw-p 00000000 00:00 0 
7fd6a0f25000-7fd6a0fff000 rw-p 00000000 00:00 0 
7fd6a0fff000-7fd6a1000000 rw-p 00000000 00:00 0 
7fd6a1000000-7fd6a1270000 rwxp 00000000 00:00 0 
7fd6a1270000-7fd6a405c000 rw-p 00000000 00:00 0 
7fd6a405c000-7fd6a8000000 ---p 00000000 00:00 0 
7fd6a800e000-7fd6a809c000 rw-p 00000000 00:00 0 
7fd6a809c000-7fd6a80e4000 rw-p 00000000 00:00 0 
7fd6a80e4000-7fd6a80ec000 r-xp 00000000 08:02 1716148                    /usr/lib/jvm/java-7-openjdk/jre/lib/amd64/libzip.so
7fd6a80ec000-7fd6a82eb000 ---p 00008000 08:02 1716148                    /usr/lib/jvm/java-7-openjdk/jre/lib/amd64/libzip.so
7fd6a82eb000-7fd6a82ec000 rw-p 00007000 08:02 1716148                    /usr/lib/jvm/java-7-openjdk/jre/lib/amd64/libzip.so
7fd6a82ec000-7fd6a82f7000 r-xp 00000000 08:02 1576038                    /usr/lib/libnss_files-2.18.so
7fd6a82f7000-7fd6a84f7000 ---p 0000b000 08:02 1576038                    /usr/lib/libnss_files-2.18.so
7fd6a84f7000-7fd6a84f8000 r--p 0000b000 08:02 1576038                    /usr/lib/libnss_files-2.18.so
7fd6a84f8000-7fd6a84f9000 rw-p 0000c000 08:02 1576038                    /usr/lib/libnss_files-2.18.so
7fd6a84f9000-7fd6a8524000 r-xp 00000000 08:02 1716147                    /usr/lib/jvm/java-7-openjdk/jre/lib/amd64/libjava.so
7fd6a8524000-7fd6a8724000 ---p 0002b000 08:02 1716147                    /usr/lib/jvm/java-7-openjdk/jre/lib/amd64/libjava.so
7fd6a8724000-7fd6a8726000 rw-p 0002b000 08:02 1716147                    /usr/lib/jvm/java-7-openjdk/jre/lib/amd64/libjava.so
7fd6a8726000-7fd6a8733000 r-xp 00000000 08:02 1716146                    /usr/lib/jvm/java-7-openjdk/jre/lib/amd64/libverify.so
7fd6a8733000-7fd6a8932000 ---p 0000d000 08:02 1716146                    /usr/lib/jvm/java-7-openjdk/jre/lib/amd64/libverify.so
7fd6a8932000-7fd6a8934000 rw-p 0000c000 08:02 1716146                    /usr/lib/jvm/java-7-openjdk/jre/lib/amd64/libverify.so
7fd6a8934000-7fd6a893b000 r-xp 00000000 08:02 1576197                    /usr/lib/librt-2.18.so
7fd6a893b000-7fd6a8b3a000 ---p 00007000 08:02 1576197                    /usr/lib/librt-2.18.so
7fd6a8b3a000-7fd6a8b3b000 r--p 00006000 08:02 1576197                    /usr/lib/librt-2.18.so
7fd6a8b3b000-7fd6a8b3c000 rw-p 00007000 08:02 1576197                    /usr/lib/librt-2.18.so
7fd6a8b3c000-7fd6a8b51000 r-xp 00000000 08:02 1579220                    /usr/lib/libgcc_s.so.1
7fd6a8b51000-7fd6a8d51000 ---p 00015000 08:02 1579220                    /usr/lib/libgcc_s.so.1
7fd6a8d51000-7fd6a8d52000 rw-p 00015000 08:02 1579220                    /usr/lib/libgcc_s.so.1
7fd6a8d52000-7fd6a8e54000 r-xp 00000000 08:02 1576140                    /usr/lib/libm-2.18.so
7fd6a8e54000-7fd6a9053000 ---p 00102000 08:02 1576140                    /usr/lib/libm-2.18.so
7fd6a9053000-7fd6a9054000 r--p 00101000 08:02 1576140                    /usr/lib/libm-2.18.so
7fd6a9054000-7fd6a9055000 rw-p 00102000 08:02 1576140                    /usr/lib/libm-2.18.so
7fd6a9055000-7fd6a913b000 r-xp 00000000 08:02 1579213                    /usr/lib/libstdc++.so.6.0.18
7fd6a913b000-7fd6a933a000 ---p 000e6000 08:02 1579213                    /usr/lib/libstdc++.so.6.0.18
7fd6a933a000-7fd6a9342000 r--p 000e5000 08:02 1579213                    /usr/lib/libstdc++.so.6.0.18
7fd6a9342000-7fd6a9344000 rw-p 000ed000 08:02 1579213                    /usr/lib/libstdc++.so.6.0.18
7fd6a9344000-7fd6a9359000 rw-p 00000000 00:00 0 
7fd6a9359000-7fd6a9e4c000 r-xp 00000000 08:02 1716181                    /usr/lib/jvm/java-7-openjdk/jre/lib/amd64/server/libjvm.so
7fd6a9e4c000-7fd6aa04c000 ---p 00af3000 08:02 1716181                    /usr/lib/jvm/java-7-openjdk/jre/lib/amd64/server/libjvm.so
7fd6aa04c000-7fd6aa107000 rw-p 00af3000 08:02 1716181                    /usr/lib/jvm/java-7-openjdk/jre/lib/amd64/server/libjvm.so
7fd6aa107000-7fd6aa134000 rw-p 00000000 00:00 0 
7fd6aa134000-7fd6aa149000 r-xp 00000000 08:02 1579260                    /usr/lib/libz.so.1.2.8
7fd6aa149000-7fd6aa348000 ---p 00015000 08:02 1579260                    /usr/lib/libz.so.1.2.8
7fd6aa348000-7fd6aa349000 r--p 00014000 08:02 1579260                    /usr/lib/libz.so.1.2.8
7fd6aa349000-7fd6aa34a000 rw-p 00015000 08:02 1579260                    /usr/lib/libz.so.1.2.8
7fd6aa34a000-7fd6aa4eb000 r-xp 00000000 08:02 1576141                    /usr/lib/libc-2.18.so
7fd6aa4eb000-7fd6aa6eb000 ---p 001a1000 08:02 1576141                    /usr/lib/libc-2.18.so
7fd6aa6eb000-7fd6aa6ef000 r--p 001a1000 08:02 1576141                    /usr/lib/libc-2.18.so
7fd6aa6ef000-7fd6aa6f1000 rw-p 001a5000 08:02 1576141                    /usr/lib/libc-2.18.so
7fd6aa6f1000-7fd6aa6f5000 rw-p 00000000 00:00 0 
7fd6aa6f5000-7fd6aa6f8000 r-xp 00000000 08:02 1576198                    /usr/lib/libdl-2.18.so
7fd6aa6f8000-7fd6aa8f7000 ---p 00003000 08:02 1576198                    /usr/lib/libdl-2.18.so
7fd6aa8f7000-7fd6aa8f8000 r--p 00002000 08:02 1576198                    /usr/lib/libdl-2.18.so
7fd6aa8f8000-7fd6aa8f9000 rw-p 00003000 08:02 1576198                    /usr/lib/libdl-2.18.so
7fd6aa8f9000-7fd6aa906000 r-xp 00000000 08:02 1716176                    /usr/lib/jvm/java-7-openjdk/jre/lib/amd64/jli/libjli.so
7fd6aa906000-7fd6aab05000 ---p 0000d000 08:02 1716176                    /usr/lib/jvm/java-7-openjdk/jre/lib/amd64/jli/libjli.so
7fd6aab05000-7fd6aab06000 rw-p 0000c000 08:02 1716176                    /usr/lib/jvm/java-7-openjdk/jre/lib/amd64/jli/libjli.so
7fd6aab06000-7fd6aab1e000 r-xp 00000000 08:02 1576079                    /usr/lib/libpthread-2.18.so
7fd6aab1e000-7fd6aad1e000 ---p 00018000 08:02 1576079                    /usr/lib/libpthread-2.18.so
7fd6aad1e000-7fd6aad1f000 r--p 00018000 08:02 1576079                    /usr/lib/libpthread-2.18.so
7fd6aad1f000-7fd6aad20000 rw-p 00019000 08:02 1576079                    /usr/lib/libpthread-2.18.so
7fd6aad20000-7fd6aad24000 rw-p 00000000 00:00 0 
7fd6aad24000-7fd6aad44000 r-xp 00000000 08:02 1576113                    /usr/lib/ld-2.18.so
7fd6aad51000-7fd6aad5b000 rw-p 00000000 00:00 0 
7fd6aad5b000-7fd6aae11000 rw-p 00000000 00:00 0 
7fd6aae11000-7fd6aae14000 ---p 00000000 00:00 0 
7fd6aae14000-7fd6aaf16000 rw-p 00000000 00:00 0                          [stack:4350]
7fd6aaf17000-7fd6aaf38000 rw-p 00000000 00:00 0 
7fd6aaf38000-7fd6aaf40000 rw-s 00000000 00:1e 58744                      /tmp/hsperfdata_kyle/4344
7fd6aaf40000-7fd6aaf41000 rw-p 00000000 00:00 0 
7fd6aaf41000-7fd6aaf42000 r--p 00000000 00:00 0 
7fd6aaf42000-7fd6aaf43000 rw-p 00000000 00:00 0 
7fd6aaf43000-7fd6aaf44000 r--p 0001f000 08:02 1576113                    /usr/lib/ld-2.18.so
7fd6aaf44000-7fd6aaf45000 rw-p 00020000 08:02 1576113                    /usr/lib/ld-2.18.so
7fd6aaf45000-7fd6aaf46000 rw-p 00000000 00:00 0 
7fffc33d4000-7fffc33f5000 rw-p 00000000 00:00 0                          [stack]
7fffc33fe000-7fffc3400000 r-xp 00000000 00:00 0                          [vdso]
ffffffffff600000-ffffffffff601000 r-xp 00000000 00:00 0                  [vsyscall]

VM Arguments:
jvm_args: -Dfile.encoding=ANSI_X3.4-1968 -Xbootclasspath:/opt/android-sdk/platforms/android-19/android.jar 
java_command: edu.purdue.SafeWalk.Requester
Launcher Type: SUN_STANDARD

Environment Variables:
JAVA_HOME=/usr/lib/jvm/java-7-openjdk
PATH=/usr/local/sbin:/usr/local/bin:/usr/bin:/opt/android-sdk/build-tools/18.1.1/:/opt/android-sdk/platform-tools:/opt/android-sdk/tools:/usr/bin/vendor_perl:/usr/bin/core_perl
SHELL=/bin/bash
DISPLAY=:0

Signal Handlers:
SIGSEGV: [libjvm.so+0x92a940], sa_mask[0]=0x7ffbfeff, sa_flags=0x10000004
SIGBUS: [libjvm.so+0x92a940], sa_mask[0]=0x7ffbfeff, sa_flags=0x10000004
SIGFPE: [libjvm.so+0x7a82f0], sa_mask[0]=0x7ffbfeff, sa_flags=0x10000004
SIGPIPE: [libjvm.so+0x7a82f0], sa_mask[0]=0x7ffbfeff, sa_flags=0x10000004
SIGXFSZ: [libjvm.so+0x7a82f0], sa_mask[0]=0x7ffbfeff, sa_flags=0x10000004
SIGILL: [libjvm.so+0x7a82f0], sa_mask[0]=0x7ffbfeff, sa_flags=0x10000004
SIGUSR1: SIG_IGN, sa_mask[0]=0x00000000, sa_flags=0x00000000
SIGUSR2: [libjvm.so+0x7a8190], sa_mask[0]=0x00000004, sa_flags=0x10000004
SIGHUP: SIG_DFL, sa_mask[0]=0x00000000, sa_flags=0x00000000
SIGINT: SIG_DFL, sa_mask[0]=0x00000000, sa_flags=0x00000000
SIGTERM: SIG_DFL, sa_mask[0]=0x00000000, sa_flags=0x00000000
SIGQUIT: SIG_DFL, sa_mask[0]=0x00000000, sa_flags=0x00000000


---------------  S Y S T E M  ---------------

OS:Linux
uname:Linux 3.11.6-1-ARCH #1 SMP PREEMPT Fri Oct 18 23:22:36 CEST 2013 x86_64
libc:glibc 2.18 NPTL 2.18 
rlimit: STACK 8192k, CORE 0k, NPROC 44526, NOFILE 4096, AS infinity
load average:0.18 0.28 0.31

/proc/meminfo:
MemTotal:        5705148 kB
MemFree:         3602652 kB
Buffers:           66052 kB
Cached:           724172 kB
SwapCached:            0 kB
Active:          1351400 kB
Inactive:         568704 kB
Active(anon):    1141904 kB
Inactive(anon):   119644 kB
Active(file):     209496 kB
Inactive(file):   449060 kB
Unevictable:           0 kB
Mlocked:               0 kB
SwapTotal:             0 kB
SwapFree:              0 kB
Dirty:               132 kB
Writeback:             0 kB
AnonPages:       1125780 kB
Mapped:           181828 kB
Shmem:            131676 kB
Slab:              67368 kB
SReclaimable:      45340 kB
SUnreclaim:        22028 kB
KernelStack:        2656 kB
PageTables:        22676 kB
NFS_Unstable:          0 kB
Bounce:                0 kB
WritebackTmp:          0 kB
CommitLimit:     2852572 kB
Committed_AS:    3097276 kB
VmallocTotal:   34359738367 kB
VmallocUsed:      366524 kB
VmallocChunk:   34359345020 kB
HardwareCorrupted:     0 kB
AnonHugePages:    555008 kB
HugePages_Total:       0
HugePages_Free:        0
HugePages_Rsvd:        0
HugePages_Surp:        0
Hugepagesize:       2048 kB
DirectMap4k:       12568 kB
DirectMap2M:     5863424 kB


CPU:total 8 (4 cores per cpu, 2 threads per core) family 6 model 58 stepping 9, cmov, cx8, fxsr, mmx, sse, sse2, sse3, ssse3, sse4.1, sse4.2, popcnt, avx, aes, erms, ht, tsc, tscinvbit, tscinv

/proc/cpuinfo:
processor	: 0
vendor_id	: GenuineIntel
cpu family	: 6
model		: 58
model name	: Intel(R) Core(TM) i7-3612QM CPU @ 2.10GHz
stepping	: 9
microcode	: 0x12
cpu MHz		: 2205.000
cache size	: 6144 KB
physical id	: 0
siblings	: 8
core id		: 0
cpu cores	: 4
apicid		: 0
initial apicid	: 0
fpu		: yes
fpu_exception	: yes
cpuid level	: 13
wp		: yes
flags		: fpu vme de pse tsc msr pae mce cx8 apic sep mtrr pge mca cmov pat pse36 clflush dts acpi mmx fxsr sse sse2 ss ht tm pbe syscall nx rdtscp lm constant_tsc arch_perfmon pebs bts rep_good nopl xtopology nonstop_tsc aperfmperf eagerfpu pni pclmulqdq dtes64 monitor ds_cpl vmx est tm2 ssse3 cx16 xtpr pdcm pcid sse4_1 sse4_2 x2apic popcnt tsc_deadline_timer aes xsave avx f16c rdrand lahf_lm ida arat epb xsaveopt pln pts dtherm tpr_shadow vnmi flexpriority ept vpid fsgsbase smep erms
bogomips	: 4192.97
clflush size	: 64
cache_alignment	: 64
address sizes	: 36 bits physical, 48 bits virtual
power management:

processor	: 1
vendor_id	: GenuineIntel
cpu family	: 6
model		: 58
model name	: Intel(R) Core(TM) i7-3612QM CPU @ 2.10GHz
stepping	: 9
microcode	: 0x12
cpu MHz		: 2541.000
cache size	: 6144 KB
physical id	: 0
siblings	: 8
core id		: 0
cpu cores	: 4
apicid		: 1
initial apicid	: 1
fpu		: yes
fpu_exception	: yes
cpuid level	: 13
wp		: yes
flags		: fpu vme de pse tsc msr pae mce cx8 apic sep mtrr pge mca cmov pat pse36 clflush dts acpi mmx fxsr sse sse2 ss ht tm pbe syscall nx rdtscp lm constant_tsc arch_perfmon pebs bts rep_good nopl xtopology nonstop_tsc aperfmperf eagerfpu pni pclmulqdq dtes64 monitor ds_cpl vmx est tm2 ssse3 cx16 xtpr pdcm pcid sse4_1 sse4_2 x2apic popcnt tsc_deadline_timer aes xsave avx f16c rdrand lahf_lm ida arat epb xsaveopt pln pts dtherm tpr_shadow vnmi flexpriority ept vpid fsgsbase smep erms
bogomips	: 4192.97
clflush size	: 64
cache_alignment	: 64
address sizes	: 36 bits physical, 48 bits virtual
power management:

processor	: 2
vendor_id	: GenuineIntel
cpu family	: 6
model		: 58
model name	: Intel(R) Core(TM) i7-3612QM CPU @ 2.10GHz
stepping	: 9
microcode	: 0x12
cpu MHz		: 2142.000
cache size	: 6144 KB
physical id	: 0
siblings	: 8
core id		: 1
cpu cores	: 4
apicid		: 2
initial apicid	: 2
fpu		: yes
fpu_exception	: yes
cpuid level	: 13
wp		: yes
flags		: fpu vme de pse tsc msr pae mce cx8 apic sep mtrr pge mca cmov pat pse36 clflush dts acpi mmx fxsr sse sse2 ss ht tm pbe syscall nx rdtscp lm constant_tsc arch_perfmon pebs bts rep_good nopl xtopology nonstop_tsc aperfmperf eagerfpu pni pclmulqdq dtes64 monitor ds_cpl vmx est tm2 ssse3 cx16 xtpr pdcm pcid sse4_1 sse4_2 x2apic popcnt tsc_deadline_timer aes xsave avx f16c rdrand lahf_lm ida arat epb xsaveopt pln pts dtherm tpr_shadow vnmi flexpriority ept vpid fsgsbase smep erms
bogomips	: 4192.97
clflush size	: 64
cache_alignment	: 64
address sizes	: 36 bits physical, 48 bits virtual
power management:

processor	: 3
vendor_id	: GenuineIntel
cpu family	: 6
model		: 58
model name	: Intel(R) Core(TM) i7-3612QM CPU @ 2.10GHz
stepping	: 9
microcode	: 0x12
cpu MHz		: 2436.000
cache size	: 6144 KB
physical id	: 0
siblings	: 8
core id		: 1
cpu cores	: 4
apicid		: 3
initial apicid	: 3
fpu		: yes
fpu_exception	: yes
cpuid level	: 13
wp		: yes
flags		: fpu vme de pse tsc msr pae mce cx8 apic sep mtrr pge mca cmov pat pse36 clflush dts acpi mmx fxsr sse sse2 ss ht tm pbe syscall nx rdtscp lm constant_tsc arch_perfmon pebs bts rep_good nopl xtopology nonstop_tsc aperfmperf eagerfpu pni pclmulqdq dtes64 monitor ds_cpl vmx est tm2 ssse3 cx16 xtpr pdcm pcid sse4_1 sse4_2 x2apic popcnt tsc_deadline_timer aes xsave avx f16c rdrand lahf_lm ida arat epb xsaveopt pln pts dtherm tpr_shadow vnmi flexpriority ept vpid fsgsbase smep erms
bogomips	: 4192.97
clflush size	: 64
cache_alignment	: 64
address sizes	: 36 bits physical, 48 bits virtual
power management:

processor	: 4
vendor_id	: GenuineIntel
cpu family	: 6
model		: 58
model name	: Intel(R) Core(TM) i7-3612QM CPU @ 2.10GHz
stepping	: 9
microcode	: 0x12
cpu MHz		: 2394.000
cache size	: 6144 KB
physical id	: 0
siblings	: 8
core id		: 2
cpu cores	: 4
apicid		: 4
initial apicid	: 4
fpu		: yes
fpu_exception	: yes
cpuid level	: 13
wp		: yes
flags		: fpu vme de pse tsc msr pae mce cx8 apic sep mtrr pge mca cmov pat pse36 clflush dts acpi mmx fxsr sse sse2 ss ht tm pbe syscall nx rdtscp lm constant_tsc arch_perfmon pebs bts rep_good nopl xtopology nonstop_tsc aperfmperf eagerfpu pni pclmulqdq dtes64 monitor ds_cpl vmx est tm2 ssse3 cx16 xtpr pdcm pcid sse4_1 sse4_2 x2apic popcnt tsc_deadline_timer aes xsave avx f16c rdrand lahf_lm ida arat epb xsaveopt pln pts dtherm tpr_shadow vnmi flexpriority ept vpid fsgsbase smep erms
bogomips	: 4192.97
clflush size	: 64
cache_alignment	: 64
address sizes	: 36 bits physical, 48 bits virtual
power management:

processor	: 5
vendor_id	: GenuineIntel
cpu family	: 6
model		: 58
model name	: Intel(R) Core(TM) i7-3612QM CPU @ 2.10GHz
stepping	: 9
microcode	: 0x12
cpu MHz		: 2373.000
cache size	: 6144 KB
physical id	: 0
siblings	: 8
core id		: 2
cpu cores	: 4
apicid		: 5
initial apicid	: 5
fpu		: yes
fpu_exception	: yes
cpuid level	: 13
wp		: yes
flags		: fpu vme de pse tsc msr pae mce cx8 apic sep mtrr pge mca cmov pat pse36 clflush dts acpi mmx fxsr sse sse2 ss ht tm pbe syscall nx rdtscp lm constant_tsc arch_perfmon pebs bts rep_good nopl xtopology nonstop_tsc aperfmperf eagerfpu pni pclmulqdq dtes64 monitor ds_cpl vmx est tm2 ssse3 cx16 xtpr pdcm pcid sse4_1 sse4_2 x2apic popcnt tsc_deadline_timer aes xsave avx f16c rdrand lahf_lm ida arat epb xsaveopt pln pts dtherm tpr_shadow vnmi flexpriority ept vpid fsgsbase smep erms
bogomips	: 4192.97
clflush size	: 64
cache_alignment	: 64
address sizes	: 36 bits physical, 48 bits virtual
power management:

processor	: 6
vendor_id	: GenuineIntel
cpu family	: 6
model		: 58
model name	: Intel(R) Core(TM) i7-3612QM CPU @ 2.10GHz
stepping	: 9
microcode	: 0x12
cpu MHz		: 2457.000
cache size	: 6144 KB
physical id	: 0
siblings	: 8
core id		: 3
cpu cores	: 4
apicid		: 6
initial apicid	: 6
fpu		: yes
fpu_exception	: yes
cpuid level	: 13
wp		: yes
flags		: fpu vme de pse tsc msr pae mce cx8 apic sep mtrr pge mca cmov pat pse36 clflush dts acpi mmx fxsr sse sse2 ss ht tm pbe syscall nx rdtscp lm constant_tsc arch_perfmon pebs bts rep_good nopl xtopology nonstop_tsc aperfmperf eagerfpu pni pclmulqdq dtes64 monitor ds_cpl vmx est tm2 ssse3 cx16 xtpr pdcm pcid sse4_1 sse4_2 x2apic popcnt tsc_deadline_timer aes xsave avx f16c rdrand lahf_lm ida arat epb xsaveopt pln pts dtherm tpr_shadow vnmi flexpriority ept vpid fsgsbase smep erms
bogomips	: 4192.97
clflush size	: 64
cache_alignment	: 64
address sizes	: 36 bits physical, 48 bits virtual
power management:

processor	: 7
vendor_id	: GenuineIntel
cpu family	: 6
model		: 58
model name	: Intel(R) Core(TM) i7-3612QM CPU @ 2.10GHz
stepping	: 9
microcode	: 0x12
cpu MHz		: 2646.000
cache size	: 6144 KB
physical id	: 0
siblings	: 8
core id		: 3
cpu cores	: 4
apicid		: 7
initial apicid	: 7
fpu		: yes
fpu_exception	: yes
cpuid level	: 13
wp		: yes
flags		: fpu vme de pse tsc msr pae mce cx8 apic sep mtrr pge mca cmov pat pse36 clflush dts acpi mmx fxsr sse sse2 ss ht tm pbe syscall nx rdtscp lm constant_tsc arch_perfmon pebs bts rep_good nopl xtopology nonstop_tsc aperfmperf eagerfpu pni pclmulqdq dtes64 monitor ds_cpl vmx est tm2 ssse3 cx16 xtpr pdcm pcid sse4_1 sse4_2 x2apic popcnt tsc_deadline_timer aes xsave avx f16c rdrand lahf_lm ida arat epb xsaveopt pln pts dtherm tpr_shadow vnmi flexpriority ept vpid fsgsbase smep erms
bogomips	: 4192.97
clflush size	: 64
cache_alignment	: 64
address sizes	: 36 bits physical, 48 bits virtual
power management:



Memory: 4k page, physical 5705148k(3602652k free), swap 0k(0k free)

vm_info: OpenJDK 64-Bit Server VM (24.45-b08) for linux-amd64 JRE (1.7.0_45-b31), built on Oct 21 2013 19:10:26 by "nobody" with gcc 4.8.2

time: Fri Nov 29 13:57:29 2013
elapsed time: 0 seconds

