#
# A fatal error has been detected by the Java Runtime Environment:
#
#  Internal Error (javaClasses.cpp:136), pid=4188, tid=140427011294976
#  fatal error: Invalid layout of preloaded class
#
# JRE version:  (7.0_45-b31) (build )
# Java VM: OpenJDK 64-Bit Server VM (24.45-b08 mixed mode linux-amd64 compressed oops)
# Failed to write core dump. Core dumps have been disabled. To enable core dumping, try "ulimit -c unlimited" before starting Java again
#
# If you would like to submit a bug report, please include
# instructions on how to reproduce the bug and visit:
#   http://icedtea.classpath.org/bugzilla
#

---------------  T H R E A D  ---------------

Current thread (0x00007fb7ac008800):  JavaThread "Unknown thread" [_thread_in_vm, id=4194, stack(0x00007fb7b6100000,0x00007fb7b6201000)]

Stack: [0x00007fb7b6100000,0x00007fb7b6201000],  sp=0x00007fb7b61ff950,  free space=1022k
Native frames: (J=compiled Java code, j=interpreted, Vv=VM code, C=native code)
V  [libjvm.so+0x929e55]  JVM_handle_linux_signal+0x177685
V  [libjvm.so+0x47a4b4]  dlerror+0x47a4b4
V  [libjvm.so+0x5d370a]  AsyncGetCallTrace+0xdb7ca
V  [libjvm.so+0x5d3d16]  AsyncGetCallTrace+0xdbdd6
V  [libjvm.so+0x8b09bc]  JVM_handle_linux_signal+0xfe1ec
V  [libjvm.so+0x8fb948]  JVM_handle_linux_signal+0x149178
V  [libjvm.so+0x8fbf54]  JVM_handle_linux_signal+0x149784
V  [libjvm.so+0x58842a]  AsyncGetCallTrace+0x904ea
V  [libjvm.so+0x8df21f]  JVM_handle_linux_signal+0x12ca4f
V  [libjvm.so+0x5f1bd4]  JNI_CreateJavaVM+0x54
C  [libjli.so+0x29b8]  getenv+0x29b8


---------------  P R O C E S S  ---------------

Java Threads: ( => current thread )

Other Threads:

=>0x00007fb7ac008800 (exited) JavaThread "Unknown thread" [_thread_in_vm, id=4194, stack(0x00007fb7b6100000,0x00007fb7b6201000)]

VM state:not at safepoint (not fully initialized)

VM Mutex/Monitor currently owned by a thread: None

GC Heap History (0 events):
No events

Deoptimization events (0 events):
No events

Internal exceptions (0 events):
No events

Events (10 events):
Event: 0.006 loading class 0x00007fb7a82006f0 done
Event: 0.006 loading class 0x00007fb7a8200110 done
Event: 0.006 loading class 0x00007fb7a82000f0
Event: 0.006 loading class 0x00007fb7a8208130
Event: 0.006 loading class 0x00007fb7a8208130 done
Event: 0.006 loading class 0x00007fb7a8208160
Event: 0.006 loading class 0x00007fb7a8208160 done
Event: 0.006 loading class 0x00007fb7a8208190
Event: 0.006 loading class 0x00007fb7a8208190 done
Event: 0.006 loading class 0x00007fb7a82000f0 done


Dynamic libraries:
00400000-00401000 r-xp 00000000 08:02 1716182                            /usr/lib/jvm/java-7-openjdk/jre/bin/java
00600000-00601000 rw-p 00000000 08:02 1716182                            /usr/lib/jvm/java-7-openjdk/jre/bin/java
02285000-022a6000 rw-p 00000000 00:00 0                                  [heap]
9e800000-9fd00000 rw-p 00000000 00:00 0 
9fd00000-a8e00000 rw-p 00000000 00:00 0 
a8e00000-ac800000 rw-p 00000000 00:00 0 
ac800000-e2f00000 rw-p 00000000 00:00 0 
e2f00000-e4c00000 rw-p 00000000 00:00 0 
e4c00000-100000000 rw-p 00000000 00:00 0 
7fb788000000-7fb788021000 rw-p 00000000 00:00 0 
7fb788021000-7fb78c000000 ---p 00000000 00:00 0 
7fb78c000000-7fb78c021000 rw-p 00000000 00:00 0 
7fb78c021000-7fb790000000 ---p 00000000 00:00 0 
7fb790000000-7fb790021000 rw-p 00000000 00:00 0 
7fb790021000-7fb794000000 ---p 00000000 00:00 0 
7fb794000000-7fb794021000 rw-p 00000000 00:00 0 
7fb794021000-7fb798000000 ---p 00000000 00:00 0 
7fb798000000-7fb798021000 rw-p 00000000 00:00 0 
7fb798021000-7fb79c000000 ---p 00000000 00:00 0 
7fb79c000000-7fb79c021000 rw-p 00000000 00:00 0 
7fb79c021000-7fb7a0000000 ---p 00000000 00:00 0 
7fb7a0000000-7fb7a0021000 rw-p 00000000 00:00 0 
7fb7a0021000-7fb7a4000000 ---p 00000000 00:00 0 
7fb7a4000000-7fb7a4021000 rw-p 00000000 00:00 0 
7fb7a4021000-7fb7a8000000 ---p 00000000 00:00 0 
7fb7a80b3000-7fb7a818a000 r--s 013f2000 08:02 3158886                    /opt/android-sdk/platforms/android-19/android.jar
7fb7a818a000-7fb7ab627000 rw-p 00000000 00:00 0 
7fb7ab627000-7fb7ab628000 ---p 00000000 00:00 0 
7fb7ab628000-7fb7ab728000 rw-p 00000000 00:00 0                          [stack:4202]
7fb7ab728000-7fb7ab729000 ---p 00000000 00:00 0 
7fb7ab729000-7fb7ab829000 rw-p 00000000 00:00 0                          [stack:4201]
7fb7ab829000-7fb7ab82a000 ---p 00000000 00:00 0 
7fb7ab82a000-7fb7ab92a000 rw-p 00000000 00:00 0                          [stack:4200]
7fb7ab92a000-7fb7ab92b000 ---p 00000000 00:00 0 
7fb7ab92b000-7fb7aba2b000 rw-p 00000000 00:00 0                          [stack:4199]
7fb7aba2b000-7fb7aba2c000 ---p 00000000 00:00 0 
7fb7aba2c000-7fb7abb2c000 rw-p 00000000 00:00 0                          [stack:4198]
7fb7abb2c000-7fb7abb2d000 ---p 00000000 00:00 0 
7fb7abb2d000-7fb7abc2d000 rw-p 00000000 00:00 0                          [stack:4197]
7fb7abc2d000-7fb7abc2e000 ---p 00000000 00:00 0 
7fb7abc2e000-7fb7abd2e000 rw-p 00000000 00:00 0                          [stack:4196]
7fb7abd2e000-7fb7abd2f000 ---p 00000000 00:00 0 
7fb7abd2f000-7fb7abe4c000 rw-p 00000000 00:00 0                          [stack:4195]
7fb7abe4c000-7fb7ac05c000 rw-p 00000000 00:00 0 
7fb7ac05c000-7fb7b0000000 ---p 00000000 00:00 0 
7fb7b0024000-7fb7b007e000 rw-p 00000000 00:00 0 
7fb7b007e000-7fb7b00c6000 rw-p 00000000 00:00 0 
7fb7b00c6000-7fb7b00d1000 rw-p 00000000 00:00 0 
7fb7b00d1000-7fb7b0119000 rw-p 00000000 00:00 0 
7fb7b0119000-7fb7b0136000 rw-p 00000000 00:00 0 
7fb7b0136000-7fb7b02e9000 rw-p 00000000 00:00 0 
7fb7b02e9000-7fb7b02f8000 rw-p 00000000 00:00 0 
7fb7b02f8000-7fb7b03d2000 rw-p 00000000 00:00 0 
7fb7b03d2000-7fb7b03d3000 rw-p 00000000 00:00 0 
7fb7b03d3000-7fb7b0643000 rwxp 00000000 00:00 0 
7fb7b0643000-7fb7b33d3000 rw-p 00000000 00:00 0 
7fb7b33d3000-7fb7b33db000 r-xp 00000000 08:02 1716148                    /usr/lib/jvm/java-7-openjdk/jre/lib/amd64/libzip.so
7fb7b33db000-7fb7b35da000 ---p 00008000 08:02 1716148                    /usr/lib/jvm/java-7-openjdk/jre/lib/amd64/libzip.so
7fb7b35da000-7fb7b35db000 rw-p 00007000 08:02 1716148                    /usr/lib/jvm/java-7-openjdk/jre/lib/amd64/libzip.so
7fb7b35db000-7fb7b35e6000 r-xp 00000000 08:02 1576038                    /usr/lib/libnss_files-2.18.so
7fb7b35e6000-7fb7b37e6000 ---p 0000b000 08:02 1576038                    /usr/lib/libnss_files-2.18.so
7fb7b37e6000-7fb7b37e7000 r--p 0000b000 08:02 1576038                    /usr/lib/libnss_files-2.18.so
7fb7b37e7000-7fb7b37e8000 rw-p 0000c000 08:02 1576038                    /usr/lib/libnss_files-2.18.so
7fb7b37e8000-7fb7b3813000 r-xp 00000000 08:02 1716147                    /usr/lib/jvm/java-7-openjdk/jre/lib/amd64/libjava.so
7fb7b3813000-7fb7b3a13000 ---p 0002b000 08:02 1716147                    /usr/lib/jvm/java-7-openjdk/jre/lib/amd64/libjava.so
7fb7b3a13000-7fb7b3a15000 rw-p 0002b000 08:02 1716147                    /usr/lib/jvm/java-7-openjdk/jre/lib/amd64/libjava.so
7fb7b3a15000-7fb7b3a22000 r-xp 00000000 08:02 1716146                    /usr/lib/jvm/java-7-openjdk/jre/lib/amd64/libverify.so
7fb7b3a22000-7fb7b3c21000 ---p 0000d000 08:02 1716146                    /usr/lib/jvm/java-7-openjdk/jre/lib/amd64/libverify.so
7fb7b3c21000-7fb7b3c23000 rw-p 0000c000 08:02 1716146                    /usr/lib/jvm/java-7-openjdk/jre/lib/amd64/libverify.so
7fb7b3c23000-7fb7b3c2a000 r-xp 00000000 08:02 1576197                    /usr/lib/librt-2.18.so
7fb7b3c2a000-7fb7b3e29000 ---p 00007000 08:02 1576197                    /usr/lib/librt-2.18.so
7fb7b3e29000-7fb7b3e2a000 r--p 00006000 08:02 1576197                    /usr/lib/librt-2.18.so
7fb7b3e2a000-7fb7b3e2b000 rw-p 00007000 08:02 1576197                    /usr/lib/librt-2.18.so
7fb7b3e2b000-7fb7b3e40000 r-xp 00000000 08:02 1579220                    /usr/lib/libgcc_s.so.1
7fb7b3e40000-7fb7b4040000 ---p 00015000 08:02 1579220                    /usr/lib/libgcc_s.so.1
7fb7b4040000-7fb7b4041000 rw-p 00015000 08:02 1579220                    /usr/lib/libgcc_s.so.1
7fb7b4041000-7fb7b4143000 r-xp 00000000 08:02 1576140                    /usr/lib/libm-2.18.so
7fb7b4143000-7fb7b4342000 ---p 00102000 08:02 1576140                    /usr/lib/libm-2.18.so
7fb7b4342000-7fb7b4343000 r--p 00101000 08:02 1576140                    /usr/lib/libm-2.18.so
7fb7b4343000-7fb7b4344000 rw-p 00102000 08:02 1576140                    /usr/lib/libm-2.18.so
7fb7b4344000-7fb7b442a000 r-xp 00000000 08:02 1579213                    /usr/lib/libstdc++.so.6.0.18
7fb7b442a000-7fb7b4629000 ---p 000e6000 08:02 1579213                    /usr/lib/libstdc++.so.6.0.18
7fb7b4629000-7fb7b4631000 r--p 000e5000 08:02 1579213                    /usr/lib/libstdc++.so.6.0.18
7fb7b4631000-7fb7b4633000 rw-p 000ed000 08:02 1579213                    /usr/lib/libstdc++.so.6.0.18
7fb7b4633000-7fb7b4648000 rw-p 00000000 00:00 0 
7fb7b4648000-7fb7b513b000 r-xp 00000000 08:02 1716181                    /usr/lib/jvm/java-7-openjdk/jre/lib/amd64/server/libjvm.so
7fb7b513b000-7fb7b533b000 ---p 00af3000 08:02 1716181                    /usr/lib/jvm/java-7-openjdk/jre/lib/amd64/server/libjvm.so
7fb7b533b000-7fb7b53f6000 rw-p 00af3000 08:02 1716181                    /usr/lib/jvm/java-7-openjdk/jre/lib/amd64/server/libjvm.so
7fb7b53f6000-7fb7b5423000 rw-p 00000000 00:00 0 
7fb7b5423000-7fb7b5438000 r-xp 00000000 08:02 1579260                    /usr/lib/libz.so.1.2.8
7fb7b5438000-7fb7b5637000 ---p 00015000 08:02 1579260                    /usr/lib/libz.so.1.2.8
7fb7b5637000-7fb7b5638000 r--p 00014000 08:02 1579260                    /usr/lib/libz.so.1.2.8
7fb7b5638000-7fb7b5639000 rw-p 00015000 08:02 1579260                    /usr/lib/libz.so.1.2.8
7fb7b5639000-7fb7b57da000 r-xp 00000000 08:02 1576141                    /usr/lib/libc-2.18.so
7fb7b57da000-7fb7b59da000 ---p 001a1000 08:02 1576141                    /usr/lib/libc-2.18.so
7fb7b59da000-7fb7b59de000 r--p 001a1000 08:02 1576141                    /usr/lib/libc-2.18.so
7fb7b59de000-7fb7b59e0000 rw-p 001a5000 08:02 1576141                    /usr/lib/libc-2.18.so
7fb7b59e0000-7fb7b59e4000 rw-p 00000000 00:00 0 
7fb7b59e4000-7fb7b59e7000 r-xp 00000000 08:02 1576198                    /usr/lib/libdl-2.18.so
7fb7b59e7000-7fb7b5be6000 ---p 00003000 08:02 1576198                    /usr/lib/libdl-2.18.so
7fb7b5be6000-7fb7b5be7000 r--p 00002000 08:02 1576198                    /usr/lib/libdl-2.18.so
7fb7b5be7000-7fb7b5be8000 rw-p 00003000 08:02 1576198                    /usr/lib/libdl-2.18.so
7fb7b5be8000-7fb7b5bf5000 r-xp 00000000 08:02 1716176                    /usr/lib/jvm/java-7-openjdk/jre/lib/amd64/jli/libjli.so
7fb7b5bf5000-7fb7b5df4000 ---p 0000d000 08:02 1716176                    /usr/lib/jvm/java-7-openjdk/jre/lib/amd64/jli/libjli.so
7fb7b5df4000-7fb7b5df5000 rw-p 0000c000 08:02 1716176                    /usr/lib/jvm/java-7-openjdk/jre/lib/amd64/jli/libjli.so
7fb7b5df5000-7fb7b5e0d000 r-xp 00000000 08:02 1576079                    /usr/lib/libpthread-2.18.so
7fb7b5e0d000-7fb7b600d000 ---p 00018000 08:02 1576079                    /usr/lib/libpthread-2.18.so
7fb7b600d000-7fb7b600e000 r--p 00018000 08:02 1576079                    /usr/lib/libpthread-2.18.so
7fb7b600e000-7fb7b600f000 rw-p 00019000 08:02 1576079                    /usr/lib/libpthread-2.18.so
7fb7b600f000-7fb7b6013000 rw-p 00000000 00:00 0 
7fb7b6013000-7fb7b6033000 r-xp 00000000 08:02 1576113                    /usr/lib/ld-2.18.so
7fb7b6040000-7fb7b604a000 rw-p 00000000 00:00 0 
7fb7b604a000-7fb7b6100000 rw-p 00000000 00:00 0 
7fb7b6100000-7fb7b6103000 ---p 00000000 00:00 0 
7fb7b6103000-7fb7b6205000 rw-p 00000000 00:00 0                          [stack:4194]
7fb7b6206000-7fb7b6227000 rw-p 00000000 00:00 0 
7fb7b6227000-7fb7b622f000 rw-s 00000000 00:1e 58550                      /tmp/hsperfdata_kyle/4188
7fb7b622f000-7fb7b6230000 rw-p 00000000 00:00 0 
7fb7b6230000-7fb7b6231000 r--p 00000000 00:00 0 
7fb7b6231000-7fb7b6232000 rw-p 00000000 00:00 0 
7fb7b6232000-7fb7b6233000 r--p 0001f000 08:02 1576113                    /usr/lib/ld-2.18.so
7fb7b6233000-7fb7b6234000 rw-p 00020000 08:02 1576113                    /usr/lib/ld-2.18.so
7fb7b6234000-7fb7b6235000 rw-p 00000000 00:00 0 
7fff19dac000-7fff19dcd000 rw-p 00000000 00:00 0                          [stack]
7fff19dfe000-7fff19e00000 r-xp 00000000 00:00 0                          [vdso]
ffffffffff600000-ffffffffff601000 r-xp 00000000 00:00 0                  [vsyscall]

VM Arguments:
jvm_args: -Dfile.encoding=ANSI_X3.4-1968 -Xbootclasspath:/opt/android-sdk/platforms/android-19/android.jar 
java_command: edu.purdue.SafeWalk.Requester
Launcher Type: SUN_STANDARD

Environment Variables:
JAVA_HOME=/usr/lib/jvm/java-7-openjdk
PATH=/usr/local/sbin:/usr/local/bin:/usr/bin:/opt/android-sdk/build-tools/18.1.1/:/opt/android-sdk/platform-tools:/opt/android-sdk/tools:/usr/bin/vendor_perl:/usr/bin/core_perl
SHELL=/bin/bash
DISPLAY=:0

Signal Handlers:
SIGSEGV: [libjvm.so+0x92a940], sa_mask[0]=0x7ffbfeff, sa_flags=0x10000004
SIGBUS: [libjvm.so+0x92a940], sa_mask[0]=0x7ffbfeff, sa_flags=0x10000004
SIGFPE: [libjvm.so+0x7a82f0], sa_mask[0]=0x7ffbfeff, sa_flags=0x10000004
SIGPIPE: [libjvm.so+0x7a82f0], sa_mask[0]=0x7ffbfeff, sa_flags=0x10000004
SIGXFSZ: [libjvm.so+0x7a82f0], sa_mask[0]=0x7ffbfeff, sa_flags=0x10000004
SIGILL: [libjvm.so+0x7a82f0], sa_mask[0]=0x7ffbfeff, sa_flags=0x10000004
SIGUSR1: SIG_IGN, sa_mask[0]=0x00000000, sa_flags=0x00000000
SIGUSR2: [libjvm.so+0x7a8190], sa_mask[0]=0x00000004, sa_flags=0x10000004
SIGHUP: SIG_DFL, sa_mask[0]=0x00000000, sa_flags=0x00000000
SIGINT: SIG_DFL, sa_mask[0]=0x00000000, sa_flags=0x00000000
SIGTERM: SIG_DFL, sa_mask[0]=0x00000000, sa_flags=0x00000000
SIGQUIT: SIG_DFL, sa_mask[0]=0x00000000, sa_flags=0x00000000


---------------  S Y S T E M  ---------------

OS:Linux
uname:Linux 3.11.6-1-ARCH #1 SMP PREEMPT Fri Oct 18 23:22:36 CEST 2013 x86_64
libc:glibc 2.18 NPTL 2.18 
rlimit: STACK 8192k, CORE 0k, NPROC 44526, NOFILE 4096, AS infinity
load average:0.27 0.31 0.31

/proc/meminfo:
MemTotal:        5705148 kB
MemFree:         3645520 kB
Buffers:           65396 kB
Cached:           702964 kB
SwapCached:            0 kB
Active:          1327764 kB
Inactive:         551816 kB
Active(anon):    1122376 kB
Inactive(anon):   109520 kB
Active(file):     205388 kB
Inactive(file):   442296 kB
Unevictable:           0 kB
Mlocked:               0 kB
SwapTotal:             0 kB
SwapFree:              0 kB
Dirty:               160 kB
Writeback:             0 kB
AnonPages:       1105156 kB
Mapped:           177536 kB
Shmem:            120684 kB
Slab:              66728 kB
SReclaimable:      44780 kB
SUnreclaim:        21948 kB
KernelStack:        2600 kB
PageTables:        21928 kB
NFS_Unstable:          0 kB
Bounce:                0 kB
WritebackTmp:          0 kB
CommitLimit:     2852572 kB
Committed_AS:    3040132 kB
VmallocTotal:   34359738367 kB
VmallocUsed:      366524 kB
VmallocChunk:   34359345020 kB
HardwareCorrupted:     0 kB
AnonHugePages:    518144 kB
HugePages_Total:       0
HugePages_Free:        0
HugePages_Rsvd:        0
HugePages_Surp:        0
Hugepagesize:       2048 kB
DirectMap4k:       12568 kB
DirectMap2M:     5863424 kB


CPU:total 8 (4 cores per cpu, 2 threads per core) family 6 model 58 stepping 9, cmov, cx8, fxsr, mmx, sse, sse2, sse3, ssse3, sse4.1, sse4.2, popcnt, avx, aes, erms, ht, tsc, tscinvbit, tscinv

/proc/cpuinfo:
processor	: 0
vendor_id	: GenuineIntel
cpu family	: 6
model		: 58
model name	: Intel(R) Core(TM) i7-3612QM CPU @ 2.10GHz
stepping	: 9
microcode	: 0x12
cpu MHz		: 2709.000
cache size	: 6144 KB
physical id	: 0
siblings	: 8
core id		: 0
cpu cores	: 4
apicid		: 0
initial apicid	: 0
fpu		: yes
fpu_exception	: yes
cpuid level	: 13
wp		: yes
flags		: fpu vme de pse tsc msr pae mce cx8 apic sep mtrr pge mca cmov pat pse36 clflush dts acpi mmx fxsr sse sse2 ss ht tm pbe syscall nx rdtscp lm constant_tsc arch_perfmon pebs bts rep_good nopl xtopology nonstop_tsc aperfmperf eagerfpu pni pclmulqdq dtes64 monitor ds_cpl vmx est tm2 ssse3 cx16 xtpr pdcm pcid sse4_1 sse4_2 x2apic popcnt tsc_deadline_timer aes xsave avx f16c rdrand lahf_lm ida arat epb xsaveopt pln pts dtherm tpr_shadow vnmi flexpriority ept vpid fsgsbase smep erms
bogomips	: 4192.97
clflush size	: 64
cache_alignment	: 64
address sizes	: 36 bits physical, 48 bits virtual
power management:

processor	: 1
vendor_id	: GenuineIntel
cpu family	: 6
model		: 58
model name	: Intel(R) Core(TM) i7-3612QM CPU @ 2.10GHz
stepping	: 9
microcode	: 0x12
cpu MHz		: 2667.000
cache size	: 6144 KB
physical id	: 0
siblings	: 8
core id		: 0
cpu cores	: 4
apicid		: 1
initial apicid	: 1
fpu		: yes
fpu_exception	: yes
cpuid level	: 13
wp		: yes
flags		: fpu vme de pse tsc msr pae mce cx8 apic sep mtrr pge mca cmov pat pse36 clflush dts acpi mmx fxsr sse sse2 ss ht tm pbe syscall nx rdtscp lm constant_tsc arch_perfmon pebs bts rep_good nopl xtopology nonstop_tsc aperfmperf eagerfpu pni pclmulqdq dtes64 monitor ds_cpl vmx est tm2 ssse3 cx16 xtpr pdcm pcid sse4_1 sse4_2 x2apic popcnt tsc_deadline_timer aes xsave avx f16c rdrand lahf_lm ida arat epb xsaveopt pln pts dtherm tpr_shadow vnmi flexpriority ept vpid fsgsbase smep erms
bogomips	: 4192.97
clflush size	: 64
cache_alignment	: 64
address sizes	: 36 bits physical, 48 bits virtual
power management:

processor	: 2
vendor_id	: GenuineIntel
cpu family	: 6
model		: 58
model name	: Intel(R) Core(TM) i7-3612QM CPU @ 2.10GHz
stepping	: 9
microcode	: 0x12
cpu MHz		: 2394.000
cache size	: 6144 KB
physical id	: 0
siblings	: 8
core id		: 1
cpu cores	: 4
apicid		: 2
initial apicid	: 2
fpu		: yes
fpu_exception	: yes
cpuid level	: 13
wp		: yes
flags		: fpu vme de pse tsc msr pae mce cx8 apic sep mtrr pge mca cmov pat pse36 clflush dts acpi mmx fxsr sse sse2 ss ht tm pbe syscall nx rdtscp lm constant_tsc arch_perfmon pebs bts rep_good nopl xtopology nonstop_tsc aperfmperf eagerfpu pni pclmulqdq dtes64 monitor ds_cpl vmx est tm2 ssse3 cx16 xtpr pdcm pcid sse4_1 sse4_2 x2apic popcnt tsc_deadline_timer aes xsave avx f16c rdrand lahf_lm ida arat epb xsaveopt pln pts dtherm tpr_shadow vnmi flexpriority ept vpid fsgsbase smep erms
bogomips	: 4192.97
clflush size	: 64
cache_alignment	: 64
address sizes	: 36 bits physical, 48 bits virtual
power management:

processor	: 3
vendor_id	: GenuineIntel
cpu family	: 6
model		: 58
model name	: Intel(R) Core(TM) i7-3612QM CPU @ 2.10GHz
stepping	: 9
microcode	: 0x12
cpu MHz		: 2688.000
cache size	: 6144 KB
physical id	: 0
siblings	: 8
core id		: 1
cpu cores	: 4
apicid		: 3
initial apicid	: 3
fpu		: yes
fpu_exception	: yes
cpuid level	: 13
wp		: yes
flags		: fpu vme de pse tsc msr pae mce cx8 apic sep mtrr pge mca cmov pat pse36 clflush dts acpi mmx fxsr sse sse2 ss ht tm pbe syscall nx rdtscp lm constant_tsc arch_perfmon pebs bts rep_good nopl xtopology nonstop_tsc aperfmperf eagerfpu pni pclmulqdq dtes64 monitor ds_cpl vmx est tm2 ssse3 cx16 xtpr pdcm pcid sse4_1 sse4_2 x2apic popcnt tsc_deadline_timer aes xsave avx f16c rdrand lahf_lm ida arat epb xsaveopt pln pts dtherm tpr_shadow vnmi flexpriority ept vpid fsgsbase smep erms
bogomips	: 4192.97
clflush size	: 64
cache_alignment	: 64
address sizes	: 36 bits physical, 48 bits virtual
power management:

processor	: 4
vendor_id	: GenuineIntel
cpu family	: 6
model		: 58
model name	: Intel(R) Core(TM) i7-3612QM CPU @ 2.10GHz
stepping	: 9
microcode	: 0x12
cpu MHz		: 2688.000
cache size	: 6144 KB
physical id	: 0
siblings	: 8
core id		: 2
cpu cores	: 4
apicid		: 4
initial apicid	: 4
fpu		: yes
fpu_exception	: yes
cpuid level	: 13
wp		: yes
flags		: fpu vme de pse tsc msr pae mce cx8 apic sep mtrr pge mca cmov pat pse36 clflush dts acpi mmx fxsr sse sse2 ss ht tm pbe syscall nx rdtscp lm constant_tsc arch_perfmon pebs bts rep_good nopl xtopology nonstop_tsc aperfmperf eagerfpu pni pclmulqdq dtes64 monitor ds_cpl vmx est tm2 ssse3 cx16 xtpr pdcm pcid sse4_1 sse4_2 x2apic popcnt tsc_deadline_timer aes xsave avx f16c rdrand lahf_lm ida arat epb xsaveopt pln pts dtherm tpr_shadow vnmi flexpriority ept vpid fsgsbase smep erms
bogomips	: 4192.97
clflush size	: 64
cache_alignment	: 64
address sizes	: 36 bits physical, 48 bits virtual
power management:

processor	: 5
vendor_id	: GenuineIntel
cpu family	: 6
model		: 58
model name	: Intel(R) Core(TM) i7-3612QM CPU @ 2.10GHz
stepping	: 9
microcode	: 0x12
cpu MHz		: 2562.000
cache size	: 6144 KB
physical id	: 0
siblings	: 8
core id		: 2
cpu cores	: 4
apicid		: 5
initial apicid	: 5
fpu		: yes
fpu_exception	: yes
cpuid level	: 13
wp		: yes
flags		: fpu vme de pse tsc msr pae mce cx8 apic sep mtrr pge mca cmov pat pse36 clflush dts acpi mmx fxsr sse sse2 ss ht tm pbe syscall nx rdtscp lm constant_tsc arch_perfmon pebs bts rep_good nopl xtopology nonstop_tsc aperfmperf eagerfpu pni pclmulqdq dtes64 monitor ds_cpl vmx est tm2 ssse3 cx16 xtpr pdcm pcid sse4_1 sse4_2 x2apic popcnt tsc_deadline_timer aes xsave avx f16c rdrand lahf_lm ida arat epb xsaveopt pln pts dtherm tpr_shadow vnmi flexpriority ept vpid fsgsbase smep erms
bogomips	: 4192.97
clflush size	: 64
cache_alignment	: 64
address sizes	: 36 bits physical, 48 bits virtual
power management:

processor	: 6
vendor_id	: GenuineIntel
cpu family	: 6
model		: 58
model name	: Intel(R) Core(TM) i7-3612QM CPU @ 2.10GHz
stepping	: 9
microcode	: 0x12
cpu MHz		: 2751.000
cache size	: 6144 KB
physical id	: 0
siblings	: 8
core id		: 3
cpu cores	: 4
apicid		: 6
initial apicid	: 6
fpu		: yes
fpu_exception	: yes
cpuid level	: 13
wp		: yes
flags		: fpu vme de pse tsc msr pae mce cx8 apic sep mtrr pge mca cmov pat pse36 clflush dts acpi mmx fxsr sse sse2 ss ht tm pbe syscall nx rdtscp lm constant_tsc arch_perfmon pebs bts rep_good nopl xtopology nonstop_tsc aperfmperf eagerfpu pni pclmulqdq dtes64 monitor ds_cpl vmx est tm2 ssse3 cx16 xtpr pdcm pcid sse4_1 sse4_2 x2apic popcnt tsc_deadline_timer aes xsave avx f16c rdrand lahf_lm ida arat epb xsaveopt pln pts dtherm tpr_shadow vnmi flexpriority ept vpid fsgsbase smep erms
bogomips	: 4192.97
clflush size	: 64
cache_alignment	: 64
address sizes	: 36 bits physical, 48 bits virtual
power management:

processor	: 7
vendor_id	: GenuineIntel
cpu family	: 6
model		: 58
model name	: Intel(R) Core(TM) i7-3612QM CPU @ 2.10GHz
stepping	: 9
microcode	: 0x12
cpu MHz		: 2142.000
cache size	: 6144 KB
physical id	: 0
siblings	: 8
core id		: 3
cpu cores	: 4
apicid		: 7
initial apicid	: 7
fpu		: yes
fpu_exception	: yes
cpuid level	: 13
wp		: yes
flags		: fpu vme de pse tsc msr pae mce cx8 apic sep mtrr pge mca cmov pat pse36 clflush dts acpi mmx fxsr sse sse2 ss ht tm pbe syscall nx rdtscp lm constant_tsc arch_perfmon pebs bts rep_good nopl xtopology nonstop_tsc aperfmperf eagerfpu pni pclmulqdq dtes64 monitor ds_cpl vmx est tm2 ssse3 cx16 xtpr pdcm pcid sse4_1 sse4_2 x2apic popcnt tsc_deadline_timer aes xsave avx f16c rdrand lahf_lm ida arat epb xsaveopt pln pts dtherm tpr_shadow vnmi flexpriority ept vpid fsgsbase smep erms
bogomips	: 4192.97
clflush size	: 64
cache_alignment	: 64
address sizes	: 36 bits physical, 48 bits virtual
power management:



Memory: 4k page, physical 5705148k(3645520k free), swap 0k(0k free)

vm_info: OpenJDK 64-Bit Server VM (24.45-b08) for linux-amd64 JRE (1.7.0_45-b31), built on Oct 21 2013 19:10:26 by "nobody" with gcc 4.8.2

time: Fri Nov 29 13:55:29 2013
elapsed time: 0 seconds

