#
# A fatal error has been detected by the Java Runtime Environment:
#
#  Internal Error (javaClasses.cpp:136), pid=2806, tid=140525953955584
#  fatal error: Invalid layout of preloaded class
#
# JRE version:  (7.0_45-b31) (build )
# Java VM: OpenJDK 64-Bit Server VM (24.45-b08 mixed mode linux-amd64 compressed oops)
# Failed to write core dump. Core dumps have been disabled. To enable core dumping, try "ulimit -c unlimited" before starting Java again
#
# If you would like to submit a bug report, please include
# instructions on how to reproduce the bug and visit:
#   http://icedtea.classpath.org/bugzilla
#

---------------  T H R E A D  ---------------

Current thread (0x00007fceb8008800):  JavaThread "Unknown thread" [_thread_in_vm, id=2811, stack(0x00007fcebf813000,0x00007fcebf914000)]

Stack: [0x00007fcebf813000,0x00007fcebf914000],  sp=0x00007fcebf912950,  free space=1022k
Native frames: (J=compiled Java code, j=interpreted, Vv=VM code, C=native code)
V  [libjvm.so+0x929e55]  JVM_handle_linux_signal+0x177685
V  [libjvm.so+0x47a4b4]  dlerror+0x47a4b4
V  [libjvm.so+0x5d370a]  AsyncGetCallTrace+0xdb7ca
V  [libjvm.so+0x5d3d16]  AsyncGetCallTrace+0xdbdd6
V  [libjvm.so+0x8b09bc]  JVM_handle_linux_signal+0xfe1ec
V  [libjvm.so+0x8fb948]  JVM_handle_linux_signal+0x149178
V  [libjvm.so+0x8fbf54]  JVM_handle_linux_signal+0x149784
V  [libjvm.so+0x58842a]  AsyncGetCallTrace+0x904ea
V  [libjvm.so+0x8df21f]  JVM_handle_linux_signal+0x12ca4f
V  [libjvm.so+0x5f1bd4]  JNI_CreateJavaVM+0x54
C  [libjli.so+0x29b8]  getenv+0x29b8


---------------  P R O C E S S  ---------------

Java Threads: ( => current thread )

Other Threads:

=>0x00007fceb8008800 (exited) JavaThread "Unknown thread" [_thread_in_vm, id=2811, stack(0x00007fcebf813000,0x00007fcebf914000)]

VM state:not at safepoint (not fully initialized)

VM Mutex/Monitor currently owned by a thread: None

GC Heap History (0 events):
No events

Deoptimization events (0 events):
No events

Internal exceptions (0 events):
No events

Events (10 events):
Event: 0.005 loading class 0x00007fcebc02d6f0 done
Event: 0.005 loading class 0x00007fcebc02d110 done
Event: 0.005 loading class 0x00007fcebc02d0f0
Event: 0.005 loading class 0x00007fcebc035130
Event: 0.005 loading class 0x00007fcebc035130 done
Event: 0.005 loading class 0x00007fcebc035160
Event: 0.005 loading class 0x00007fcebc035160 done
Event: 0.005 loading class 0x00007fcebc035190
Event: 0.005 loading class 0x00007fcebc035190 done
Event: 0.005 loading class 0x00007fcebc02d0f0 done


Dynamic libraries:
00400000-00401000 r-xp 00000000 08:02 1716182                            /usr/lib/jvm/java-7-openjdk/jre/bin/java
00600000-00601000 rw-p 00000000 08:02 1716182                            /usr/lib/jvm/java-7-openjdk/jre/bin/java
022f2000-02313000 rw-p 00000000 00:00 0                                  [heap]
9e800000-9fd00000 rw-p 00000000 00:00 0 
9fd00000-a8e00000 rw-p 00000000 00:00 0 
a8e00000-ac800000 rw-p 00000000 00:00 0 
ac800000-e2f00000 rw-p 00000000 00:00 0 
e2f00000-e4c00000 rw-p 00000000 00:00 0 
e4c00000-100000000 rw-p 00000000 00:00 0 
7fce90f40000-7fce94000000 rw-p 00000000 00:00 0 
7fce94000000-7fce94021000 rw-p 00000000 00:00 0 
7fce94021000-7fce98000000 ---p 00000000 00:00 0 
7fce98000000-7fce98021000 rw-p 00000000 00:00 0 
7fce98021000-7fce9c000000 ---p 00000000 00:00 0 
7fce9c000000-7fce9c021000 rw-p 00000000 00:00 0 
7fce9c021000-7fcea0000000 ---p 00000000 00:00 0 
7fcea0000000-7fcea0021000 rw-p 00000000 00:00 0 
7fcea0021000-7fcea4000000 ---p 00000000 00:00 0 
7fcea4000000-7fcea4021000 rw-p 00000000 00:00 0 
7fcea4021000-7fcea8000000 ---p 00000000 00:00 0 
7fcea8000000-7fcea8021000 rw-p 00000000 00:00 0 
7fcea8021000-7fceac000000 ---p 00000000 00:00 0 
7fceac000000-7fceac021000 rw-p 00000000 00:00 0 
7fceac021000-7fceb0000000 ---p 00000000 00:00 0 
7fceb0000000-7fceb0021000 rw-p 00000000 00:00 0 
7fceb0021000-7fceb4000000 ---p 00000000 00:00 0 
7fceb48a4000-7fceb497b000 r--s 013f2000 08:02 3158886                    /opt/android-sdk/platforms/android-19/android.jar
7fceb497b000-7fceb4cfd000 rw-p 00000000 00:00 0 
7fceb4cfd000-7fceb4cfe000 ---p 00000000 00:00 0 
7fceb4cfe000-7fceb4dfe000 rw-p 00000000 00:00 0                          [stack:2819]
7fceb4dfe000-7fceb4dff000 ---p 00000000 00:00 0 
7fceb4dff000-7fceb4eff000 rw-p 00000000 00:00 0                          [stack:2818]
7fceb4eff000-7fceb4f00000 ---p 00000000 00:00 0 
7fceb4f00000-7fceb5000000 rw-p 00000000 00:00 0                          [stack:2817]
7fceb5000000-7fceb5270000 rwxp 00000000 00:00 0 
7fceb5270000-7fceb805c000 rw-p 00000000 00:00 0 
7fceb805c000-7fcebc000000 ---p 00000000 00:00 0 
7fcebc006000-7fcebc0b0000 rw-p 00000000 00:00 0 
7fcebc0b0000-7fcebc0b1000 ---p 00000000 00:00 0 
7fcebc0b1000-7fcebc1b1000 rw-p 00000000 00:00 0                          [stack:2816]
7fcebc1b1000-7fcebc1b2000 ---p 00000000 00:00 0 
7fcebc1b2000-7fcebc2b2000 rw-p 00000000 00:00 0                          [stack:2815]
7fcebc2b2000-7fcebc2b3000 ---p 00000000 00:00 0 
7fcebc2b3000-7fcebc3b3000 rw-p 00000000 00:00 0                          [stack:2814]
7fcebc3b3000-7fcebc3b4000 ---p 00000000 00:00 0 
7fcebc3b4000-7fcebc4b4000 rw-p 00000000 00:00 0                          [stack:2813]
7fcebc4b4000-7fcebc4b5000 ---p 00000000 00:00 0 
7fcebc4b5000-7fcebc5c0000 rw-p 00000000 00:00 0                          [stack:2812]
7fcebc5c0000-7fcebc608000 rw-p 00000000 00:00 0 
7fcebc608000-7fcebc625000 rw-p 00000000 00:00 0 
7fcebc625000-7fcebc7d9000 rw-p 00000000 00:00 0 
7fcebc7d9000-7fcebc7e4000 rw-p 00000000 00:00 0 
7fcebc7e4000-7fcebc82c000 rw-p 00000000 00:00 0 
7fcebc82c000-7fcebc849000 rw-p 00000000 00:00 0 
7fcebc849000-7fcebc9fc000 rw-p 00000000 00:00 0 
7fcebc9fc000-7fcebca0b000 rw-p 00000000 00:00 0 
7fcebca0b000-7fcebcae5000 rw-p 00000000 00:00 0 
7fcebcae5000-7fcebcae6000 rw-p 00000000 00:00 0 
7fcebcae6000-7fcebcaee000 r-xp 00000000 08:02 1716148                    /usr/lib/jvm/java-7-openjdk/jre/lib/amd64/libzip.so
7fcebcaee000-7fcebcced000 ---p 00008000 08:02 1716148                    /usr/lib/jvm/java-7-openjdk/jre/lib/amd64/libzip.so
7fcebcced000-7fcebccee000 rw-p 00007000 08:02 1716148                    /usr/lib/jvm/java-7-openjdk/jre/lib/amd64/libzip.so
7fcebccee000-7fcebccf9000 r-xp 00000000 08:02 1576038                    /usr/lib/libnss_files-2.18.so
7fcebccf9000-7fcebcef9000 ---p 0000b000 08:02 1576038                    /usr/lib/libnss_files-2.18.so
7fcebcef9000-7fcebcefa000 r--p 0000b000 08:02 1576038                    /usr/lib/libnss_files-2.18.so
7fcebcefa000-7fcebcefb000 rw-p 0000c000 08:02 1576038                    /usr/lib/libnss_files-2.18.so
7fcebcefb000-7fcebcf26000 r-xp 00000000 08:02 1716147                    /usr/lib/jvm/java-7-openjdk/jre/lib/amd64/libjava.so
7fcebcf26000-7fcebd126000 ---p 0002b000 08:02 1716147                    /usr/lib/jvm/java-7-openjdk/jre/lib/amd64/libjava.so
7fcebd126000-7fcebd128000 rw-p 0002b000 08:02 1716147                    /usr/lib/jvm/java-7-openjdk/jre/lib/amd64/libjava.so
7fcebd128000-7fcebd135000 r-xp 00000000 08:02 1716146                    /usr/lib/jvm/java-7-openjdk/jre/lib/amd64/libverify.so
7fcebd135000-7fcebd334000 ---p 0000d000 08:02 1716146                    /usr/lib/jvm/java-7-openjdk/jre/lib/amd64/libverify.so
7fcebd334000-7fcebd336000 rw-p 0000c000 08:02 1716146                    /usr/lib/jvm/java-7-openjdk/jre/lib/amd64/libverify.so
7fcebd336000-7fcebd33d000 r-xp 00000000 08:02 1576197                    /usr/lib/librt-2.18.so
7fcebd33d000-7fcebd53c000 ---p 00007000 08:02 1576197                    /usr/lib/librt-2.18.so
7fcebd53c000-7fcebd53d000 r--p 00006000 08:02 1576197                    /usr/lib/librt-2.18.so
7fcebd53d000-7fcebd53e000 rw-p 00007000 08:02 1576197                    /usr/lib/librt-2.18.so
7fcebd53e000-7fcebd553000 r-xp 00000000 08:02 1579220                    /usr/lib/libgcc_s.so.1
7fcebd553000-7fcebd753000 ---p 00015000 08:02 1579220                    /usr/lib/libgcc_s.so.1
7fcebd753000-7fcebd754000 rw-p 00015000 08:02 1579220                    /usr/lib/libgcc_s.so.1
7fcebd754000-7fcebd856000 r-xp 00000000 08:02 1576140                    /usr/lib/libm-2.18.so
7fcebd856000-7fcebda55000 ---p 00102000 08:02 1576140                    /usr/lib/libm-2.18.so
7fcebda55000-7fcebda56000 r--p 00101000 08:02 1576140                    /usr/lib/libm-2.18.so
7fcebda56000-7fcebda57000 rw-p 00102000 08:02 1576140                    /usr/lib/libm-2.18.so
7fcebda57000-7fcebdb3d000 r-xp 00000000 08:02 1579213                    /usr/lib/libstdc++.so.6.0.18
7fcebdb3d000-7fcebdd3c000 ---p 000e6000 08:02 1579213                    /usr/lib/libstdc++.so.6.0.18
7fcebdd3c000-7fcebdd44000 r--p 000e5000 08:02 1579213                    /usr/lib/libstdc++.so.6.0.18
7fcebdd44000-7fcebdd46000 rw-p 000ed000 08:02 1579213                    /usr/lib/libstdc++.so.6.0.18
7fcebdd46000-7fcebdd5b000 rw-p 00000000 00:00 0 
7fcebdd5b000-7fcebe84e000 r-xp 00000000 08:02 1716181                    /usr/lib/jvm/java-7-openjdk/jre/lib/amd64/server/libjvm.so
7fcebe84e000-7fcebea4e000 ---p 00af3000 08:02 1716181                    /usr/lib/jvm/java-7-openjdk/jre/lib/amd64/server/libjvm.so
7fcebea4e000-7fcebeb09000 rw-p 00af3000 08:02 1716181                    /usr/lib/jvm/java-7-openjdk/jre/lib/amd64/server/libjvm.so
7fcebeb09000-7fcebeb36000 rw-p 00000000 00:00 0 
7fcebeb36000-7fcebeb4b000 r-xp 00000000 08:02 1579260                    /usr/lib/libz.so.1.2.8
7fcebeb4b000-7fcebed4a000 ---p 00015000 08:02 1579260                    /usr/lib/libz.so.1.2.8
7fcebed4a000-7fcebed4b000 r--p 00014000 08:02 1579260                    /usr/lib/libz.so.1.2.8
7fcebed4b000-7fcebed4c000 rw-p 00015000 08:02 1579260                    /usr/lib/libz.so.1.2.8
7fcebed4c000-7fcebeeed000 r-xp 00000000 08:02 1576141                    /usr/lib/libc-2.18.so
7fcebeeed000-7fcebf0ed000 ---p 001a1000 08:02 1576141                    /usr/lib/libc-2.18.so
7fcebf0ed000-7fcebf0f1000 r--p 001a1000 08:02 1576141                    /usr/lib/libc-2.18.so
7fcebf0f1000-7fcebf0f3000 rw-p 001a5000 08:02 1576141                    /usr/lib/libc-2.18.so
7fcebf0f3000-7fcebf0f7000 rw-p 00000000 00:00 0 
7fcebf0f7000-7fcebf0fa000 r-xp 00000000 08:02 1576198                    /usr/lib/libdl-2.18.so
7fcebf0fa000-7fcebf2f9000 ---p 00003000 08:02 1576198                    /usr/lib/libdl-2.18.so
7fcebf2f9000-7fcebf2fa000 r--p 00002000 08:02 1576198                    /usr/lib/libdl-2.18.so
7fcebf2fa000-7fcebf2fb000 rw-p 00003000 08:02 1576198                    /usr/lib/libdl-2.18.so
7fcebf2fb000-7fcebf308000 r-xp 00000000 08:02 1716176                    /usr/lib/jvm/java-7-openjdk/jre/lib/amd64/jli/libjli.so
7fcebf308000-7fcebf507000 ---p 0000d000 08:02 1716176                    /usr/lib/jvm/java-7-openjdk/jre/lib/amd64/jli/libjli.so
7fcebf507000-7fcebf508000 rw-p 0000c000 08:02 1716176                    /usr/lib/jvm/java-7-openjdk/jre/lib/amd64/jli/libjli.so
7fcebf508000-7fcebf520000 r-xp 00000000 08:02 1576079                    /usr/lib/libpthread-2.18.so
7fcebf520000-7fcebf720000 ---p 00018000 08:02 1576079                    /usr/lib/libpthread-2.18.so
7fcebf720000-7fcebf721000 r--p 00018000 08:02 1576079                    /usr/lib/libpthread-2.18.so
7fcebf721000-7fcebf722000 rw-p 00019000 08:02 1576079                    /usr/lib/libpthread-2.18.so
7fcebf722000-7fcebf726000 rw-p 00000000 00:00 0 
7fcebf726000-7fcebf746000 r-xp 00000000 08:02 1576113                    /usr/lib/ld-2.18.so
7fcebf753000-7fcebf75d000 rw-p 00000000 00:00 0 
7fcebf75d000-7fcebf813000 rw-p 00000000 00:00 0 
7fcebf813000-7fcebf816000 ---p 00000000 00:00 0 
7fcebf816000-7fcebf918000 rw-p 00000000 00:00 0                          [stack:2811]
7fcebf919000-7fcebf93a000 rw-p 00000000 00:00 0 
7fcebf93a000-7fcebf942000 rw-s 00000000 00:1d 29040                      /tmp/hsperfdata_kyle/2806
7fcebf942000-7fcebf943000 rw-p 00000000 00:00 0 
7fcebf943000-7fcebf944000 r--p 00000000 00:00 0 
7fcebf944000-7fcebf945000 rw-p 00000000 00:00 0 
7fcebf945000-7fcebf946000 r--p 0001f000 08:02 1576113                    /usr/lib/ld-2.18.so
7fcebf946000-7fcebf947000 rw-p 00020000 08:02 1576113                    /usr/lib/ld-2.18.so
7fcebf947000-7fcebf948000 rw-p 00000000 00:00 0 
7fff9b106000-7fff9b127000 rw-p 00000000 00:00 0                          [stack]
7fff9b134000-7fff9b136000 r-xp 00000000 00:00 0                          [vdso]
ffffffffff600000-ffffffffff601000 r-xp 00000000 00:00 0                  [vsyscall]

VM Arguments:
jvm_args: -Dfile.encoding=ANSI_X3.4-1968 -Xbootclasspath:/opt/android-sdk/platforms/android-19/android.jar 
java_command: edu.purdue.SafeWalk.Requester
Launcher Type: SUN_STANDARD

Environment Variables:
JAVA_HOME=/usr/lib/jvm/java-7-openjdk
PATH=/usr/local/sbin:/usr/local/bin:/usr/bin:/opt/android-sdk/build-tools/18.1.1/:/opt/android-sdk/platform-tools:/opt/android-sdk/tools:/usr/bin/vendor_perl:/usr/bin/core_perl
SHELL=/bin/bash
DISPLAY=:0

Signal Handlers:
SIGSEGV: [libjvm.so+0x92a940], sa_mask[0]=0x7ffbfeff, sa_flags=0x10000004
SIGBUS: [libjvm.so+0x92a940], sa_mask[0]=0x7ffbfeff, sa_flags=0x10000004
SIGFPE: [libjvm.so+0x7a82f0], sa_mask[0]=0x7ffbfeff, sa_flags=0x10000004
SIGPIPE: [libjvm.so+0x7a82f0], sa_mask[0]=0x7ffbfeff, sa_flags=0x10000004
SIGXFSZ: [libjvm.so+0x7a82f0], sa_mask[0]=0x7ffbfeff, sa_flags=0x10000004
SIGILL: [libjvm.so+0x7a82f0], sa_mask[0]=0x7ffbfeff, sa_flags=0x10000004
SIGUSR1: SIG_IGN, sa_mask[0]=0x00000000, sa_flags=0x00000000
SIGUSR2: [libjvm.so+0x7a8190], sa_mask[0]=0x00000004, sa_flags=0x10000004
SIGHUP: SIG_DFL, sa_mask[0]=0x00000000, sa_flags=0x00000000
SIGINT: SIG_DFL, sa_mask[0]=0x00000000, sa_flags=0x00000000
SIGTERM: SIG_DFL, sa_mask[0]=0x00000000, sa_flags=0x00000000
SIGQUIT: SIG_DFL, sa_mask[0]=0x00000000, sa_flags=0x00000000


---------------  S Y S T E M  ---------------

OS:Linux
uname:Linux 3.11.6-1-ARCH #1 SMP PREEMPT Fri Oct 18 23:22:36 CEST 2013 x86_64
libc:glibc 2.18 NPTL 2.18 
rlimit: STACK 8192k, CORE 0k, NPROC 44526, NOFILE 4096, AS infinity
load average:0.33 0.23 0.24

/proc/meminfo:
MemTotal:        5705148 kB
MemFree:         4077180 kB
Buffers:           59744 kB
Cached:           568936 kB
SwapCached:            0 kB
Active:          1008344 kB
Inactive:         455788 kB
Active(anon):     840152 kB
Inactive(anon):    50300 kB
Active(file):     168192 kB
Inactive(file):   405488 kB
Unevictable:           0 kB
Mlocked:               0 kB
SwapTotal:             0 kB
SwapFree:              0 kB
Dirty:               136 kB
Writeback:             0 kB
AnonPages:        831716 kB
Mapped:           154232 kB
Shmem:             55008 kB
Slab:              58480 kB
SReclaimable:      38652 kB
SUnreclaim:        19828 kB
KernelStack:        2368 kB
PageTables:        17000 kB
NFS_Unstable:          0 kB
Bounce:                0 kB
WritebackTmp:          0 kB
CommitLimit:     2852572 kB
Committed_AS:    2186232 kB
VmallocTotal:   34359738367 kB
VmallocUsed:      366524 kB
VmallocChunk:   34359353308 kB
HardwareCorrupted:     0 kB
AnonHugePages:    401408 kB
HugePages_Total:       0
HugePages_Free:        0
HugePages_Rsvd:        0
HugePages_Surp:        0
Hugepagesize:       2048 kB
DirectMap4k:       12568 kB
DirectMap2M:     5863424 kB


CPU:total 8 (4 cores per cpu, 2 threads per core) family 6 model 58 stepping 9, cmov, cx8, fxsr, mmx, sse, sse2, sse3, ssse3, sse4.1, sse4.2, popcnt, avx, aes, erms, ht, tsc, tscinvbit, tscinv

/proc/cpuinfo:
processor	: 0
vendor_id	: GenuineIntel
cpu family	: 6
model		: 58
model name	: Intel(R) Core(TM) i7-3612QM CPU @ 2.10GHz
stepping	: 9
microcode	: 0x12
cpu MHz		: 2961.000
cache size	: 6144 KB
physical id	: 0
siblings	: 8
core id		: 0
cpu cores	: 4
apicid		: 0
initial apicid	: 0
fpu		: yes
fpu_exception	: yes
cpuid level	: 13
wp		: yes
flags		: fpu vme de pse tsc msr pae mce cx8 apic sep mtrr pge mca cmov pat pse36 clflush dts acpi mmx fxsr sse sse2 ss ht tm pbe syscall nx rdtscp lm constant_tsc arch_perfmon pebs bts rep_good nopl xtopology nonstop_tsc aperfmperf eagerfpu pni pclmulqdq dtes64 monitor ds_cpl vmx est tm2 ssse3 cx16 xtpr pdcm pcid sse4_1 sse4_2 x2apic popcnt tsc_deadline_timer aes xsave avx f16c rdrand lahf_lm ida arat epb xsaveopt pln pts dtherm tpr_shadow vnmi flexpriority ept vpid fsgsbase smep erms
bogomips	: 4192.92
clflush size	: 64
cache_alignment	: 64
address sizes	: 36 bits physical, 48 bits virtual
power management:

processor	: 1
vendor_id	: GenuineIntel
cpu family	: 6
model		: 58
model name	: Intel(R) Core(TM) i7-3612QM CPU @ 2.10GHz
stepping	: 9
microcode	: 0x12
cpu MHz		: 2961.000
cache size	: 6144 KB
physical id	: 0
siblings	: 8
core id		: 0
cpu cores	: 4
apicid		: 1
initial apicid	: 1
fpu		: yes
fpu_exception	: yes
cpuid level	: 13
wp		: yes
flags		: fpu vme de pse tsc msr pae mce cx8 apic sep mtrr pge mca cmov pat pse36 clflush dts acpi mmx fxsr sse sse2 ss ht tm pbe syscall nx rdtscp lm constant_tsc arch_perfmon pebs bts rep_good nopl xtopology nonstop_tsc aperfmperf eagerfpu pni pclmulqdq dtes64 monitor ds_cpl vmx est tm2 ssse3 cx16 xtpr pdcm pcid sse4_1 sse4_2 x2apic popcnt tsc_deadline_timer aes xsave avx f16c rdrand lahf_lm ida arat epb xsaveopt pln pts dtherm tpr_shadow vnmi flexpriority ept vpid fsgsbase smep erms
bogomips	: 4192.92
clflush size	: 64
cache_alignment	: 64
address sizes	: 36 bits physical, 48 bits virtual
power management:

processor	: 2
vendor_id	: GenuineIntel
cpu family	: 6
model		: 58
model name	: Intel(R) Core(TM) i7-3612QM CPU @ 2.10GHz
stepping	: 9
microcode	: 0x12
cpu MHz		: 2814.000
cache size	: 6144 KB
physical id	: 0
siblings	: 8
core id		: 1
cpu cores	: 4
apicid		: 2
initial apicid	: 2
fpu		: yes
fpu_exception	: yes
cpuid level	: 13
wp		: yes
flags		: fpu vme de pse tsc msr pae mce cx8 apic sep mtrr pge mca cmov pat pse36 clflush dts acpi mmx fxsr sse sse2 ss ht tm pbe syscall nx rdtscp lm constant_tsc arch_perfmon pebs bts rep_good nopl xtopology nonstop_tsc aperfmperf eagerfpu pni pclmulqdq dtes64 monitor ds_cpl vmx est tm2 ssse3 cx16 xtpr pdcm pcid sse4_1 sse4_2 x2apic popcnt tsc_deadline_timer aes xsave avx f16c rdrand lahf_lm ida arat epb xsaveopt pln pts dtherm tpr_shadow vnmi flexpriority ept vpid fsgsbase smep erms
bogomips	: 4192.92
clflush size	: 64
cache_alignment	: 64
address sizes	: 36 bits physical, 48 bits virtual
power management:

processor	: 3
vendor_id	: GenuineIntel
cpu family	: 6
model		: 58
model name	: Intel(R) Core(TM) i7-3612QM CPU @ 2.10GHz
stepping	: 9
microcode	: 0x12
cpu MHz		: 2688.000
cache size	: 6144 KB
physical id	: 0
siblings	: 8
core id		: 1
cpu cores	: 4
apicid		: 3
initial apicid	: 3
fpu		: yes
fpu_exception	: yes
cpuid level	: 13
wp		: yes
flags		: fpu vme de pse tsc msr pae mce cx8 apic sep mtrr pge mca cmov pat pse36 clflush dts acpi mmx fxsr sse sse2 ss ht tm pbe syscall nx rdtscp lm constant_tsc arch_perfmon pebs bts rep_good nopl xtopology nonstop_tsc aperfmperf eagerfpu pni pclmulqdq dtes64 monitor ds_cpl vmx est tm2 ssse3 cx16 xtpr pdcm pcid sse4_1 sse4_2 x2apic popcnt tsc_deadline_timer aes xsave avx f16c rdrand lahf_lm ida arat epb xsaveopt pln pts dtherm tpr_shadow vnmi flexpriority ept vpid fsgsbase smep erms
bogomips	: 4192.92
clflush size	: 64
cache_alignment	: 64
address sizes	: 36 bits physical, 48 bits virtual
power management:

processor	: 4
vendor_id	: GenuineIntel
cpu family	: 6
model		: 58
model name	: Intel(R) Core(TM) i7-3612QM CPU @ 2.10GHz
stepping	: 9
microcode	: 0x12
cpu MHz		: 2520.000
cache size	: 6144 KB
physical id	: 0
siblings	: 8
core id		: 2
cpu cores	: 4
apicid		: 4
initial apicid	: 4
fpu		: yes
fpu_exception	: yes
cpuid level	: 13
wp		: yes
flags		: fpu vme de pse tsc msr pae mce cx8 apic sep mtrr pge mca cmov pat pse36 clflush dts acpi mmx fxsr sse sse2 ss ht tm pbe syscall nx rdtscp lm constant_tsc arch_perfmon pebs bts rep_good nopl xtopology nonstop_tsc aperfmperf eagerfpu pni pclmulqdq dtes64 monitor ds_cpl vmx est tm2 ssse3 cx16 xtpr pdcm pcid sse4_1 sse4_2 x2apic popcnt tsc_deadline_timer aes xsave avx f16c rdrand lahf_lm ida arat epb xsaveopt pln pts dtherm tpr_shadow vnmi flexpriority ept vpid fsgsbase smep erms
bogomips	: 4192.92
clflush size	: 64
cache_alignment	: 64
address sizes	: 36 bits physical, 48 bits virtual
power management:

processor	: 5
vendor_id	: GenuineIntel
cpu family	: 6
model		: 58
model name	: Intel(R) Core(TM) i7-3612QM CPU @ 2.10GHz
stepping	: 9
microcode	: 0x12
cpu MHz		: 2562.000
cache size	: 6144 KB
physical id	: 0
siblings	: 8
core id		: 2
cpu cores	: 4
apicid		: 5
initial apicid	: 5
fpu		: yes
fpu_exception	: yes
cpuid level	: 13
wp		: yes
flags		: fpu vme de pse tsc msr pae mce cx8 apic sep mtrr pge mca cmov pat pse36 clflush dts acpi mmx fxsr sse sse2 ss ht tm pbe syscall nx rdtscp lm constant_tsc arch_perfmon pebs bts rep_good nopl xtopology nonstop_tsc aperfmperf eagerfpu pni pclmulqdq dtes64 monitor ds_cpl vmx est tm2 ssse3 cx16 xtpr pdcm pcid sse4_1 sse4_2 x2apic popcnt tsc_deadline_timer aes xsave avx f16c rdrand lahf_lm ida arat epb xsaveopt pln pts dtherm tpr_shadow vnmi flexpriority ept vpid fsgsbase smep erms
bogomips	: 4192.92
clflush size	: 64
cache_alignment	: 64
address sizes	: 36 bits physical, 48 bits virtual
power management:

processor	: 6
vendor_id	: GenuineIntel
cpu family	: 6
model		: 58
model name	: Intel(R) Core(TM) i7-3612QM CPU @ 2.10GHz
stepping	: 9
microcode	: 0x12
cpu MHz		: 2835.000
cache size	: 6144 KB
physical id	: 0
siblings	: 8
core id		: 3
cpu cores	: 4
apicid		: 6
initial apicid	: 6
fpu		: yes
fpu_exception	: yes
cpuid level	: 13
wp		: yes
flags		: fpu vme de pse tsc msr pae mce cx8 apic sep mtrr pge mca cmov pat pse36 clflush dts acpi mmx fxsr sse sse2 ss ht tm pbe syscall nx rdtscp lm constant_tsc arch_perfmon pebs bts rep_good nopl xtopology nonstop_tsc aperfmperf eagerfpu pni pclmulqdq dtes64 monitor ds_cpl vmx est tm2 ssse3 cx16 xtpr pdcm pcid sse4_1 sse4_2 x2apic popcnt tsc_deadline_timer aes xsave avx f16c rdrand lahf_lm ida arat epb xsaveopt pln pts dtherm tpr_shadow vnmi flexpriority ept vpid fsgsbase smep erms
bogomips	: 4192.92
clflush size	: 64
cache_alignment	: 64
address sizes	: 36 bits physical, 48 bits virtual
power management:

processor	: 7
vendor_id	: GenuineIntel
cpu family	: 6
model		: 58
model name	: Intel(R) Core(TM) i7-3612QM CPU @ 2.10GHz
stepping	: 9
microcode	: 0x12
cpu MHz		: 2793.000
cache size	: 6144 KB
physical id	: 0
siblings	: 8
core id		: 3
cpu cores	: 4
apicid		: 7
initial apicid	: 7
fpu		: yes
fpu_exception	: yes
cpuid level	: 13
wp		: yes
flags		: fpu vme de pse tsc msr pae mce cx8 apic sep mtrr pge mca cmov pat pse36 clflush dts acpi mmx fxsr sse sse2 ss ht tm pbe syscall nx rdtscp lm constant_tsc arch_perfmon pebs bts rep_good nopl xtopology nonstop_tsc aperfmperf eagerfpu pni pclmulqdq dtes64 monitor ds_cpl vmx est tm2 ssse3 cx16 xtpr pdcm pcid sse4_1 sse4_2 x2apic popcnt tsc_deadline_timer aes xsave avx f16c rdrand lahf_lm ida arat epb xsaveopt pln pts dtherm tpr_shadow vnmi flexpriority ept vpid fsgsbase smep erms
bogomips	: 4192.92
clflush size	: 64
cache_alignment	: 64
address sizes	: 36 bits physical, 48 bits virtual
power management:



Memory: 4k page, physical 5705148k(4077180k free), swap 0k(0k free)

vm_info: OpenJDK 64-Bit Server VM (24.45-b08) for linux-amd64 JRE (1.7.0_45-b31), built on Oct 21 2013 19:10:26 by "nobody" with gcc 4.8.2

time: Tue Dec  3 17:22:10 2013
elapsed time: 0 seconds

